<?xml version="1.0" encoding="UTF-8"?>
<coverage generated="1724598463302" clover="3.2.0">
  <project timestamp="1724598463302" name="All files">
    <metrics statements="584" coveredstatements="584" conditionals="600" coveredconditionals="543" methods="130" coveredmethods="130" elements="1314" coveredelements="1257" complexity="0" loc="584" ncloc="584" packages="2" files="49" classes="49"/>
    <package name="src">
      <metrics statements="516" coveredstatements="516" conditionals="549" coveredconditionals="498" methods="118" coveredmethods="118"/>
      <file name="argument-invalid-error.mjs" path="/Users/zane/playground/standard-error-set/src/argument-invalid-error.mjs">
        <metrics statements="29" coveredstatements="29" conditionals="28" coveredconditionals="27" methods="4" coveredmethods="4"/>
        <line num="2" count="9" type="stmt"/>
        <line num="3" count="1530" type="cond" truecount="3" falsecount="0"/>
        <line num="5" count="9" type="stmt"/>
        <line num="17" count="9" type="stmt"/>
        <line num="45" count="118" type="cond" truecount="10" falsecount="0"/>
        <line num="46" count="59" type="cond" truecount="2" falsecount="0"/>
        <line num="48" count="18" type="stmt"/>
        <line num="51" count="9" type="stmt"/>
        <line num="53" count="9" type="stmt"/>
        <line num="55" count="54" type="stmt"/>
        <line num="56" count="54" type="stmt"/>
        <line num="57" count="54" type="cond" truecount="1" falsecount="0"/>
        <line num="58" count="9" type="cond" truecount="2" falsecount="0"/>
        <line num="60" count="54" type="cond" truecount="1" falsecount="0"/>
        <line num="61" count="18" type="cond" truecount="2" falsecount="0"/>
        <line num="63" count="54" type="stmt"/>
        <line num="64" count="54" type="cond" truecount="1" falsecount="0"/>
        <line num="65" count="21" type="stmt"/>
        <line num="67" count="54" type="cond" truecount="1" falsecount="0"/>
        <line num="68" count="5" type="stmt"/>
        <line num="70" count="54" type="cond" truecount="1" falsecount="0"/>
        <line num="71" count="13" type="stmt"/>
        <line num="72" count="13" type="cond" truecount="2" falsecount="0"/>
        <line num="73" count="1" type="stmt"/>
        <line num="76" count="12" type="stmt"/>
        <line num="77" count="12" type="cond" truecount="1" falsecount="1"/>
        <line num="78" count="12" type="stmt"/>
        <line num="83" count="54" type="stmt"/>
        <line num="85" count="54" type="stmt"/>
      </file>
      <file name="argument-missing-error.mjs" path="/Users/zane/playground/standard-error-set/src/argument-missing-error.mjs">
        <metrics statements="8" coveredstatements="8" conditionals="11" coveredconditionals="10" methods="3" coveredmethods="3"/>
        <line num="2" count="3" type="stmt"/>
        <line num="3" count="113" type="cond" truecount="3" falsecount="0"/>
        <line num="5" count="3" type="stmt"/>
        <line num="17" count="3" type="stmt"/>
        <line num="44" count="16" type="cond" truecount="7" falsecount="1"/>
        <line num="46" count="6" type="stmt"/>
        <line num="49" count="3" type="stmt"/>
        <line num="51" count="3" type="stmt"/>
      </file>
      <file name="argument-out-of-range-error.mjs" path="/Users/zane/playground/standard-error-set/src/argument-out-of-range-error.mjs">
        <metrics statements="26" coveredstatements="26" conditionals="27" coveredconditionals="25" methods="4" coveredmethods="4"/>
        <line num="2" count="4" type="stmt"/>
        <line num="3" count="205" type="cond" truecount="3" falsecount="0"/>
        <line num="5" count="4" type="stmt"/>
        <line num="16" count="4" type="stmt"/>
        <line num="50" count="28" type="cond" truecount="6" falsecount="2"/>
        <line num="51" count="14" type="stmt"/>
        <line num="52" count="14" type="stmt"/>
        <line num="53" count="8" type="stmt"/>
        <line num="56" count="4" type="stmt"/>
        <line num="58" count="4" type="stmt"/>
        <line num="60" count="14" type="stmt"/>
        <line num="61" count="14" type="stmt"/>
        <line num="62" count="14" type="cond" truecount="5" falsecount="0"/>
        <line num="63" count="4" type="stmt"/>
        <line num="65" count="4" type="cond" truecount="2" falsecount="0"/>
        <line num="66" count="1" type="stmt"/>
        <line num="68" count="3" type="cond" truecount="1" falsecount="0"/>
        <line num="69" count="1" type="stmt"/>
        <line num="72" count="4" type="cond" truecount="5" falsecount="0"/>
        <line num="73" count="1" type="stmt"/>
        <line num="76" count="4" type="cond" truecount="2" falsecount="0"/>
        <line num="77" count="2" type="stmt"/>
        <line num="79" count="2" type="cond" truecount="1" falsecount="0"/>
        <line num="80" count="1" type="stmt"/>
        <line num="83" count="4" type="stmt"/>
        <line num="86" count="14" type="stmt"/>
      </file>
      <file name="argument-type-error.mjs" path="/Users/zane/playground/standard-error-set/src/argument-type-error.mjs">
        <metrics statements="14" coveredstatements="14" conditionals="12" coveredconditionals="11" methods="4" coveredmethods="4"/>
        <line num="2" count="4" type="stmt"/>
        <line num="3" count="159" type="cond" truecount="3" falsecount="0"/>
        <line num="5" count="4" type="stmt"/>
        <line num="16" count="4" type="stmt"/>
        <line num="43" count="22" type="cond" truecount="7" falsecount="1"/>
        <line num="44" count="11" type="stmt"/>
        <line num="45" count="11" type="stmt"/>
        <line num="46" count="8" type="stmt"/>
        <line num="49" count="4" type="stmt"/>
        <line num="51" count="4" type="stmt"/>
        <line num="53" count="11" type="stmt"/>
        <line num="54" count="11" type="cond" truecount="1" falsecount="0"/>
        <line num="55" count="2" type="stmt"/>
        <line num="58" count="9" type="stmt"/>
      </file>
      <file name="auth-error.mjs" path="/Users/zane/playground/standard-error-set/src/auth-error.mjs">
        <metrics statements="10" coveredstatements="10" conditionals="15" coveredconditionals="13" methods="3" coveredmethods="3"/>
        <line num="2" count="8" type="stmt"/>
        <line num="3" count="8" type="stmt"/>
        <line num="4" count="633" type="cond" truecount="3" falsecount="0"/>
        <line num="6" count="8" type="stmt"/>
        <line num="17" count="8" type="stmt"/>
        <line num="28" count="68" type="cond" truecount="8" falsecount="2"/>
        <line num="29" count="34" type="cond" truecount="2" falsecount="0"/>
        <line num="31" count="16" type="stmt"/>
        <line num="34" count="8" type="stmt"/>
        <line num="36" count="8" type="stmt"/>
      </file>
      <file name="authentication-required-error.mjs" path="/Users/zane/playground/standard-error-set/src/authentication-required-error.mjs">
        <metrics statements="8" coveredstatements="8" conditionals="13" coveredconditionals="12" methods="3" coveredmethods="3"/>
        <line num="2" count="3" type="stmt"/>
        <line num="3" count="70" type="cond" truecount="3" falsecount="0"/>
        <line num="5" count="3" type="stmt"/>
        <line num="11" count="3" type="stmt"/>
        <line num="27" count="10" type="cond" truecount="9" falsecount="1"/>
        <line num="29" count="6" type="stmt"/>
        <line num="32" count="3" type="stmt"/>
        <line num="34" count="3" type="stmt"/>
      </file>
      <file name="authorization-conditions-not-met-error.mjs" path="/Users/zane/playground/standard-error-set/src/authorization-conditions-not-met-error.mjs">
        <metrics statements="17" coveredstatements="17" conditionals="15" coveredconditionals="14" methods="4" coveredmethods="4"/>
        <line num="2" count="3" type="stmt"/>
        <line num="3" count="127" type="cond" truecount="3" falsecount="0"/>
        <line num="5" count="3" type="stmt"/>
        <line num="18" count="3" type="stmt"/>
        <line num="46" count="10" type="cond" truecount="7" falsecount="1"/>
        <line num="47" count="5" type="cond" truecount="2" falsecount="0"/>
        <line num="49" count="6" type="stmt"/>
        <line num="52" count="3" type="stmt"/>
        <line num="54" count="3" type="stmt"/>
        <line num="56" count="5" type="stmt"/>
        <line num="57" count="5" type="stmt"/>
        <line num="58" count="5" type="cond" truecount="1" falsecount="0"/>
        <line num="59" count="2" type="stmt"/>
        <line num="61" count="5" type="stmt"/>
        <line num="62" count="5" type="cond" truecount="1" falsecount="0"/>
        <line num="63" count="1" type="stmt"/>
        <line num="66" count="5" type="stmt"/>
      </file>
      <file name="common-error-settings.mjs" path="/Users/zane/playground/standard-error-set/src/common-error-settings.mjs">
        <metrics statements="27" coveredstatements="27" conditionals="16" coveredconditionals="16" methods="2" coveredmethods="2"/>
        <line num="2" count="4" type="stmt"/>
        <line num="3" count="4" type="stmt"/>
        <line num="5" count="4" type="stmt"/>
        <line num="10" count="4" type="stmt"/>
        <line num="26" count="4" type="stmt"/>
        <line num="27" count="93" type="cond" truecount="2" falsecount="0"/>
        <line num="28" count="35" type="stmt"/>
        <line num="29" count="6" type="stmt"/>
        <line num="32" count="58" type="cond" truecount="2" falsecount="0"/>
        <line num="33" count="2" type="stmt"/>
        <line num="34" count="2" type="stmt"/>
        <line num="37" count="1" type="stmt"/>
        <line num="39" count="57" type="cond" truecount="2" falsecount="0"/>
        <line num="40" count="50" type="cond" truecount="2" falsecount="0"/>
        <line num="43" count="7" type="stmt"/>
        <line num="44" count="4" type="stmt"/>
        <line num="48" count="4" type="stmt"/>
        <line num="49" count="9" type="cond" truecount="1" falsecount="0"/>
        <line num="50" count="1" type="stmt"/>
        <line num="57" count="8" type="cond" truecount="2" falsecount="0"/>
        <line num="58" count="6" type="cond" truecount="3" falsecount="0"/>
        <line num="59" count="1" type="stmt"/>
        <line num="66" count="2" type="cond" truecount="1" falsecount="0"/>
        <line num="67" count="2" type="stmt"/>
        <line num="68" count="2" type="stmt"/>
        <line num="69" count="2" type="cond" truecount="1" falsecount="0"/>
        <line num="70" count="1" type="stmt"/>
      </file>
      <file name="common-error.mjs" path="/Users/zane/playground/standard-error-set/src/common-error.mjs">
        <metrics statements="13" coveredstatements="13" conditionals="13" coveredconditionals="11" methods="3" coveredmethods="3"/>
        <line num="1" count="27" type="stmt"/>
        <line num="2" count="27" type="stmt"/>
        <line num="3" count="475" type="cond" truecount="1" falsecount="1"/>
        <line num="19" count="27" type="stmt"/>
        <line num="33" count="370" type="cond" truecount="6" falsecount="0"/>
        <line num="34" count="185" type="stmt"/>
        <line num="36" count="185" type="stmt"/>
        <line num="38" count="837" type="cond" truecount="1" falsecount="1"/>
        <line num="39" count="837" type="cond" truecount="1" falsecount="0"/>
        <line num="40" count="837" type="stmt"/>
        <line num="44" count="185" type="cond" truecount="2" falsecount="0"/>
        <line num="45" count="185" type="stmt"/>
        <line num="46" count="54" type="stmt"/>
      </file>
      <file name="connection-error.mjs" path="/Users/zane/playground/standard-error-set/src/connection-error.mjs">
        <metrics statements="15" coveredstatements="15" conditionals="16" coveredconditionals="12" methods="4" coveredmethods="4"/>
        <line num="2" count="3" type="stmt"/>
        <line num="3" count="3" type="stmt"/>
        <line num="4" count="3" type="stmt"/>
        <line num="5" count="141" type="cond" truecount="3" falsecount="0"/>
        <line num="7" count="3" type="stmt"/>
        <line num="16" count="3" type="stmt"/>
        <line num="37" count="18" type="cond" truecount="4" falsecount="2"/>
        <line num="38" count="9" type="stmt"/>
        <line num="39" count="9" type="cond" truecount="2" falsecount="0"/>
        <line num="41" count="6" type="stmt"/>
        <line num="44" count="3" type="stmt"/>
        <line num="46" count="3" type="stmt"/>
        <line num="48" count="9" type="stmt"/>
        <line num="49" count="9" type="cond" truecount="2" falsecount="1"/>
        <line num="51" count="9" type="cond" truecount="1" falsecount="1"/>
      </file>
      <file name="constraint-violation-error.mjs" path="/Users/zane/playground/standard-error-set/src/constraint-violation-error.mjs">
        <metrics statements="10" coveredstatements="10" conditionals="15" coveredconditionals="12" methods="3" coveredmethods="3"/>
        <line num="2" count="3" type="stmt"/>
        <line num="3" count="3" type="stmt"/>
        <line num="4" count="204" type="cond" truecount="3" falsecount="0"/>
        <line num="6" count="3" type="stmt"/>
        <line num="13" count="3" type="stmt"/>
        <line num="33" count="16" type="cond" truecount="7" falsecount="3"/>
        <line num="34" count="8" type="cond" truecount="2" falsecount="0"/>
        <line num="36" count="6" type="stmt"/>
        <line num="39" count="3" type="stmt"/>
        <line num="41" count="3" type="stmt"/>
      </file>
      <file name="data-service-error.mjs" path="/Users/zane/playground/standard-error-set/src/data-service-error.mjs">
        <metrics statements="10" coveredstatements="10" conditionals="13" coveredconditionals="13" methods="3" coveredmethods="3"/>
        <line num="2" count="5" type="stmt"/>
        <line num="3" count="5" type="stmt"/>
        <line num="4" count="263" type="cond" truecount="3" falsecount="0"/>
        <line num="6" count="5" type="stmt"/>
        <line num="18" count="5" type="stmt"/>
        <line num="35" count="30" type="cond" truecount="8" falsecount="0"/>
        <line num="36" count="15" type="cond" truecount="2" falsecount="0"/>
        <line num="38" count="10" type="stmt"/>
        <line num="41" count="5" type="stmt"/>
        <line num="43" count="5" type="stmt"/>
      </file>
      <file name="database-error.mjs" path="/Users/zane/playground/standard-error-set/src/database-error.mjs">
        <metrics statements="19" coveredstatements="19" conditionals="18" coveredconditionals="15" methods="4" coveredmethods="4"/>
        <line num="2" count="4" type="stmt"/>
        <line num="3" count="282" type="cond" truecount="3" falsecount="0"/>
        <line num="5" count="4" type="stmt"/>
        <line num="13" count="4" type="stmt"/>
        <line num="34" count="24" type="cond" truecount="7" falsecount="3"/>
        <line num="35" count="12" type="cond" truecount="2" falsecount="0"/>
        <line num="37" count="8" type="stmt"/>
        <line num="40" count="4" type="stmt"/>
        <line num="42" count="4" type="stmt"/>
        <line num="44" count="10" type="stmt"/>
        <line num="45" count="10" type="stmt"/>
        <line num="46" count="10" type="cond" truecount="2" falsecount="0"/>
        <line num="47" count="4" type="stmt"/>
        <line num="50" count="6" type="stmt"/>
        <line num="52" count="10" type="stmt"/>
        <line num="53" count="10" type="cond" truecount="1" falsecount="0"/>
        <line num="54" count="2" type="stmt"/>
        <line num="56" count="10" type="stmt"/>
        <line num="58" count="10" type="stmt"/>
      </file>
      <file name="directory-not-found-error.mjs" path="/Users/zane/playground/standard-error-set/src/directory-not-found-error.mjs">
        <metrics statements="13" coveredstatements="13" conditionals="13" coveredconditionals="12" methods="3" coveredmethods="3"/>
        <line num="2" count="3" type="stmt"/>
        <line num="3" count="3" type="stmt"/>
        <line num="4" count="3" type="stmt"/>
        <line num="5" count="35" type="cond" truecount="3" falsecount="0"/>
        <line num="7" count="3" type="stmt"/>
        <line num="18" count="3" type="stmt"/>
        <line num="33" count="4" type="cond" truecount="5" falsecount="1"/>
        <line num="34" count="2" type="stmt"/>
        <line num="35" count="2" type="cond" truecount="2" falsecount="0"/>
        <line num="36" count="2" type="cond" truecount="2" falsecount="0"/>
        <line num="39" count="6" type="stmt"/>
        <line num="42" count="3" type="stmt"/>
        <line num="44" count="3" type="stmt"/>
      </file>
      <file name="end-of-stream-error.mjs" path="/Users/zane/playground/standard-error-set/src/end-of-stream-error.mjs">
        <metrics statements="10" coveredstatements="10" conditionals="13" coveredconditionals="12" methods="3" coveredmethods="3"/>
        <line num="2" count="3" type="stmt"/>
        <line num="3" count="3" type="stmt"/>
        <line num="4" count="144" type="cond" truecount="3" falsecount="0"/>
        <line num="6" count="3" type="stmt"/>
        <line num="15" count="3" type="stmt"/>
        <line num="34" count="12" type="cond" truecount="7" falsecount="1"/>
        <line num="35" count="6" type="cond" truecount="2" falsecount="0"/>
        <line num="37" count="6" type="stmt"/>
        <line num="40" count="3" type="stmt"/>
        <line num="42" count="3" type="stmt"/>
      </file>
      <file name="external-service-error.mjs" path="/Users/zane/playground/standard-error-set/src/external-service-error.mjs">
        <metrics statements="10" coveredstatements="10" conditionals="13" coveredconditionals="10" methods="3" coveredmethods="3"/>
        <line num="2" count="6" type="stmt"/>
        <line num="3" count="6" type="stmt"/>
        <line num="4" count="360" type="cond" truecount="3" falsecount="0"/>
        <line num="6" count="6" type="stmt"/>
        <line num="18" count="6" type="stmt"/>
        <line num="35" count="48" type="cond" truecount="6" falsecount="2"/>
        <line num="36" count="24" type="cond" truecount="1" falsecount="1"/>
        <line num="38" count="12" type="stmt"/>
        <line num="41" count="6" type="stmt"/>
        <line num="43" count="6" type="stmt"/>
      </file>
      <file name="file-load-error.mjs" path="/Users/zane/playground/standard-error-set/src/file-load-error.mjs">
        <metrics statements="12" coveredstatements="12" conditionals="15" coveredconditionals="14" methods="3" coveredmethods="3"/>
        <line num="2" count="3" type="stmt"/>
        <line num="3" count="3" type="stmt"/>
        <line num="4" count="3" type="stmt"/>
        <line num="5" count="225" type="cond" truecount="3" falsecount="0"/>
        <line num="7" count="3" type="stmt"/>
        <line num="16" count="3" type="stmt"/>
        <line num="40" count="12" type="cond" truecount="7" falsecount="1"/>
        <line num="41" count="6" type="cond" truecount="2" falsecount="0"/>
        <line num="42" count="6" type="cond" truecount="2" falsecount="0"/>
        <line num="44" count="6" type="stmt"/>
        <line num="47" count="3" type="stmt"/>
        <line num="49" count="3" type="stmt"/>
      </file>
      <file name="file-not-found-error.mjs" path="/Users/zane/playground/standard-error-set/src/file-not-found-error.mjs">
        <metrics statements="13" coveredstatements="13" conditionals="13" coveredconditionals="12" methods="3" coveredmethods="3"/>
        <line num="2" count="4" type="stmt"/>
        <line num="3" count="4" type="stmt"/>
        <line num="4" count="4" type="stmt"/>
        <line num="5" count="100" type="cond" truecount="3" falsecount="0"/>
        <line num="7" count="4" type="stmt"/>
        <line num="18" count="4" type="stmt"/>
        <line num="40" count="12" type="cond" truecount="5" falsecount="1"/>
        <line num="41" count="6" type="stmt"/>
        <line num="42" count="6" type="cond" truecount="2" falsecount="0"/>
        <line num="43" count="6" type="cond" truecount="2" falsecount="0"/>
        <line num="46" count="8" type="stmt"/>
        <line num="49" count="4" type="stmt"/>
        <line num="51" count="4" type="stmt"/>
      </file>
      <file name="io-error.mjs" path="/Users/zane/playground/standard-error-set/src/io-error.mjs">
        <metrics statements="10" coveredstatements="10" conditionals="11" coveredconditionals="8" methods="3" coveredmethods="3"/>
        <line num="2" count="4" type="stmt"/>
        <line num="3" count="4" type="stmt"/>
        <line num="4" count="197" type="cond" truecount="3" falsecount="0"/>
        <line num="6" count="4" type="stmt"/>
        <line num="16" count="4" type="stmt"/>
        <line num="35" count="24" type="cond" truecount="4" falsecount="2"/>
        <line num="36" count="12" type="cond" truecount="1" falsecount="1"/>
        <line num="38" count="8" type="stmt"/>
        <line num="41" count="4" type="stmt"/>
        <line num="43" count="4" type="stmt"/>
      </file>
      <file name="local-rollback-error.mjs" path="/Users/zane/playground/standard-error-set/src/local-rollback-error.mjs">
        <metrics statements="8" coveredstatements="8" conditionals="11" coveredconditionals="9" methods="3" coveredmethods="3"/>
        <line num="2" count="3" type="stmt"/>
        <line num="3" count="87" type="cond" truecount="3" falsecount="0"/>
        <line num="5" count="3" type="stmt"/>
        <line num="11" count="3" type="stmt"/>
        <line num="32" count="12" type="cond" truecount="6" falsecount="2"/>
        <line num="34" count="6" type="stmt"/>
        <line num="37" count="3" type="stmt"/>
        <line num="39" count="3" type="stmt"/>
      </file>
      <file name="local-transaction-error.mjs" path="/Users/zane/playground/standard-error-set/src/local-transaction-error.mjs">
        <metrics statements="8" coveredstatements="8" conditionals="11" coveredconditionals="9" methods="3" coveredmethods="3"/>
        <line num="2" count="3" type="stmt"/>
        <line num="3" count="87" type="cond" truecount="3" falsecount="0"/>
        <line num="5" count="3" type="stmt"/>
        <line num="11" count="3" type="stmt"/>
        <line num="33" count="12" type="cond" truecount="6" falsecount="2"/>
        <line num="35" count="6" type="stmt"/>
        <line num="38" count="3" type="stmt"/>
        <line num="40" count="3" type="stmt"/>
      </file>
      <file name="map-error-to-http-status.mjs" path="/Users/zane/playground/standard-error-set/src/map-error-to-http-status.mjs">
        <metrics statements="26" coveredstatements="26" conditionals="14" coveredconditionals="14" methods="2" coveredmethods="2"/>
        <line num="1" count="27" type="stmt"/>
        <line num="3" count="27" type="stmt"/>
        <line num="12" count="27" type="stmt"/>
        <line num="32" count="27" type="stmt"/>
        <line num="33" count="248" type="cond" truecount="1" falsecount="0"/>
        <line num="34" count="41" type="stmt"/>
        <line num="35" count="6" type="stmt"/>
        <line num="38" count="41" type="stmt"/>
        <line num="41" count="207" type="stmt"/>
        <line num="42" count="207" type="cond" truecount="2" falsecount="0"/>
        <line num="44" count="1" type="stmt"/>
        <line num="46" count="206" type="cond" truecount="2" falsecount="0"/>
        <line num="48" count="6" type="stmt"/>
        <line num="50" count="200" type="cond" truecount="1" falsecount="0"/>
        <line num="51" count="1" type="stmt"/>
        <line num="53" count="1" type="stmt"/>
        <line num="57" count="206" type="cond" truecount="2" falsecount="0"/>
        <line num="58" count="200" type="cond" truecount="2" falsecount="0"/>
        <line num="59" count="200" type="stmt"/>
        <line num="60" count="200" type="cond" truecount="2" falsecount="0"/>
        <line num="61" count="212" type="cond" truecount="2" falsecount="0"/>
        <line num="62" count="212" type="stmt"/>
        <line num="65" count="200" type="stmt"/>
        <line num="68" count="6" type="stmt"/>
        <line num="72" count="27" type="stmt"/>
        <line num="73" count="121" type="stmt"/>
      </file>
      <file name="map-http-status-to-name.mjs" path="/Users/zane/playground/standard-error-set/src/map-http-status-to-name.mjs">
        <metrics statements="11" coveredstatements="11" conditionals="9" coveredconditionals="8" methods="1" coveredmethods="1"/>
        <line num="4" count="27" type="stmt"/>
        <line num="50" count="27" type="stmt"/>
        <line num="66" count="27" type="stmt"/>
        <line num="67" count="199" type="cond" truecount="2" falsecount="0"/>
        <line num="68" count="9" type="stmt"/>
        <line num="69" count="4" type="stmt"/>
        <line num="72" count="190" type="cond" truecount="2" falsecount="0"/>
        <line num="73" count="1" type="stmt"/>
        <line num="75" count="189" type="cond" truecount="2" falsecount="0"/>
        <line num="76" count="187" type="cond" truecount="2" falsecount="1"/>
        <line num="79" count="2" type="stmt"/>
      </file>
      <file name="mask-no-access-errors.mjs" path="/Users/zane/playground/standard-error-set/src/mask-no-access-errors.mjs">
        <metrics statements="8" coveredstatements="8" conditionals="0" coveredconditionals="0" methods="1" coveredmethods="1"/>
        <line num="1" count="3" type="stmt"/>
        <line num="2" count="3" type="stmt"/>
        <line num="3" count="3" type="stmt"/>
        <line num="4" count="3" type="stmt"/>
        <line num="16" count="3" type="stmt"/>
        <line num="17" count="1" type="stmt"/>
        <line num="19" count="1" type="stmt"/>
        <line num="20" count="1" type="stmt"/>
      </file>
      <file name="no-access-directory-error.mjs" path="/Users/zane/playground/standard-error-set/src/no-access-directory-error.mjs">
        <metrics statements="10" coveredstatements="10" conditionals="11" coveredconditionals="10" methods="3" coveredmethods="3"/>
        <line num="2" count="3" type="stmt"/>
        <line num="3" count="3" type="stmt"/>
        <line num="4" count="60" type="cond" truecount="3" falsecount="0"/>
        <line num="6" count="3" type="stmt"/>
        <line num="22" count="3" type="stmt"/>
        <line num="34" count="8" type="cond" truecount="5" falsecount="1"/>
        <line num="35" count="4" type="cond" truecount="2" falsecount="0"/>
        <line num="38" count="6" type="stmt"/>
        <line num="41" count="3" type="stmt"/>
        <line num="43" count="3" type="stmt"/>
      </file>
      <file name="no-access-error.mjs" path="/Users/zane/playground/standard-error-set/src/no-access-error.mjs">
        <metrics statements="14" coveredstatements="14" conditionals="16" coveredconditionals="16" methods="3" coveredmethods="3"/>
        <line num="2" count="5" type="stmt"/>
        <line num="3" count="5" type="stmt"/>
        <line num="4" count="492" type="cond" truecount="3" falsecount="0"/>
        <line num="6" count="5" type="stmt"/>
        <line num="24" count="5" type="stmt"/>
        <line num="35" count="36" type="cond" truecount="6" falsecount="0"/>
        <line num="36" count="18" type="cond" truecount="2" falsecount="0"/>
        <line num="37" count="18" type="cond" truecount="2" falsecount="0"/>
        <line num="38" count="18" type="cond" truecount="3" falsecount="0"/>
        <line num="39" count="14" type="stmt"/>
        <line num="40" count="18" type="stmt"/>
        <line num="43" count="10" type="stmt"/>
        <line num="46" count="5" type="stmt"/>
        <line num="48" count="5" type="stmt"/>
      </file>
      <file name="no-access-file-error.mjs" path="/Users/zane/playground/standard-error-set/src/no-access-file-error.mjs">
        <metrics statements="11" coveredstatements="11" conditionals="11" coveredconditionals="10" methods="3" coveredmethods="3"/>
        <line num="2" count="3" type="stmt"/>
        <line num="3" count="3" type="stmt"/>
        <line num="4" count="90" type="cond" truecount="3" falsecount="0"/>
        <line num="6" count="3" type="stmt"/>
        <line num="22" count="3" type="stmt"/>
        <line num="38" count="12" type="cond" truecount="5" falsecount="1"/>
        <line num="39" count="6" type="stmt"/>
        <line num="40" count="6" type="cond" truecount="2" falsecount="0"/>
        <line num="43" count="6" type="stmt"/>
        <line num="46" count="3" type="stmt"/>
        <line num="48" count="3" type="stmt"/>
      </file>
      <file name="not-found-error.mjs" path="/Users/zane/playground/standard-error-set/src/not-found-error.mjs">
        <metrics statements="10" coveredstatements="10" conditionals="13" coveredconditionals="13" methods="3" coveredmethods="3"/>
        <line num="2" count="5" type="stmt"/>
        <line num="3" count="5" type="stmt"/>
        <line num="4" count="174" type="cond" truecount="3" falsecount="0"/>
        <line num="6" count="5" type="stmt"/>
        <line num="16" count="5" type="stmt"/>
        <line num="27" count="22" type="cond" truecount="8" falsecount="0"/>
        <line num="28" count="11" type="cond" truecount="2" falsecount="0"/>
        <line num="30" count="10" type="stmt"/>
        <line num="33" count="5" type="stmt"/>
        <line num="35" count="5" type="stmt"/>
      </file>
      <file name="not-implemented-error.mjs" path="/Users/zane/playground/standard-error-set/src/not-implemented-error.mjs">
        <metrics statements="13" coveredstatements="13" conditionals="13" coveredconditionals="12" methods="4" coveredmethods="4"/>
        <line num="2" count="3" type="stmt"/>
        <line num="3" count="48" type="cond" truecount="3" falsecount="0"/>
        <line num="5" count="3" type="stmt"/>
        <line num="15" count="3" type="stmt"/>
        <line num="30" count="6" type="cond" truecount="5" falsecount="1"/>
        <line num="31" count="3" type="cond" truecount="2" falsecount="0"/>
        <line num="33" count="6" type="stmt"/>
        <line num="36" count="3" type="stmt"/>
        <line num="38" count="3" type="stmt"/>
        <line num="40" count="3" type="stmt"/>
        <line num="41" count="2" type="cond" truecount="2" falsecount="0"/>
        <line num="42" count="1" type="stmt"/>
        <line num="45" count="1" type="stmt"/>
      </file>
      <file name="not-supported-error.mjs" path="/Users/zane/playground/standard-error-set/src/not-supported-error.mjs">
        <metrics statements="16" coveredstatements="16" conditionals="16" coveredconditionals="15" methods="4" coveredmethods="4"/>
        <line num="2" count="3" type="stmt"/>
        <line num="3" count="78" type="cond" truecount="3" falsecount="0"/>
        <line num="5" count="3" type="stmt"/>
        <line num="17" count="3" type="stmt"/>
        <line num="42" count="10" type="cond" truecount="5" falsecount="1"/>
        <line num="43" count="5" type="cond" truecount="2" falsecount="0"/>
        <line num="45" count="6" type="stmt"/>
        <line num="48" count="3" type="stmt"/>
        <line num="50" count="3" type="stmt"/>
        <line num="52" count="4" type="stmt"/>
        <line num="53" count="4" type="cond" truecount="2" falsecount="0"/>
        <line num="54" count="4" type="stmt"/>
        <line num="55" count="4" type="cond" truecount="2" falsecount="0"/>
        <line num="56" count="4" type="cond" truecount="1" falsecount="0"/>
        <line num="57" count="1" type="stmt"/>
        <line num="60" count="4" type="stmt"/>
      </file>
      <file name="operation-not-permitted-error.mjs" path="/Users/zane/playground/standard-error-set/src/operation-not-permitted-error.mjs">
        <metrics statements="11" coveredstatements="11" conditionals="14" coveredconditionals="13" methods="3" coveredmethods="3"/>
        <line num="2" count="3" type="stmt"/>
        <line num="3" count="81" type="cond" truecount="3" falsecount="0"/>
        <line num="5" count="3" type="stmt"/>
        <line num="19" count="3" type="stmt"/>
        <line num="38" count="12" type="cond" truecount="7" falsecount="1"/>
        <line num="39" count="6" type="cond" truecount="3" falsecount="0"/>
        <line num="40" count="1" type="stmt"/>
        <line num="41" count="6" type="stmt"/>
        <line num="43" count="6" type="stmt"/>
        <line num="46" count="3" type="stmt"/>
        <line num="48" count="3" type="stmt"/>
      </file>
      <file name="rollback-error.mjs" path="/Users/zane/playground/standard-error-set/src/rollback-error.mjs">
        <metrics statements="10" coveredstatements="10" conditionals="13" coveredconditionals="12" methods="3" coveredmethods="3"/>
        <line num="2" count="3" type="stmt"/>
        <line num="3" count="3" type="stmt"/>
        <line num="4" count="117" type="cond" truecount="3" falsecount="0"/>
        <line num="6" count="3" type="stmt"/>
        <line num="20" count="3" type="stmt"/>
        <line num="37" count="10" type="cond" truecount="7" falsecount="1"/>
        <line num="38" count="5" type="cond" truecount="2" falsecount="0"/>
        <line num="40" count="6" type="stmt"/>
        <line num="43" count="3" type="stmt"/>
        <line num="45" count="3" type="stmt"/>
      </file>
      <file name="system-error.mjs" path="/Users/zane/playground/standard-error-set/src/system-error.mjs">
        <metrics statements="10" coveredstatements="10" conditionals="13" coveredconditionals="10" methods="4" coveredmethods="4"/>
        <line num="1" count="3" type="stmt"/>
        <line num="2" count="66" type="cond" truecount="3" falsecount="0"/>
        <line num="4" count="3" type="stmt"/>
        <line num="9" count="3" type="stmt"/>
        <line num="25" count="8" type="cond" truecount="4" falsecount="2"/>
        <line num="26" count="4" type="cond" truecount="2" falsecount="0"/>
        <line num="28" count="6" type="stmt"/>
        <line num="31" count="3" type="stmt"/>
        <line num="33" count="3" type="stmt"/>
        <line num="35" count="4" type="cond" truecount="1" falsecount="1"/>
      </file>
      <file name="timeout-error.mjs" path="/Users/zane/playground/standard-error-set/src/timeout-error.mjs">
        <metrics statements="10" coveredstatements="10" conditionals="13" coveredconditionals="12" methods="4" coveredmethods="4"/>
        <line num="1" count="3" type="stmt"/>
        <line num="2" count="48" type="cond" truecount="3" falsecount="0"/>
        <line num="4" count="3" type="stmt"/>
        <line num="9" count="3" type="stmt"/>
        <line num="22" count="6" type="cond" truecount="5" falsecount="1"/>
        <line num="23" count="3" type="cond" truecount="2" falsecount="0"/>
        <line num="25" count="6" type="stmt"/>
        <line num="28" count="3" type="stmt"/>
        <line num="30" count="3" type="stmt"/>
        <line num="32" count="3" type="cond" truecount="2" falsecount="0"/>
      </file>
      <file name="transaction-error.mjs" path="/Users/zane/playground/standard-error-set/src/transaction-error.mjs">
        <metrics statements="10" coveredstatements="10" conditionals="13" coveredconditionals="12" methods="3" coveredmethods="3"/>
        <line num="2" count="3" type="stmt"/>
        <line num="3" count="3" type="stmt"/>
        <line num="4" count="117" type="cond" truecount="3" falsecount="0"/>
        <line num="6" count="3" type="stmt"/>
        <line num="20" count="3" type="stmt"/>
        <line num="37" count="10" type="cond" truecount="7" falsecount="1"/>
        <line num="38" count="5" type="cond" truecount="2" falsecount="0"/>
        <line num="40" count="6" type="stmt"/>
        <line num="43" count="3" type="stmt"/>
        <line num="45" count="3" type="stmt"/>
      </file>
      <file name="unavailable-error.mjs" path="/Users/zane/playground/standard-error-set/src/unavailable-error.mjs">
        <metrics statements="14" coveredstatements="14" conditionals="19" coveredconditionals="17" methods="4" coveredmethods="4"/>
        <line num="2" count="3" type="stmt"/>
        <line num="3" count="107" type="cond" truecount="3" falsecount="0"/>
        <line num="5" count="3" type="stmt"/>
        <line num="14" count="3" type="stmt"/>
        <line num="36" count="14" type="cond" truecount="5" falsecount="1"/>
        <line num="37" count="7" type="cond" truecount="2" falsecount="0"/>
        <line num="39" count="6" type="stmt"/>
        <line num="42" count="3" type="stmt"/>
        <line num="44" count="3" type="stmt"/>
        <line num="46" count="7" type="cond" truecount="4" falsecount="0"/>
        <line num="47" count="7" type="cond" truecount="1" falsecount="1"/>
        <line num="48" count="7" type="stmt"/>
        <line num="49" count="7" type="cond" truecount="2" falsecount="0"/>
        <line num="51" count="7" type="stmt"/>
      </file>
      <file name="unique-constraint-violation-error.mjs" path="/Users/zane/playground/standard-error-set/src/unique-constraint-violation-error.mjs">
        <metrics statements="8" coveredstatements="8" conditionals="11" coveredconditionals="9" methods="3" coveredmethods="3"/>
        <line num="2" count="3" type="stmt"/>
        <line num="3" count="115" type="cond" truecount="3" falsecount="0"/>
        <line num="5" count="3" type="stmt"/>
        <line num="10" count="3" type="stmt"/>
        <line num="29" count="16" type="cond" truecount="6" falsecount="2"/>
        <line num="31" count="6" type="stmt"/>
        <line num="34" count="3" type="stmt"/>
        <line num="36" count="3" type="stmt"/>
      </file>
      <file name="wrap-error.mjs" path="/Users/zane/playground/standard-error-set/src/wrap-error.mjs">
        <metrics statements="34" coveredstatements="34" conditionals="38" coveredconditionals="38" methods="2" coveredmethods="2"/>
        <line num="1" count="3" type="stmt"/>
        <line num="2" count="3" type="stmt"/>
        <line num="3" count="3" type="stmt"/>
        <line num="4" count="3" type="stmt"/>
        <line num="5" count="3" type="stmt"/>
        <line num="6" count="3" type="stmt"/>
        <line num="7" count="3" type="stmt"/>
        <line num="8" count="3" type="stmt"/>
        <line num="9" count="3" type="stmt"/>
        <line num="10" count="210" type="cond" truecount="3" falsecount="0"/>
        <line num="47" count="27" type="cond" truecount="4" falsecount="0"/>
        <line num="48" count="27" type="stmt"/>
        <line num="50" count="27" type="cond" truecount="2" falsecount="0"/>
        <line num="51" count="27" type="cond" truecount="3" falsecount="0"/>
        <line num="52" count="6" type="stmt"/>
        <line num="55" count="21" type="cond" truecount="2" falsecount="0"/>
        <line num="57" count="21" type="cond" truecount="2" falsecount="0"/>
        <line num="59" count="9" type="stmt"/>
        <line num="61" count="12" type="cond" truecount="4" falsecount="0"/>
        <line num="62" count="2" type="stmt"/>
        <line num="64" count="10" type="cond" truecount="2" falsecount="0"/>
        <line num="65" count="1" type="stmt"/>
        <line num="67" count="9" type="cond" truecount="2" falsecount="0"/>
        <line num="68" count="1" type="cond" truecount="2" falsecount="0"/>
        <line num="70" count="1" type="stmt"/>
        <line num="72" count="8" type="cond" truecount="2" falsecount="0"/>
        <line num="73" count="1" type="cond" truecount="2" falsecount="0"/>
        <line num="75" count="1" type="stmt"/>
        <line num="77" count="7" type="cond" truecount="2" falsecount="0"/>
        <line num="78" count="1" type="cond" truecount="2" falsecount="0"/>
        <line num="80" count="1" type="stmt"/>
        <line num="82" count="6" type="cond" truecount="4" falsecount="0"/>
        <line num="83" count="4" type="stmt"/>
        <line num="86" count="2" type="stmt"/>
      </file>
    </package>
    <package name="src.lib">
      <metrics statements="68" coveredstatements="68" conditionals="51" coveredconditionals="45" methods="12" coveredmethods="12"/>
      <file name="connection-codes.mjs" path="/Users/zane/playground/standard-error-set/src/lib/connection-codes.mjs">
        <metrics statements="1" coveredstatements="1" conditionals="0" coveredconditionals="0" methods="0" coveredmethods="0"/>
        <line num="1" count="3" type="stmt"/>
      </file>
      <file name="describe-directory.mjs" path="/Users/zane/playground/standard-error-set/src/lib/describe-directory.mjs">
        <metrics statements="1" coveredstatements="1" conditionals="2" coveredconditionals="2" methods="1" coveredmethods="1"/>
        <line num="1" count="6" type="cond" truecount="2" falsecount="0"/>
      </file>
      <file name="describe-file.mjs" path="/Users/zane/playground/standard-error-set/src/lib/describe-file.mjs">
        <metrics statements="10" coveredstatements="10" conditionals="11" coveredconditionals="9" methods="1" coveredmethods="1"/>
        <line num="1" count="18" type="stmt"/>
        <line num="2" count="18" type="stmt"/>
        <line num="3" count="18" type="cond" truecount="4" falsecount="0"/>
        <line num="6" count="5" type="cond" truecount="1" falsecount="1"/>
        <line num="7" count="5" type="cond" truecount="1" falsecount="1"/>
        <line num="9" count="13" type="cond" truecount="2" falsecount="0"/>
        <line num="10" count="5" type="stmt"/>
        <line num="12" count="8" type="cond" truecount="1" falsecount="0"/>
        <line num="13" count="1" type="stmt"/>
        <line num="16" count="18" type="stmt"/>
      </file>
      <file name="generate-auth-message.mjs" path="/Users/zane/playground/standard-error-set/src/lib/generate-auth-message.mjs">
        <metrics statements="6" coveredstatements="6" conditionals="1" coveredconditionals="1" methods="1" coveredmethods="1"/>
        <line num="1" count="9" type="stmt"/>
        <line num="2" count="9" type="stmt"/>
        <line num="3" count="9" type="cond" truecount="1" falsecount="0"/>
        <line num="4" count="3" type="stmt"/>
        <line num="6" count="9" type="stmt"/>
        <line num="8" count="9" type="stmt"/>
      </file>
      <file name="generate-constraint-message.mjs" path="/Users/zane/playground/standard-error-set/src/lib/generate-constraint-message.mjs">
        <metrics statements="18" coveredstatements="18" conditionals="7" coveredconditionals="7" methods="1" coveredmethods="1"/>
        <line num="1" count="8" type="stmt"/>
        <line num="2" count="8" type="stmt"/>
        <line num="3" count="8" type="cond" truecount="1" falsecount="0"/>
        <line num="4" count="8" type="stmt"/>
        <line num="6" count="8" type="cond" truecount="1" falsecount="0"/>
        <line num="7" count="6" type="stmt"/>
        <line num="8" count="8" type="stmt"/>
        <line num="9" count="8" type="cond" truecount="4" falsecount="0"/>
        <line num="10" count="2" type="stmt"/>
        <line num="11" count="2" type="stmt"/>
        <line num="14" count="6" type="stmt"/>
        <line num="16" count="6" type="stmt"/>
        <line num="17" count="6" type="stmt"/>
        <line num="18" count="6" type="stmt"/>
        <line num="20" count="8" type="cond" truecount="1" falsecount="0"/>
        <line num="21" count="3" type="stmt"/>
        <line num="23" count="8" type="stmt"/>
        <line num="25" count="8" type="stmt"/>
      </file>
      <file name="generate-external-service-message.mjs" path="/Users/zane/playground/standard-error-set/src/lib/generate-external-service-message.mjs">
        <metrics statements="6" coveredstatements="6" conditionals="3" coveredconditionals="3" methods="1" coveredmethods="1"/>
        <line num="1" count="12" type="stmt"/>
        <line num="2" count="12" type="cond" truecount="2" falsecount="0"/>
        <line num="3" count="12" type="cond" truecount="1" falsecount="0"/>
        <line num="4" count="6" type="stmt"/>
        <line num="6" count="12" type="stmt"/>
        <line num="8" count="12" type="stmt"/>
      </file>
      <file name="generate-io-error-message.mjs" path="/Users/zane/playground/standard-error-set/src/lib/generate-io-error-message.mjs">
        <metrics statements="8" coveredstatements="8" conditionals="8" coveredconditionals="6" methods="1" coveredmethods="1"/>
        <line num="1" count="10" type="cond" truecount="4" falsecount="2"/>
        <line num="2" count="10" type="stmt"/>
        <line num="3" count="10" type="cond" truecount="1" falsecount="0"/>
        <line num="4" count="8" type="stmt"/>
        <line num="6" count="10" type="cond" truecount="1" falsecount="0"/>
        <line num="7" count="2" type="stmt"/>
        <line num="9" count="10" type="stmt"/>
        <line num="11" count="10" type="stmt"/>
      </file>
      <file name="generate-no-access-message.mjs" path="/Users/zane/playground/standard-error-set/src/lib/generate-no-access-message.mjs">
        <metrics statements="5" coveredstatements="5" conditionals="4" coveredconditionals="4" methods="1" coveredmethods="1"/>
        <line num="1" count="5" type="stmt"/>
        <line num="3" count="18" type="stmt"/>
        <line num="4" count="18" type="cond" truecount="2" falsecount="0"/>
        <line num="5" count="14" type="stmt"/>
        <line num="8" count="4" type="cond" truecount="2" falsecount="0"/>
      </file>
      <file name="generate-not-found-message.mjs" path="/Users/zane/playground/standard-error-set/src/lib/generate-not-found-message.mjs">
        <metrics statements="3" coveredstatements="3" conditionals="2" coveredconditionals="2" methods="1" coveredmethods="1"/>
        <line num="11" count="25" type="cond" truecount="2" falsecount="0"/>
        <line num="12" count="25" type="stmt"/>
        <line num="14" count="25" type="stmt"/>
      </file>
      <file name="hoist-error-code.mjs" path="/Users/zane/playground/standard-error-set/src/lib/hoist-error-code.mjs">
        <metrics statements="4" coveredstatements="4" conditionals="7" coveredconditionals="7" methods="1" coveredmethods="1"/>
        <line num="1" count="27" type="stmt"/>
        <line num="2" count="194" type="stmt"/>
        <line num="3" count="194" type="cond" truecount="3" falsecount="0"/>
        <line num="4" count="148" type="cond" truecount="4" falsecount="0"/>
      </file>
      <file name="valid-error-names.mjs" path="/Users/zane/playground/standard-error-set/src/lib/valid-error-names.mjs">
        <metrics statements="6" coveredstatements="6" conditionals="6" coveredconditionals="4" methods="3" coveredmethods="3"/>
        <line num="1" count="2" type="cond" truecount="4" falsecount="2"/>
        <line num="3" count="1" type="stmt"/>
        <line num="12" count="39" type="stmt"/>
        <line num="14" count="1" type="stmt"/>
        <line num="15" count="33" type="stmt"/>
        <line num="17" count="33" type="stmt"/>
      </file>
    </package>
  </project>
</coverage>
