<?xml version="1.0" encoding="UTF-8"?>
<coverage generated="1724948609101" clover="3.2.0">
  <project timestamp="1724948609101" name="All files">
    <metrics statements="925" coveredstatements="925" conditionals="826" coveredconditionals="709" methods="145" coveredmethods="145" elements="1896" coveredelements="1779" complexity="0" loc="925" ncloc="925" packages="19" files="54" classes="54"/>
    <package name="errors">
      <metrics statements="64" coveredstatements="64" conditionals="51" coveredconditionals="41" methods="11" coveredmethods="11"/>
      <file name="common-error.mjs" path="/Users/zane/playground/standard-error-set/src/errors/common-error.mjs">
        <metrics statements="21" coveredstatements="21" conditionals="13" coveredconditionals="13" methods="3" coveredmethods="3"/>
        <line num="2" count="30" type="stmt"/>
        <line num="3" count="30" type="stmt"/>
        <line num="4" count="30" type="stmt"/>
        <line num="5" count="3530" type="cond" truecount="3" falsecount="0"/>
        <line num="27" count="30" type="stmt"/>
        <line num="43" count="216" type="stmt"/>
        <line num="44" count="216" type="cond" truecount="2" falsecount="0"/>
        <line num="45" count="216" type="stmt"/>
        <line num="46" count="432" type="stmt"/>
        <line num="47" count="216" type="cond" truecount="4" falsecount="0"/>
        <line num="48" count="216" type="cond" truecount="1" falsecount="0"/>
        <line num="49" count="8" type="stmt"/>
        <line num="51" count="216" type="stmt"/>
        <line num="53" count="216" type="stmt"/>
        <line num="55" count="990" type="stmt"/>
        <line num="57" count="990" type="cond" truecount="1" falsecount="0"/>
        <line num="62" count="990" type="stmt"/>
        <line num="66" count="216" type="stmt"/>
        <line num="67" count="216" type="cond" truecount="2" falsecount="0"/>
        <line num="68" count="216" type="stmt"/>
        <line num="69" count="60" type="stmt"/>
      </file>
      <file name="system-error.mjs" path="/Users/zane/playground/standard-error-set/src/errors/system-error.mjs">
        <metrics statements="26" coveredstatements="26" conditionals="21" coveredconditionals="14" methods="4" coveredmethods="4"/>
        <line num="1" count="3" type="stmt"/>
        <line num="2" count="3" type="stmt"/>
        <line num="3" count="114" type="cond" truecount="3" falsecount="0"/>
        <line num="5" count="3" type="stmt"/>
        <line num="6" count="3" type="stmt"/>
        <line num="7" count="3" type="stmt"/>
        <line num="8" count="3" type="stmt"/>
        <line num="14" count="3" type="stmt"/>
        <line num="35" count="4" type="cond" truecount="1" falsecount="1"/>
        <line num="36" count="4" type="cond" truecount="1" falsecount="1"/>
        <line num="37" count="4" type="cond" truecount="1" falsecount="1"/>
        <line num="38" count="4" type="stmt"/>
        <line num="39" count="4" type="stmt"/>
        <line num="40" count="8" type="cond" truecount="1" falsecount="1"/>
        <line num="41" count="4" type="cond" truecount="3" falsecount="1"/>
        <line num="42" count="4" type="stmt"/>
        <line num="43" count="4" type="stmt"/>
        <line num="45" count="4" type="stmt"/>
        <line num="47" count="6" type="stmt"/>
        <line num="50" count="3" type="stmt"/>
        <line num="52" count="3" type="stmt"/>
        <line num="53" count="4" type="stmt"/>
        <line num="54" count="4" type="cond" truecount="1" falsecount="1"/>
        <line num="57" count="4" type="cond" truecount="1" falsecount="1"/>
        <line num="59" count="4" type="stmt"/>
        <line num="62" count="3" type="stmt"/>
      </file>
      <file name="timeout-error.mjs" path="/Users/zane/playground/standard-error-set/src/errors/timeout-error.mjs">
        <metrics statements="17" coveredstatements="17" conditionals="17" coveredconditionals="14" methods="4" coveredmethods="4"/>
        <line num="1" count="3" type="stmt"/>
        <line num="2" count="3" type="stmt"/>
        <line num="3" count="91" type="cond" truecount="3" falsecount="0"/>
        <line num="5" count="3" type="stmt"/>
        <line num="6" count="3" type="stmt"/>
        <line num="7" count="3" type="stmt"/>
        <line num="12" count="3" type="stmt"/>
        <line num="28" count="3" type="cond" truecount="3" falsecount="1"/>
        <line num="29" count="6" type="cond" truecount="1" falsecount="1"/>
        <line num="30" count="3" type="cond" truecount="4" falsecount="0"/>
        <line num="31" count="3" type="stmt"/>
        <line num="32" count="3" type="stmt"/>
        <line num="33" count="3" type="cond" truecount="2" falsecount="0"/>
        <line num="35" count="6" type="stmt"/>
        <line num="38" count="3" type="stmt"/>
        <line num="40" count="3" type="stmt"/>
        <line num="42" count="3" type="stmt"/>
      </file>
    </package>
    <package name="errors.argument">
      <metrics statements="124" coveredstatements="124" conditionals="129" coveredconditionals="117" methods="15" coveredmethods="15"/>
      <file name="argument-invalid-error.mjs" path="/Users/zane/playground/standard-error-set/src/errors/argument/argument-invalid-error.mjs">
        <metrics statements="39" coveredstatements="39" conditionals="32" coveredconditionals="30" methods="4" coveredmethods="4"/>
        <line num="2" count="10" type="stmt"/>
        <line num="3" count="10" type="stmt"/>
        <line num="4" count="10" type="stmt"/>
        <line num="5" count="2083" type="cond" truecount="3" falsecount="0"/>
        <line num="7" count="10" type="stmt"/>
        <line num="8" count="10" type="stmt"/>
        <line num="9" count="10" type="stmt"/>
        <line num="10" count="10" type="stmt"/>
        <line num="36" count="10" type="stmt"/>
        <line num="68" count="80" type="cond" truecount="2" falsecount="0"/>
        <line num="69" count="80" type="cond" truecount="2" falsecount="0"/>
        <line num="70" count="80" type="cond" truecount="2" falsecount="0"/>
        <line num="71" count="80" type="stmt"/>
        <line num="72" count="80" type="stmt"/>
        <line num="73" count="80" type="cond" truecount="4" falsecount="0"/>
        <line num="74" count="80" type="cond" truecount="4" falsecount="0"/>
        <line num="75" count="80" type="stmt"/>
        <line num="76" count="80" type="stmt"/>
        <line num="78" count="80" type="stmt"/>
        <line num="80" count="20" type="stmt"/>
        <line num="83" count="10" type="stmt"/>
        <line num="85" count="10" type="stmt"/>
        <line num="87" count="10" type="stmt"/>
        <line num="96" count="75" type="stmt"/>
        <line num="98" count="75" type="cond" truecount="1" falsecount="1"/>
        <line num="102" count="75" type="stmt"/>
        <line num="104" count="75" type="cond" truecount="1" falsecount="0"/>
        <line num="105" count="9" type="stmt"/>
        <line num="110" count="75" type="cond" truecount="1" falsecount="0"/>
        <line num="111" count="18" type="cond" truecount="2" falsecount="0"/>
        <line num="113" count="75" type="stmt"/>
        <line num="114" count="75" type="cond" truecount="1" falsecount="0"/>
        <line num="115" count="22" type="stmt"/>
        <line num="117" count="75" type="cond" truecount="1" falsecount="0"/>
        <line num="118" count="8" type="stmt"/>
        <line num="120" count="75" type="cond" truecount="1" falsecount="0"/>
        <line num="121" count="16" type="stmt"/>
        <line num="123" count="75" type="cond" truecount="1" falsecount="1"/>
        <line num="125" count="75" type="stmt"/>
      </file>
      <file name="argument-missing-error.mjs" path="/Users/zane/playground/standard-error-set/src/errors/argument/argument-missing-error.mjs">
        <metrics statements="23" coveredstatements="23" conditionals="43" coveredconditionals="40" methods="3" coveredmethods="3"/>
        <line num="2" count="3" type="stmt"/>
        <line num="3" count="3" type="stmt"/>
        <line num="4" count="202" type="cond" truecount="3" falsecount="0"/>
        <line num="6" count="3" type="stmt"/>
        <line num="7" count="3" type="stmt"/>
        <line num="8" count="3" type="stmt"/>
        <line num="36" count="3" type="stmt"/>
        <line num="66" count="28" type="cond" truecount="6" falsecount="2"/>
        <line num="67" count="14" type="stmt"/>
        <line num="69" count="14" type="cond" truecount="3" falsecount="1"/>
        <line num="70" count="14" type="stmt"/>
        <line num="72" count="14" type="cond" truecount="2" falsecount="0"/>
        <line num="74" count="14" type="cond" truecount="1" falsecount="0"/>
        <line num="79" count="13" type="cond" truecount="1" falsecount="0"/>
        <line num="80" count="6" type="stmt"/>
        <line num="81" count="6" type="stmt"/>
        <line num="93" count="6" type="cond" truecount="1" falsecount="0"/>
        <line num="100" count="5" type="cond" truecount="2" falsecount="0"/>
        <line num="101" count="5" type="stmt"/>
        <line num="108" count="14" type="cond" truecount="2" falsecount="0"/>
        <line num="110" count="6" type="stmt"/>
        <line num="113" count="3" type="stmt"/>
        <line num="115" count="3" type="stmt"/>
      </file>
      <file name="argument-out-of-range-error.mjs" path="/Users/zane/playground/standard-error-set/src/errors/argument/argument-out-of-range-error.mjs">
        <metrics statements="40" coveredstatements="40" conditionals="34" coveredconditionals="31" methods="4" coveredmethods="4"/>
        <line num="2" count="4" type="stmt"/>
        <line num="3" count="4" type="stmt"/>
        <line num="4" count="4" type="stmt"/>
        <line num="5" count="261" type="cond" truecount="3" falsecount="0"/>
        <line num="7" count="4" type="stmt"/>
        <line num="8" count="4" type="stmt"/>
        <line num="9" count="4" type="stmt"/>
        <line num="25" count="4" type="stmt"/>
        <line num="62" count="18" type="cond" truecount="2" falsecount="2"/>
        <line num="63" count="36" type="cond" truecount="1" falsecount="1"/>
        <line num="64" count="18" type="cond" truecount="4" falsecount="0"/>
        <line num="65" count="18" type="stmt"/>
        <line num="66" count="18" type="stmt"/>
        <line num="67" count="18" type="stmt"/>
        <line num="68" count="8" type="stmt"/>
        <line num="71" count="4" type="stmt"/>
        <line num="73" count="4" type="stmt"/>
        <line num="75" count="4" type="stmt"/>
        <line num="76" count="18" type="stmt"/>
        <line num="78" count="18" type="cond" truecount="5" falsecount="0"/>
        <line num="79" count="1" type="stmt"/>
        <line num="82" count="17" type="stmt"/>
        <line num="84" count="17" type="stmt"/>
        <line num="85" count="17" type="stmt"/>
        <line num="86" count="17" type="stmt"/>
        <line num="87" count="17" type="stmt"/>
        <line num="89" count="17" type="cond" truecount="1" falsecount="0"/>
        <line num="95" count="6" type="stmt"/>
        <line num="97" count="6" type="cond" truecount="2" falsecount="0"/>
        <line num="98" count="2" type="stmt"/>
        <line num="100" count="4" type="cond" truecount="1" falsecount="0"/>
        <line num="101" count="2" type="stmt"/>
        <line num="104" count="6" type="cond" truecount="1" falsecount="0"/>
        <line num="108" count="3" type="stmt"/>
        <line num="111" count="6" type="cond" truecount="2" falsecount="0"/>
        <line num="112" count="3" type="stmt"/>
        <line num="114" count="3" type="cond" truecount="1" falsecount="0"/>
        <line num="115" count="2" type="stmt"/>
        <line num="118" count="6" type="stmt"/>
        <line num="121" count="17" type="stmt"/>
      </file>
      <file name="argument-type-error.mjs" path="/Users/zane/playground/standard-error-set/src/errors/argument/argument-type-error.mjs">
        <metrics statements="22" coveredstatements="22" conditionals="20" coveredconditionals="16" methods="4" coveredmethods="4"/>
        <line num="2" count="7" type="stmt"/>
        <line num="3" count="7" type="stmt"/>
        <line num="7" count="241" type="cond" truecount="3" falsecount="0"/>
        <line num="9" count="7" type="stmt"/>
        <line num="10" count="7" type="stmt"/>
        <line num="11" count="7" type="stmt"/>
        <line num="22" count="7" type="stmt"/>
        <line num="54" count="16" type="cond" truecount="3" falsecount="1"/>
        <line num="55" count="32" type="cond" truecount="1" falsecount="1"/>
        <line num="56" count="16" type="cond" truecount="4" falsecount="0"/>
        <line num="57" count="16" type="stmt"/>
        <line num="58" count="16" type="stmt"/>
        <line num="59" count="16" type="stmt"/>
        <line num="60" count="14" type="stmt"/>
        <line num="63" count="7" type="stmt"/>
        <line num="65" count="7" type="stmt"/>
        <line num="67" count="7" type="stmt"/>
        <line num="68" count="16" type="cond" truecount="1" falsecount="0"/>
        <line num="74" count="2" type="stmt"/>
        <line num="75" count="2" type="cond" truecount="1" falsecount="1"/>
        <line num="77" count="2" type="stmt"/>
        <line num="80" count="14" type="stmt"/>
      </file>
    </package>
    <package name="errors.auth">
      <metrics statements="153" coveredstatements="153" conditionals="131" coveredconditionals="114" methods="26" coveredmethods="26"/>
      <file name="auth-error.mjs" path="/Users/zane/playground/standard-error-set/src/errors/auth/auth-error.mjs">
        <metrics statements="21" coveredstatements="21" conditionals="17" coveredconditionals="14" methods="3" coveredmethods="3"/>
        <line num="2" count="9" type="stmt"/>
        <line num="3" count="9" type="stmt"/>
        <line num="4" count="735" type="cond" truecount="3" falsecount="0"/>
        <line num="6" count="9" type="stmt"/>
        <line num="7" count="9" type="stmt"/>
        <line num="8" count="9" type="stmt"/>
        <line num="9" count="9" type="stmt"/>
        <line num="20" count="9" type="stmt"/>
        <line num="39" count="41" type="cond" truecount="1" falsecount="1"/>
        <line num="40" count="41" type="cond" truecount="2" falsecount="0"/>
        <line num="41" count="41" type="cond" truecount="2" falsecount="0"/>
        <line num="42" count="41" type="stmt"/>
        <line num="43" count="41" type="stmt"/>
        <line num="44" count="82" type="cond" truecount="1" falsecount="1"/>
        <line num="45" count="41" type="cond" truecount="3" falsecount="1"/>
        <line num="46" count="41" type="stmt"/>
        <line num="47" count="41" type="stmt"/>
        <line num="49" count="41" type="stmt"/>
        <line num="51" count="18" type="stmt"/>
        <line num="54" count="9" type="stmt"/>
        <line num="56" count="9" type="stmt"/>
      </file>
      <file name="authentication-required-error.mjs" path="/Users/zane/playground/standard-error-set/src/errors/auth/authentication-required-error.mjs">
        <metrics statements="18" coveredstatements="18" conditionals="15" coveredconditionals="13" methods="3" coveredmethods="3"/>
        <line num="2" count="3" type="stmt"/>
        <line num="3" count="70" type="cond" truecount="3" falsecount="0"/>
        <line num="5" count="3" type="stmt"/>
        <line num="6" count="3" type="stmt"/>
        <line num="7" count="3" type="stmt"/>
        <line num="8" count="3" type="stmt"/>
        <line num="14" count="3" type="stmt"/>
        <line num="34" count="5" type="cond" truecount="1" falsecount="1"/>
        <line num="35" count="5" type="cond" truecount="2" falsecount="0"/>
        <line num="36" count="5" type="cond" truecount="2" falsecount="0"/>
        <line num="37" count="5" type="stmt"/>
        <line num="38" count="5" type="stmt"/>
        <line num="39" count="10" type="cond" truecount="1" falsecount="1"/>
        <line num="40" count="5" type="cond" truecount="4" falsecount="0"/>
        <line num="41" count="5" type="stmt"/>
        <line num="43" count="6" type="stmt"/>
        <line num="46" count="3" type="stmt"/>
        <line num="48" count="3" type="stmt"/>
      </file>
      <file name="authorization-conditions-not-met-error.mjs" path="/Users/zane/playground/standard-error-set/src/errors/auth/authorization-conditions-not-met-error.mjs">
        <metrics statements="25" coveredstatements="25" conditionals="19" coveredconditionals="16" methods="4" coveredmethods="4"/>
        <line num="2" count="3" type="stmt"/>
        <line num="3" count="3" type="stmt"/>
        <line num="4" count="142" type="cond" truecount="3" falsecount="0"/>
        <line num="6" count="3" type="stmt"/>
        <line num="7" count="3" type="stmt"/>
        <line num="8" count="3" type="stmt"/>
        <line num="21" count="3" type="stmt"/>
        <line num="52" count="6" type="cond" truecount="3" falsecount="1"/>
        <line num="53" count="12" type="cond" truecount="1" falsecount="1"/>
        <line num="54" count="6" type="cond" truecount="4" falsecount="0"/>
        <line num="55" count="6" type="stmt"/>
        <line num="56" count="6" type="stmt"/>
        <line num="57" count="6" type="cond" truecount="2" falsecount="0"/>
        <line num="59" count="6" type="stmt"/>
        <line num="62" count="3" type="stmt"/>
        <line num="67" count="3" type="stmt"/>
        <line num="69" count="3" type="stmt"/>
        <line num="70" count="5" type="stmt"/>
        <line num="72" count="5" type="stmt"/>
        <line num="73" count="5" type="cond" truecount="1" falsecount="0"/>
        <line num="74" count="2" type="stmt"/>
        <line num="76" count="5" type="cond" truecount="1" falsecount="1"/>
        <line num="77" count="5" type="cond" truecount="1" falsecount="0"/>
        <line num="78" count="1" type="stmt"/>
        <line num="81" count="5" type="stmt"/>
      </file>
      <file name="bad-credentials-error.mjs" path="/Users/zane/playground/standard-error-set/src/errors/auth/bad-credentials-error.mjs">
        <metrics statements="28" coveredstatements="28" conditionals="20" coveredconditionals="17" methods="4" coveredmethods="4"/>
        <line num="2" count="3" type="stmt"/>
        <line num="3" count="3" type="stmt"/>
        <line num="4" count="144" type="cond" truecount="3" falsecount="0"/>
        <line num="6" count="3" type="stmt"/>
        <line num="7" count="3" type="stmt"/>
        <line num="8" count="3" type="stmt"/>
        <line num="13" count="3" type="stmt"/>
        <line num="33" count="6" type="cond" truecount="3" falsecount="1"/>
        <line num="34" count="12" type="cond" truecount="1" falsecount="1"/>
        <line num="35" count="6" type="cond" truecount="4" falsecount="0"/>
        <line num="36" count="6" type="stmt"/>
        <line num="37" count="6" type="stmt"/>
        <line num="38" count="6" type="cond" truecount="2" falsecount="0"/>
        <line num="40" count="6" type="stmt"/>
        <line num="43" count="3" type="stmt"/>
        <line num="44" count="5" type="stmt"/>
        <line num="45" count="5" type="stmt"/>
        <line num="47" count="5" type="cond" truecount="1" falsecount="1"/>
        <line num="51" count="5" type="stmt"/>
        <line num="52" count="5" type="cond" truecount="1" falsecount="0"/>
        <line num="53" count="2" type="stmt"/>
        <line num="56" count="5" type="stmt"/>
        <line num="58" count="5" type="cond" truecount="2" falsecount="0"/>
        <line num="59" count="1" type="stmt"/>
        <line num="62" count="4" type="stmt"/>
        <line num="65" count="5" type="stmt"/>
        <line num="68" count="3" type="stmt"/>
        <line num="70" count="3" type="stmt"/>
      </file>
      <file name="no-access-directory-error.mjs" path="/Users/zane/playground/standard-error-set/src/errors/auth/no-access-directory-error.mjs">
        <metrics statements="13" coveredstatements="13" conditionals="13" coveredconditionals="11" methods="3" coveredmethods="3"/>
        <line num="2" count="3" type="stmt"/>
        <line num="3" count="3" type="stmt"/>
        <line num="4" count="60" type="cond" truecount="3" falsecount="0"/>
        <line num="6" count="3" type="stmt"/>
        <line num="7" count="3" type="stmt"/>
        <line num="8" count="3" type="stmt"/>
        <line num="24" count="3" type="stmt"/>
        <line num="43" count="8" type="cond" truecount="6" falsecount="2"/>
        <line num="44" count="4" type="stmt"/>
        <line num="45" count="4" type="cond" truecount="2" falsecount="0"/>
        <line num="48" count="6" type="stmt"/>
        <line num="51" count="3" type="stmt"/>
        <line num="53" count="3" type="stmt"/>
      </file>
      <file name="no-access-error.mjs" path="/Users/zane/playground/standard-error-set/src/errors/auth/no-access-error.mjs">
        <metrics statements="18" coveredstatements="18" conditionals="18" coveredconditionals="18" methods="3" coveredmethods="3"/>
        <line num="2" count="5" type="stmt"/>
        <line num="3" count="5" type="stmt"/>
        <line num="4" count="5" type="stmt"/>
        <line num="7" count="492" type="cond" truecount="3" falsecount="0"/>
        <line num="9" count="5" type="stmt"/>
        <line num="10" count="5" type="stmt"/>
        <line num="11" count="5" type="stmt"/>
        <line num="29" count="5" type="stmt"/>
        <line num="47" count="36" type="cond" truecount="8" falsecount="0"/>
        <line num="48" count="18" type="stmt"/>
        <line num="49" count="18" type="cond" truecount="2" falsecount="0"/>
        <line num="50" count="18" type="stmt"/>
        <line num="53" count="18" type="cond" truecount="3" falsecount="0"/>
        <line num="54" count="14" type="stmt"/>
        <line num="55" count="18" type="stmt"/>
        <line num="58" count="10" type="stmt"/>
        <line num="61" count="5" type="stmt"/>
        <line num="63" count="5" type="stmt"/>
      </file>
      <file name="no-access-file-error.mjs" path="/Users/zane/playground/standard-error-set/src/errors/auth/no-access-file-error.mjs">
        <metrics statements="13" coveredstatements="13" conditionals="13" coveredconditionals="11" methods="3" coveredmethods="3"/>
        <line num="2" count="3" type="stmt"/>
        <line num="3" count="3" type="stmt"/>
        <line num="4" count="90" type="cond" truecount="3" falsecount="0"/>
        <line num="6" count="3" type="stmt"/>
        <line num="7" count="3" type="stmt"/>
        <line num="8" count="3" type="stmt"/>
        <line num="24" count="3" type="stmt"/>
        <line num="51" count="12" type="cond" truecount="6" falsecount="2"/>
        <line num="52" count="6" type="stmt"/>
        <line num="53" count="6" type="cond" truecount="2" falsecount="0"/>
        <line num="56" count="6" type="stmt"/>
        <line num="59" count="3" type="stmt"/>
        <line num="61" count="3" type="stmt"/>
      </file>
      <file name="operation-not-permitted-error.mjs" path="/Users/zane/playground/standard-error-set/src/errors/auth/operation-not-permitted-error.mjs">
        <metrics statements="17" coveredstatements="17" conditionals="16" coveredconditionals="14" methods="3" coveredmethods="3"/>
        <line num="2" count="3" type="stmt"/>
        <line num="3" count="81" type="cond" truecount="3" falsecount="0"/>
        <line num="5" count="3" type="stmt"/>
        <line num="6" count="3" type="stmt"/>
        <line num="7" count="3" type="stmt"/>
        <line num="21" count="3" type="stmt"/>
        <line num="43" count="6" type="cond" truecount="3" falsecount="1"/>
        <line num="44" count="12" type="cond" truecount="1" falsecount="1"/>
        <line num="45" count="6" type="cond" truecount="4" falsecount="0"/>
        <line num="46" count="6" type="stmt"/>
        <line num="47" count="6" type="cond" truecount="3" falsecount="0"/>
        <line num="48" count="1" type="stmt"/>
        <line num="49" count="1" type="stmt"/>
        <line num="50" count="6" type="stmt"/>
        <line num="52" count="6" type="stmt"/>
        <line num="55" count="3" type="stmt"/>
        <line num="57" count="3" type="stmt"/>
      </file>
    </package>
    <package name="errors.auth.lib">
      <metrics statements="17" coveredstatements="17" conditionals="9" coveredconditionals="7" methods="2" coveredmethods="2"/>
      <file name="generate-auth-message.mjs" path="/Users/zane/playground/standard-error-set/src/errors/auth/lib/generate-auth-message.mjs">
        <metrics statements="10" coveredstatements="10" conditionals="5" coveredconditionals="3" methods="1" coveredmethods="1"/>
        <line num="1" count="9" type="stmt"/>
        <line num="3" count="9" type="stmt"/>
        <line num="4" count="9" type="stmt"/>
        <line num="5" count="9" type="stmt"/>
        <line num="7" count="9" type="cond" truecount="1" falsecount="1"/>
        <line num="11" count="9" type="stmt"/>
        <line num="12" count="9" type="cond" truecount="1" falsecount="0"/>
        <line num="13" count="3" type="stmt"/>
        <line num="15" count="9" type="cond" truecount="1" falsecount="1"/>
        <line num="17" count="9" type="stmt"/>
      </file>
      <file name="generate-no-access-message.mjs" path="/Users/zane/playground/standard-error-set/src/errors/auth/lib/generate-no-access-message.mjs">
        <metrics statements="7" coveredstatements="7" conditionals="4" coveredconditionals="4" methods="1" coveredmethods="1"/>
        <line num="1" count="5" type="stmt"/>
        <line num="2" count="5" type="stmt"/>
        <line num="4" count="5" type="stmt"/>
        <line num="5" count="18" type="stmt"/>
        <line num="7" count="18" type="cond" truecount="2" falsecount="0"/>
        <line num="8" count="14" type="stmt"/>
        <line num="11" count="4" type="cond" truecount="2" falsecount="0"/>
      </file>
    </package>
    <package name="errors.database">
      <metrics statements="92" coveredstatements="92" conditionals="80" coveredconditionals="61" methods="16" coveredmethods="16"/>
      <file name="constraint-violation-error.mjs" path="/Users/zane/playground/standard-error-set/src/errors/database/constraint-violation-error.mjs">
        <metrics statements="21" coveredstatements="21" conditionals="17" coveredconditionals="13" methods="3" coveredmethods="3"/>
        <line num="2" count="3" type="stmt"/>
        <line num="3" count="3" type="stmt"/>
        <line num="4" count="204" type="cond" truecount="3" falsecount="0"/>
        <line num="6" count="3" type="stmt"/>
        <line num="7" count="3" type="stmt"/>
        <line num="8" count="3" type="stmt"/>
        <line num="9" count="3" type="stmt"/>
        <line num="19" count="3" type="stmt"/>
        <line num="43" count="8" type="cond" truecount="1" falsecount="1"/>
        <line num="44" count="8" type="cond" truecount="1" falsecount="1"/>
        <line num="45" count="8" type="cond" truecount="2" falsecount="0"/>
        <line num="46" count="8" type="stmt"/>
        <line num="47" count="8" type="stmt"/>
        <line num="48" count="16" type="cond" truecount="1" falsecount="1"/>
        <line num="49" count="8" type="cond" truecount="3" falsecount="1"/>
        <line num="50" count="8" type="stmt"/>
        <line num="51" count="8" type="stmt"/>
        <line num="56" count="8" type="stmt"/>
        <line num="58" count="6" type="stmt"/>
        <line num="61" count="3" type="stmt"/>
        <line num="63" count="3" type="stmt"/>
      </file>
      <file name="database-error.mjs" path="/Users/zane/playground/standard-error-set/src/errors/database/database-error.mjs">
        <metrics statements="32" coveredstatements="32" conditionals="24" coveredconditionals="18" methods="4" coveredmethods="4"/>
        <line num="2" count="4" type="stmt"/>
        <line num="3" count="4" type="stmt"/>
        <line num="4" count="282" type="cond" truecount="3" falsecount="0"/>
        <line num="6" count="4" type="stmt"/>
        <line num="7" count="4" type="stmt"/>
        <line num="8" count="4" type="stmt"/>
        <line num="9" count="4" type="stmt"/>
        <line num="17" count="4" type="stmt"/>
        <line num="42" count="12" type="cond" truecount="1" falsecount="1"/>
        <line num="43" count="12" type="cond" truecount="1" falsecount="1"/>
        <line num="44" count="12" type="cond" truecount="2" falsecount="0"/>
        <line num="45" count="12" type="stmt"/>
        <line num="46" count="12" type="stmt"/>
        <line num="47" count="24" type="cond" truecount="1" falsecount="1"/>
        <line num="48" count="12" type="cond" truecount="3" falsecount="1"/>
        <line num="49" count="12" type="stmt"/>
        <line num="50" count="12" type="stmt"/>
        <line num="52" count="12" type="stmt"/>
        <line num="54" count="8" type="stmt"/>
        <line num="57" count="4" type="stmt"/>
        <line num="59" count="4" type="stmt"/>
        <line num="61" count="4" type="stmt"/>
        <line num="62" count="10" type="stmt"/>
        <line num="64" count="10" type="cond" truecount="1" falsecount="1"/>
        <line num="65" count="10" type="cond" truecount="2" falsecount="0"/>
        <line num="66" count="4" type="stmt"/>
        <line num="69" count="6" type="stmt"/>
        <line num="71" count="10" type="cond" truecount="1" falsecount="1"/>
        <line num="72" count="10" type="cond" truecount="1" falsecount="0"/>
        <line num="73" count="2" type="stmt"/>
        <line num="75" count="10" type="stmt"/>
        <line num="77" count="10" type="stmt"/>
      </file>
      <file name="local-rollback-error.mjs" path="/Users/zane/playground/standard-error-set/src/errors/database/local-rollback-error.mjs">
        <metrics statements="13" coveredstatements="13" conditionals="13" coveredconditionals="10" methods="3" coveredmethods="3"/>
        <line num="2" count="3" type="stmt"/>
        <line num="3" count="87" type="cond" truecount="3" falsecount="0"/>
        <line num="5" count="3" type="stmt"/>
        <line num="6" count="3" type="stmt"/>
        <line num="7" count="3" type="stmt"/>
        <line num="13" count="3" type="stmt"/>
        <line num="37" count="6" type="cond" truecount="2" falsecount="2"/>
        <line num="38" count="12" type="cond" truecount="1" falsecount="1"/>
        <line num="39" count="6" type="cond" truecount="4" falsecount="0"/>
        <line num="40" count="6" type="stmt"/>
        <line num="42" count="6" type="stmt"/>
        <line num="45" count="3" type="stmt"/>
        <line num="47" count="3" type="stmt"/>
      </file>
      <file name="local-transaction-error.mjs" path="/Users/zane/playground/standard-error-set/src/errors/database/local-transaction-error.mjs">
        <metrics statements="13" coveredstatements="13" conditionals="13" coveredconditionals="10" methods="3" coveredmethods="3"/>
        <line num="2" count="3" type="stmt"/>
        <line num="3" count="87" type="cond" truecount="3" falsecount="0"/>
        <line num="5" count="3" type="stmt"/>
        <line num="6" count="3" type="stmt"/>
        <line num="7" count="3" type="stmt"/>
        <line num="13" count="3" type="stmt"/>
        <line num="38" count="6" type="cond" truecount="2" falsecount="2"/>
        <line num="39" count="12" type="cond" truecount="1" falsecount="1"/>
        <line num="40" count="6" type="cond" truecount="4" falsecount="0"/>
        <line num="41" count="6" type="stmt"/>
        <line num="43" count="6" type="stmt"/>
        <line num="46" count="3" type="stmt"/>
        <line num="48" count="3" type="stmt"/>
      </file>
      <file name="unique-constraint-violation-error.mjs" path="/Users/zane/playground/standard-error-set/src/errors/database/unique-constraint-violation-error.mjs">
        <metrics statements="13" coveredstatements="13" conditionals="13" coveredconditionals="10" methods="3" coveredmethods="3"/>
        <line num="2" count="3" type="stmt"/>
        <line num="3" count="115" type="cond" truecount="3" falsecount="0"/>
        <line num="5" count="3" type="stmt"/>
        <line num="6" count="3" type="stmt"/>
        <line num="7" count="3" type="stmt"/>
        <line num="12" count="3" type="stmt"/>
        <line num="34" count="8" type="cond" truecount="2" falsecount="2"/>
        <line num="35" count="16" type="cond" truecount="1" falsecount="1"/>
        <line num="36" count="8" type="cond" truecount="4" falsecount="0"/>
        <line num="37" count="8" type="stmt"/>
        <line num="39" count="6" type="stmt"/>
        <line num="42" count="3" type="stmt"/>
        <line num="47" count="3" type="stmt"/>
      </file>
    </package>
    <package name="errors.database.lib">
      <metrics statements="22" coveredstatements="22" conditionals="20" coveredconditionals="10" methods="2" coveredmethods="2"/>
      <file name="generate-constraint-message.mjs" path="/Users/zane/playground/standard-error-set/src/errors/database/lib/generate-constraint-message.mjs">
        <metrics statements="22" coveredstatements="22" conditionals="20" coveredconditionals="10" methods="2" coveredmethods="2"/>
        <line num="1" count="82" type="cond" truecount="2" falsecount="9"/>
        <line num="3" count="3" type="stmt"/>
        <line num="4" count="8" type="stmt"/>
        <line num="5" count="8" type="stmt"/>
        <line num="7" count="8" type="cond" truecount="1" falsecount="1"/>
        <line num="11" count="8" type="stmt"/>
        <line num="12" count="8" type="cond" truecount="1" falsecount="0"/>
        <line num="13" count="8" type="stmt"/>
        <line num="16" count="8" type="cond" truecount="1" falsecount="0"/>
        <line num="17" count="6" type="stmt"/>
        <line num="18" count="8" type="stmt"/>
        <line num="19" count="8" type="cond" truecount="4" falsecount="0"/>
        <line num="20" count="2" type="stmt"/>
        <line num="21" count="2" type="stmt"/>
        <line num="24" count="6" type="stmt"/>
        <line num="26" count="6" type="stmt"/>
        <line num="27" count="6" type="stmt"/>
        <line num="28" count="6" type="stmt"/>
        <line num="30" count="8" type="cond" truecount="1" falsecount="0"/>
        <line num="31" count="3" type="stmt"/>
        <line num="33" count="8" type="stmt"/>
        <line num="35" count="8" type="stmt"/>
      </file>
    </package>
    <package name="errors.feature">
      <metrics statements="35" coveredstatements="35" conditionals="32" coveredconditionals="28" methods="8" coveredmethods="8"/>
      <file name="not-implemented-error.mjs" path="/Users/zane/playground/standard-error-set/src/errors/feature/not-implemented-error.mjs">
        <metrics statements="14" coveredstatements="14" conditionals="13" coveredconditionals="12" methods="4" coveredmethods="4"/>
        <line num="2" count="3" type="stmt"/>
        <line num="3" count="3" type="stmt"/>
        <line num="4" count="48" type="cond" truecount="3" falsecount="0"/>
        <line num="6" count="3" type="stmt"/>
        <line num="16" count="3" type="stmt"/>
        <line num="31" count="6" type="cond" truecount="5" falsecount="1"/>
        <line num="32" count="3" type="cond" truecount="2" falsecount="0"/>
        <line num="34" count="6" type="stmt"/>
        <line num="37" count="3" type="stmt"/>
        <line num="39" count="3" type="stmt"/>
        <line num="41" count="3" type="stmt"/>
        <line num="42" count="2" type="cond" truecount="2" falsecount="0"/>
        <line num="43" count="1" type="stmt"/>
        <line num="46" count="1" type="stmt"/>
      </file>
      <file name="not-supported-error.mjs" path="/Users/zane/playground/standard-error-set/src/errors/feature/not-supported-error.mjs">
        <metrics statements="21" coveredstatements="21" conditionals="19" coveredconditionals="16" methods="4" coveredmethods="4"/>
        <line num="2" count="3" type="stmt"/>
        <line num="3" count="3" type="stmt"/>
        <line num="4" count="119" type="cond" truecount="3" falsecount="0"/>
        <line num="6" count="3" type="stmt"/>
        <line num="7" count="3" type="stmt"/>
        <line num="8" count="3" type="stmt"/>
        <line num="20" count="3" type="stmt"/>
        <line num="48" count="5" type="cond" truecount="3" falsecount="1"/>
        <line num="49" count="10" type="cond" truecount="1" falsecount="1"/>
        <line num="50" count="5" type="cond" truecount="4" falsecount="0"/>
        <line num="51" count="5" type="stmt"/>
        <line num="52" count="5" type="stmt"/>
        <line num="54" count="5" type="stmt"/>
        <line num="56" count="6" type="stmt"/>
        <line num="59" count="3" type="stmt"/>
        <line num="61" count="3" type="stmt"/>
        <line num="63" count="3" type="stmt"/>
        <line num="64" count="4" type="stmt"/>
        <line num="66" count="4" type="cond" truecount="2" falsecount="0"/>
        <line num="69" count="4" type="stmt"/>
        <line num="75" count="4" type="stmt"/>
      </file>
    </package>
    <package name="errors.io">
      <metrics statements="53" coveredstatements="53" conditionals="47" coveredconditionals="38" methods="9" coveredmethods="9"/>
      <file name="end-of-stream-error.mjs" path="/Users/zane/playground/standard-error-set/src/errors/io/end-of-stream-error.mjs">
        <metrics statements="17" coveredstatements="17" conditionals="15" coveredconditionals="13" methods="3" coveredmethods="3"/>
        <line num="2" count="3" type="stmt"/>
        <line num="3" count="3" type="stmt"/>
        <line num="4" count="144" type="cond" truecount="3" falsecount="0"/>
        <line num="6" count="3" type="stmt"/>
        <line num="7" count="3" type="stmt"/>
        <line num="8" count="3" type="stmt"/>
        <line num="9" count="3" type="stmt"/>
        <line num="18" count="3" type="stmt"/>
        <line num="40" count="6" type="cond" truecount="3" falsecount="1"/>
        <line num="41" count="12" type="cond" truecount="1" falsecount="1"/>
        <line num="42" count="6" type="cond" truecount="4" falsecount="0"/>
        <line num="43" count="6" type="stmt"/>
        <line num="44" count="6" type="stmt"/>
        <line num="50" count="6" type="stmt"/>
        <line num="52" count="6" type="stmt"/>
        <line num="55" count="3" type="stmt"/>
        <line num="57" count="3" type="stmt"/>
      </file>
      <file name="file-load-error.mjs" path="/Users/zane/playground/standard-error-set/src/errors/io/file-load-error.mjs">
        <metrics statements="19" coveredstatements="19" conditionals="17" coveredconditionals="15" methods="3" coveredmethods="3"/>
        <line num="2" count="3" type="stmt"/>
        <line num="3" count="3" type="stmt"/>
        <line num="4" count="3" type="stmt"/>
        <line num="5" count="225" type="cond" truecount="3" falsecount="0"/>
        <line num="7" count="3" type="stmt"/>
        <line num="8" count="3" type="stmt"/>
        <line num="9" count="3" type="stmt"/>
        <line num="10" count="3" type="stmt"/>
        <line num="19" count="3" type="stmt"/>
        <line num="46" count="6" type="cond" truecount="3" falsecount="1"/>
        <line num="47" count="12" type="cond" truecount="1" falsecount="1"/>
        <line num="48" count="6" type="cond" truecount="4" falsecount="0"/>
        <line num="49" count="6" type="stmt"/>
        <line num="50" count="6" type="cond" truecount="2" falsecount="0"/>
        <line num="51" count="6" type="stmt"/>
        <line num="53" count="6" type="stmt"/>
        <line num="55" count="6" type="stmt"/>
        <line num="58" count="3" type="stmt"/>
        <line num="60" count="3" type="stmt"/>
      </file>
      <file name="io-error.mjs" path="/Users/zane/playground/standard-error-set/src/errors/io/io-error.mjs">
        <metrics statements="17" coveredstatements="17" conditionals="15" coveredconditionals="10" methods="3" coveredmethods="3"/>
        <line num="2" count="4" type="stmt"/>
        <line num="3" count="4" type="stmt"/>
        <line num="4" count="185" type="cond" truecount="3" falsecount="0"/>
        <line num="6" count="4" type="stmt"/>
        <line num="7" count="4" type="stmt"/>
        <line num="8" count="4" type="stmt"/>
        <line num="9" count="4" type="stmt"/>
        <line num="19" count="4" type="stmt"/>
        <line num="41" count="12" type="cond" truecount="2" falsecount="2"/>
        <line num="42" count="24" type="cond" truecount="1" falsecount="1"/>
        <line num="43" count="12" type="cond" truecount="3" falsecount="1"/>
        <line num="44" count="12" type="stmt"/>
        <line num="45" count="12" type="stmt"/>
        <line num="47" count="12" type="stmt"/>
        <line num="49" count="8" type="stmt"/>
        <line num="52" count="4" type="stmt"/>
        <line num="54" count="4" type="stmt"/>
      </file>
    </package>
    <package name="errors.io.lib">
      <metrics statements="8" coveredstatements="8" conditionals="13" coveredconditionals="9" methods="1" coveredmethods="1"/>
      <file name="generate-io-error-message.mjs" path="/Users/zane/playground/standard-error-set/src/errors/io/lib/generate-io-error-message.mjs">
        <metrics statements="8" coveredstatements="8" conditionals="13" coveredconditionals="9" methods="1" coveredmethods="1"/>
        <line num="1" count="4" type="stmt"/>
        <line num="3" count="10" type="cond" truecount="5" falsecount="3"/>
        <line num="4" count="10" type="stmt"/>
        <line num="6" count="10" type="cond" truecount="3" falsecount="1"/>
        <line num="7" count="10" type="cond" truecount="1" falsecount="0"/>
        <line num="8" count="2" type="stmt"/>
        <line num="10" count="10" type="stmt"/>
        <line num="12" count="10" type="stmt"/>
      </file>
    </package>
    <package name="errors.lib">
      <metrics statements="26" coveredstatements="26" conditionals="26" coveredconditionals="24" methods="4" coveredmethods="4"/>
      <file name="describe-directory.mjs" path="/Users/zane/playground/standard-error-set/src/errors/lib/describe-directory.mjs">
        <metrics statements="1" coveredstatements="1" conditionals="2" coveredconditionals="2" methods="1" coveredmethods="1"/>
        <line num="1" count="6" type="stmt"/>
      </file>
      <file name="describe-file.mjs" path="/Users/zane/playground/standard-error-set/src/errors/lib/describe-file.mjs">
        <metrics statements="10" coveredstatements="10" conditionals="11" coveredconditionals="9" methods="1" coveredmethods="1"/>
        <line num="1" count="18" type="stmt"/>
        <line num="2" count="18" type="stmt"/>
        <line num="3" count="18" type="cond" truecount="4" falsecount="0"/>
        <line num="6" count="5" type="cond" truecount="1" falsecount="1"/>
        <line num="7" count="5" type="cond" truecount="1" falsecount="1"/>
        <line num="11" count="13" type="cond" truecount="2" falsecount="0"/>
        <line num="12" count="5" type="stmt"/>
        <line num="14" count="8" type="cond" truecount="1" falsecount="0"/>
        <line num="15" count="1" type="stmt"/>
        <line num="18" count="18" type="stmt"/>
      </file>
      <file name="hoist-error-code.mjs" path="/Users/zane/playground/standard-error-set/src/errors/lib/hoist-error-code.mjs">
        <metrics statements="4" coveredstatements="4" conditionals="7" coveredconditionals="7" methods="1" coveredmethods="1"/>
        <line num="1" count="30" type="stmt"/>
        <line num="2" count="225" type="stmt"/>
        <line num="3" count="225" type="cond" truecount="3" falsecount="0"/>
        <line num="4" count="177" type="cond" truecount="4" falsecount="0"/>
      </file>
      <file name="translate-value.mjs" path="/Users/zane/playground/standard-error-set/src/errors/lib/translate-value.mjs">
        <metrics statements="11" coveredstatements="11" conditionals="6" coveredconditionals="6" methods="1" coveredmethods="1"/>
        <line num="1" count="10" type="stmt"/>
        <line num="2" count="25" type="stmt"/>
        <line num="3" count="25" type="cond" truecount="2" falsecount="0"/>
        <line num="4" count="1" type="stmt"/>
        <line num="6" count="24" type="cond" truecount="2" falsecount="0"/>
        <line num="7" count="7" type="cond" truecount="2" falsecount="0"/>
        <line num="8" count="4" type="stmt"/>
        <line num="11" count="3" type="stmt"/>
        <line num="12" count="3" type="stmt"/>
        <line num="15" count="1" type="stmt"/>
        <line num="20" count="17" type="stmt"/>
      </file>
    </package>
    <package name="errors.not-found">
      <metrics statements="46" coveredstatements="46" conditionals="46" coveredconditionals="41" methods="9" coveredmethods="9"/>
      <file name="directory-not-found-error.mjs" path="/Users/zane/playground/standard-error-set/src/errors/not-found/directory-not-found-error.mjs">
        <metrics statements="16" coveredstatements="16" conditionals="15" coveredconditionals="13" methods="3" coveredmethods="3"/>
        <line num="2" count="3" type="stmt"/>
        <line num="3" count="3" type="stmt"/>
        <line num="4" count="3" type="stmt"/>
        <line num="5" count="35" type="cond" truecount="3" falsecount="0"/>
        <line num="7" count="3" type="stmt"/>
        <line num="8" count="3" type="stmt"/>
        <line num="9" count="3" type="stmt"/>
        <line num="20" count="3" type="stmt"/>
        <line num="37" count="4" type="cond" truecount="6" falsecount="2"/>
        <line num="38" count="2" type="stmt"/>
        <line num="39" count="2" type="cond" truecount="2" falsecount="0"/>
        <line num="40" count="2" type="stmt"/>
        <line num="41" count="2" type="cond" truecount="2" falsecount="0"/>
        <line num="44" count="6" type="stmt"/>
        <line num="47" count="3" type="stmt"/>
        <line num="49" count="3" type="stmt"/>
      </file>
      <file name="file-not-found-error.mjs" path="/Users/zane/playground/standard-error-set/src/errors/not-found/file-not-found-error.mjs">
        <metrics statements="16" coveredstatements="16" conditionals="16" coveredconditionals="13" methods="3" coveredmethods="3"/>
        <line num="2" count="4" type="stmt"/>
        <line num="3" count="4" type="stmt"/>
        <line num="4" count="4" type="stmt"/>
        <line num="5" count="100" type="cond" truecount="3" falsecount="0"/>
        <line num="7" count="4" type="stmt"/>
        <line num="8" count="4" type="stmt"/>
        <line num="9" count="4" type="stmt"/>
        <line num="20" count="4" type="stmt"/>
        <line num="44" count="12" type="cond" truecount="6" falsecount="2"/>
        <line num="45" count="6" type="stmt"/>
        <line num="46" count="6" type="stmt"/>
        <line num="48" count="6" type="stmt"/>
        <line num="49" count="6" type="cond" truecount="2" falsecount="0"/>
        <line num="52" count="8" type="stmt"/>
        <line num="55" count="4" type="stmt"/>
        <line num="57" count="4" type="stmt"/>
      </file>
      <file name="not-found-error.mjs" path="/Users/zane/playground/standard-error-set/src/errors/not-found/not-found-error.mjs">
        <metrics statements="14" coveredstatements="14" conditionals="15" coveredconditionals="15" methods="3" coveredmethods="3"/>
        <line num="2" count="5" type="stmt"/>
        <line num="3" count="5" type="stmt"/>
        <line num="4" count="174" type="cond" truecount="3" falsecount="0"/>
        <line num="6" count="5" type="stmt"/>
        <line num="7" count="5" type="stmt"/>
        <line num="8" count="5" type="stmt"/>
        <line num="21" count="5" type="stmt"/>
        <line num="37" count="22" type="cond" truecount="10" falsecount="0"/>
        <line num="38" count="11" type="stmt"/>
        <line num="39" count="11" type="stmt"/>
        <line num="40" count="11" type="cond" truecount="2" falsecount="0"/>
        <line num="42" count="10" type="stmt"/>
        <line num="45" count="5" type="stmt"/>
        <line num="47" count="5" type="stmt"/>
      </file>
    </package>
    <package name="errors.not-found.lib">
      <metrics statements="7" coveredstatements="7" conditionals="1" coveredconditionals="1" methods="1" coveredmethods="1"/>
      <file name="generate-not-found-message.mjs" path="/Users/zane/playground/standard-error-set/src/errors/not-found/lib/generate-not-found-message.mjs">
        <metrics statements="7" coveredstatements="7" conditionals="1" coveredconditionals="1" methods="1" coveredmethods="1"/>
        <line num="1" count="6" type="stmt"/>
        <line num="14" count="6" type="stmt"/>
        <line num="15" count="25" type="stmt"/>
        <line num="16" count="25" type="cond" truecount="1" falsecount="0"/>
        <line num="17" count="4" type="stmt"/>
        <line num="20" count="25" type="stmt"/>
        <line num="22" count="25" type="stmt"/>
      </file>
    </package>
    <package name="errors.service">
      <metrics statements="63" coveredstatements="63" conditionals="60" coveredconditionals="45" methods="11" coveredmethods="11"/>
      <file name="connection-error.mjs" path="/Users/zane/playground/standard-error-set/src/errors/service/connection-error.mjs">
        <metrics statements="21" coveredstatements="21" conditionals="22" coveredconditionals="15" methods="4" coveredmethods="4"/>
        <line num="2" count="3" type="stmt"/>
        <line num="3" count="3" type="stmt"/>
        <line num="4" count="3" type="stmt"/>
        <line num="5" count="3" type="stmt"/>
        <line num="6" count="249" type="cond" truecount="3" falsecount="0"/>
        <line num="8" count="3" type="stmt"/>
        <line num="9" count="3" type="stmt"/>
        <line num="18" count="3" type="stmt"/>
        <line num="41" count="18" type="cond" truecount="5" falsecount="3"/>
        <line num="42" count="9" type="stmt"/>
        <line num="43" count="9" type="cond" truecount="2" falsecount="1"/>
        <line num="44" count="9" type="stmt"/>
        <line num="49" count="9" type="stmt"/>
        <line num="50" count="9" type="stmt"/>
        <line num="51" count="9" type="cond" truecount="2" falsecount="0"/>
        <line num="53" count="6" type="stmt"/>
        <line num="56" count="3" type="stmt"/>
        <line num="58" count="3" type="stmt"/>
        <line num="60" count="3" type="stmt"/>
        <line num="61" count="9" type="stmt"/>
        <line num="63" count="9" type="cond" truecount="2" falsecount="2"/>
      </file>
      <file name="external-service-error.mjs" path="/Users/zane/playground/standard-error-set/src/errors/service/external-service-error.mjs">
        <metrics statements="14" coveredstatements="14" conditionals="15" coveredconditionals="11" methods="3" coveredmethods="3"/>
        <line num="2" count="6" type="stmt"/>
        <line num="3" count="6" type="stmt"/>
        <line num="4" count="360" type="cond" truecount="3" falsecount="0"/>
        <line num="6" count="6" type="stmt"/>
        <line num="7" count="6" type="stmt"/>
        <line num="8" count="6" type="stmt"/>
        <line num="20" count="6" type="stmt"/>
        <line num="39" count="48" type="cond" truecount="7" falsecount="3"/>
        <line num="40" count="24" type="stmt"/>
        <line num="41" count="24" type="stmt"/>
        <line num="47" count="24" type="stmt"/>
        <line num="49" count="12" type="stmt"/>
        <line num="52" count="6" type="stmt"/>
        <line num="54" count="6" type="stmt"/>
      </file>
      <file name="unavailable-error.mjs" path="/Users/zane/playground/standard-error-set/src/errors/service/unavailable-error.mjs">
        <metrics statements="28" coveredstatements="28" conditionals="23" coveredconditionals="19" methods="4" coveredmethods="4"/>
        <line num="2" count="3" type="stmt"/>
        <line num="3" count="3" type="stmt"/>
        <line num="4" count="179" type="cond" truecount="3" falsecount="0"/>
        <line num="6" count="3" type="stmt"/>
        <line num="7" count="3" type="stmt"/>
        <line num="8" count="3" type="stmt"/>
        <line num="9" count="3" type="stmt"/>
        <line num="18" count="3" type="stmt"/>
        <line num="44" count="7" type="cond" truecount="1" falsecount="1"/>
        <line num="45" count="7" type="cond" truecount="2" falsecount="0"/>
        <line num="46" count="7" type="cond" truecount="2" falsecount="0"/>
        <line num="47" count="7" type="stmt"/>
        <line num="48" count="7" type="stmt"/>
        <line num="49" count="14" type="cond" truecount="1" falsecount="1"/>
        <line num="50" count="7" type="cond" truecount="4" falsecount="0"/>
        <line num="51" count="7" type="stmt"/>
        <line num="52" count="7" type="stmt"/>
        <line num="54" count="7" type="stmt"/>
        <line num="56" count="6" type="stmt"/>
        <line num="59" count="3" type="stmt"/>
        <line num="61" count="3" type="stmt"/>
        <line num="63" count="3" type="stmt"/>
        <line num="64" count="7" type="stmt"/>
        <line num="66" count="7" type="stmt"/>
        <line num="70" count="7" type="stmt"/>
        <line num="75" count="7" type="stmt"/>
        <line num="76" count="7" type="cond" truecount="2" falsecount="0"/>
        <line num="80" count="7" type="stmt"/>
      </file>
    </package>
    <package name="errors.service.database">
      <metrics statements="48" coveredstatements="48" conditionals="45" coveredconditionals="41" methods="9" coveredmethods="9"/>
      <file name="data-service-error.mjs" path="/Users/zane/playground/standard-error-set/src/errors/service/database/data-service-error.mjs">
        <metrics statements="16" coveredstatements="16" conditionals="15" coveredconditionals="15" methods="3" coveredmethods="3"/>
        <line num="2" count="5" type="stmt"/>
        <line num="3" count="5" type="stmt"/>
        <line num="4" count="263" type="cond" truecount="3" falsecount="0"/>
        <line num="6" count="5" type="stmt"/>
        <line num="7" count="5" type="stmt"/>
        <line num="8" count="5" type="stmt"/>
        <line num="20" count="5" type="stmt"/>
        <line num="40" count="15" type="cond" truecount="4" falsecount="0"/>
        <line num="41" count="30" type="cond" truecount="2" falsecount="0"/>
        <line num="42" count="15" type="cond" truecount="4" falsecount="0"/>
        <line num="43" count="15" type="stmt"/>
        <line num="44" count="15" type="stmt"/>
        <line num="50" count="15" type="stmt"/>
        <line num="52" count="10" type="stmt"/>
        <line num="55" count="5" type="stmt"/>
        <line num="57" count="5" type="stmt"/>
      </file>
      <file name="rollback-error.mjs" path="/Users/zane/playground/standard-error-set/src/errors/service/database/rollback-error.mjs">
        <metrics statements="16" coveredstatements="16" conditionals="15" coveredconditionals="13" methods="3" coveredmethods="3"/>
        <line num="2" count="3" type="stmt"/>
        <line num="3" count="3" type="stmt"/>
        <line num="4" count="117" type="cond" truecount="3" falsecount="0"/>
        <line num="6" count="3" type="stmt"/>
        <line num="7" count="3" type="stmt"/>
        <line num="8" count="3" type="stmt"/>
        <line num="22" count="3" type="stmt"/>
        <line num="42" count="5" type="cond" truecount="3" falsecount="1"/>
        <line num="43" count="10" type="cond" truecount="1" falsecount="1"/>
        <line num="44" count="5" type="cond" truecount="4" falsecount="0"/>
        <line num="45" count="5" type="stmt"/>
        <line num="46" count="5" type="stmt"/>
        <line num="52" count="5" type="stmt"/>
        <line num="54" count="6" type="stmt"/>
        <line num="57" count="3" type="stmt"/>
        <line num="59" count="3" type="stmt"/>
      </file>
      <file name="transaction-error.mjs" path="/Users/zane/playground/standard-error-set/src/errors/service/database/transaction-error.mjs">
        <metrics statements="16" coveredstatements="16" conditionals="15" coveredconditionals="13" methods="3" coveredmethods="3"/>
        <line num="2" count="3" type="stmt"/>
        <line num="3" count="3" type="stmt"/>
        <line num="4" count="117" type="cond" truecount="3" falsecount="0"/>
        <line num="6" count="3" type="stmt"/>
        <line num="7" count="3" type="stmt"/>
        <line num="8" count="3" type="stmt"/>
        <line num="22" count="3" type="stmt"/>
        <line num="42" count="5" type="cond" truecount="3" falsecount="1"/>
        <line num="43" count="10" type="cond" truecount="1" falsecount="1"/>
        <line num="44" count="5" type="cond" truecount="4" falsecount="0"/>
        <line num="45" count="5" type="stmt"/>
        <line num="46" count="5" type="stmt"/>
        <line num="52" count="5" type="stmt"/>
        <line num="54" count="6" type="stmt"/>
        <line num="57" count="3" type="stmt"/>
        <line num="59" count="3" type="stmt"/>
      </file>
    </package>
    <package name="errors.service.lib">
      <metrics statements="9" coveredstatements="9" conditionals="5" coveredconditionals="4" methods="1" coveredmethods="1"/>
      <file name="connection-codes.mjs" path="/Users/zane/playground/standard-error-set/src/errors/service/lib/connection-codes.mjs">
        <metrics statements="1" coveredstatements="1" conditionals="0" coveredconditionals="0" methods="0" coveredmethods="0"/>
        <line num="1" count="3" type="stmt"/>
      </file>
      <file name="generate-external-service-message.mjs" path="/Users/zane/playground/standard-error-set/src/errors/service/lib/generate-external-service-message.mjs">
        <metrics statements="8" coveredstatements="8" conditionals="5" coveredconditionals="4" methods="1" coveredmethods="1"/>
        <line num="1" count="6" type="stmt"/>
        <line num="3" count="6" type="stmt"/>
        <line num="4" count="12" type="stmt"/>
        <line num="6" count="12" type="cond" truecount="3" falsecount="1"/>
        <line num="7" count="12" type="cond" truecount="1" falsecount="0"/>
        <line num="8" count="6" type="stmt"/>
        <line num="10" count="12" type="stmt"/>
        <line num="12" count="12" type="stmt"/>
      </file>
    </package>
    <package name="lib">
      <metrics statements="7" coveredstatements="7" conditionals="6" coveredconditionals="4" methods="3" coveredmethods="3"/>
      <file name="valid-error-names.mjs" path="/Users/zane/playground/standard-error-set/src/lib/valid-error-names.mjs">
        <metrics statements="7" coveredstatements="7" conditionals="6" coveredconditionals="4" methods="3" coveredmethods="3"/>
        <line num="1" count="2" type="cond" truecount="4" falsecount="2"/>
        <line num="3" count="1" type="stmt"/>
        <line num="15" count="1" type="stmt"/>
        <line num="16" count="43" type="stmt"/>
        <line num="19" count="1" type="stmt"/>
        <line num="20" count="34" type="stmt"/>
        <line num="22" count="34" type="stmt"/>
      </file>
    </package>
    <package name="settings">
      <metrics statements="76" coveredstatements="76" conditionals="43" coveredconditionals="42" methods="7" coveredmethods="7"/>
      <file name="common-error-settings.mjs" path="/Users/zane/playground/standard-error-set/src/settings/common-error-settings.mjs">
        <metrics statements="31" coveredstatements="31" conditionals="20" coveredconditionals="20" methods="3" coveredmethods="3"/>
        <line num="2" count="5" type="stmt"/>
        <line num="3" count="5" type="stmt"/>
        <line num="4" count="5" type="stmt"/>
        <line num="5" count="5" type="stmt"/>
        <line num="30" count="5" type="stmt"/>
        <line num="31" count="114" type="cond" truecount="2" falsecount="0"/>
        <line num="32" count="36" type="stmt"/>
        <line num="33" count="6" type="stmt"/>
        <line num="36" count="78" type="cond" truecount="2" falsecount="0"/>
        <line num="37" count="2" type="stmt"/>
        <line num="38" count="2" type="stmt"/>
        <line num="41" count="1" type="stmt"/>
        <line num="43" count="77" type="cond" truecount="2" falsecount="0"/>
        <line num="44" count="69" type="stmt"/>
        <line num="47" count="8" type="stmt"/>
        <line num="48" count="4" type="stmt"/>
        <line num="52" count="5" type="stmt"/>
        <line num="53" count="10" type="cond" truecount="1" falsecount="0"/>
        <line num="54" count="1" type="stmt"/>
        <line num="63" count="9" type="cond" truecount="2" falsecount="0"/>
        <line num="64" count="1" type="cond" truecount="1" falsecount="0"/>
        <line num="66" count="1" type="stmt"/>
        <line num="68" count="1" type="stmt"/>
        <line num="76" count="8" type="cond" truecount="2" falsecount="0"/>
        <line num="77" count="6" type="cond" truecount="3" falsecount="0"/>
        <line num="78" count="1" type="stmt"/>
        <line num="86" count="2" type="cond" truecount="1" falsecount="0"/>
        <line num="87" count="2" type="stmt"/>
        <line num="88" count="2" type="stmt"/>
        <line num="89" count="2" type="cond" truecount="1" falsecount="0"/>
        <line num="90" count="1" type="stmt"/>
      </file>
      <file name="map-error-to-http-status.mjs" path="/Users/zane/playground/standard-error-set/src/settings/map-error-to-http-status.mjs">
        <metrics statements="26" coveredstatements="26" conditionals="14" coveredconditionals="14" methods="2" coveredmethods="2"/>
        <line num="1" count="30" type="stmt"/>
        <line num="3" count="30" type="stmt"/>
        <line num="13" count="30" type="stmt"/>
        <line num="33" count="30" type="stmt"/>
        <line num="35" count="275" type="cond" truecount="1" falsecount="0"/>
        <line num="37" count="42" type="stmt"/>
        <line num="38" count="6" type="stmt"/>
        <line num="41" count="42" type="stmt"/>
        <line num="44" count="233" type="stmt"/>
        <line num="45" count="233" type="cond" truecount="2" falsecount="0"/>
        <line num="47" count="1" type="stmt"/>
        <line num="49" count="232" type="cond" truecount="2" falsecount="0"/>
        <line num="52" count="6" type="stmt"/>
        <line num="54" count="226" type="cond" truecount="1" falsecount="0"/>
        <line num="56" count="1" type="stmt"/>
        <line num="58" count="1" type="stmt"/>
        <line num="62" count="232" type="cond" truecount="2" falsecount="0"/>
        <line num="64" count="226" type="cond" truecount="2" falsecount="0"/>
        <line num="65" count="226" type="stmt"/>
        <line num="66" count="226" type="cond" truecount="2" falsecount="0"/>
        <line num="67" count="224" type="cond" truecount="2" falsecount="0"/>
        <line num="68" count="224" type="stmt"/>
        <line num="71" count="226" type="stmt"/>
        <line num="75" count="6" type="stmt"/>
        <line num="79" count="30" type="stmt"/>
        <line num="80" count="129" type="stmt"/>
      </file>
      <file name="map-http-status-to-name.mjs" path="/Users/zane/playground/standard-error-set/src/settings/map-http-status-to-name.mjs">
        <metrics statements="11" coveredstatements="11" conditionals="9" coveredconditionals="8" methods="1" coveredmethods="1"/>
        <line num="4" count="30" type="stmt"/>
        <line num="50" count="30" type="stmt"/>
        <line num="66" count="30" type="stmt"/>
        <line num="68" count="230" type="cond" truecount="2" falsecount="0"/>
        <line num="69" count="12" type="stmt"/>
        <line num="70" count="4" type="stmt"/>
        <line num="73" count="218" type="cond" truecount="2" falsecount="0"/>
        <line num="74" count="1" type="stmt"/>
        <line num="76" count="217" type="cond" truecount="2" falsecount="0"/>
        <line num="77" count="215" type="cond" truecount="2" falsecount="1"/>
        <line num="80" count="2" type="stmt"/>
      </file>
      <file name="mask-no-access-errors.mjs" path="/Users/zane/playground/standard-error-set/src/settings/mask-no-access-errors.mjs">
        <metrics statements="8" coveredstatements="8" conditionals="0" coveredconditionals="0" methods="1" coveredmethods="1"/>
        <line num="1" count="3" type="stmt"/>
        <line num="2" count="3" type="stmt"/>
        <line num="3" count="3" type="stmt"/>
        <line num="4" count="3" type="stmt"/>
        <line num="16" count="3" type="stmt"/>
        <line num="17" count="1" type="stmt"/>
        <line num="19" count="1" type="stmt"/>
        <line num="20" count="1" type="stmt"/>
      </file>
    </package>
    <package name="settings.lib">
      <metrics statements="4" coveredstatements="4" conditionals="2" coveredconditionals="2" methods="1" coveredmethods="1"/>
      <file name="get-common-error-setting.mjs" path="/Users/zane/playground/standard-error-set/src/settings/lib/get-common-error-setting.mjs">
        <metrics statements="4" coveredstatements="4" conditionals="2" coveredconditionals="2" methods="1" coveredmethods="1"/>
        <line num="1" count="30" type="stmt"/>
        <line num="7" count="30" type="stmt"/>
        <line num="9" count="30" type="stmt"/>
        <line num="10" count="495" type="cond" truecount="2" falsecount="0"/>
      </file>
    </package>
    <package name="util">
      <metrics statements="71" coveredstatements="71" conditionals="80" coveredconditionals="80" methods="9" coveredmethods="9"/>
      <file name="include-parameter-in-message.mjs" path="/Users/zane/playground/standard-error-set/src/util/include-parameter-in-message.mjs">
        <metrics statements="9" coveredstatements="9" conditionals="10" coveredconditionals="10" methods="2" coveredmethods="2"/>
        <line num="1" count="30" type="stmt"/>
        <line num="12" count="30" type="stmt"/>
        <line num="13" count="1088" type="stmt"/>
        <line num="14" count="1088" type="cond" truecount="1" falsecount="0"/>
        <line num="18" count="661" type="stmt"/>
        <line num="21" count="427" type="stmt"/>
        <line num="32" count="30" type="stmt"/>
        <line num="33" count="441" type="stmt"/>
        <line num="34" count="441" type="cond" truecount="4" falsecount="0"/>
      </file>
      <file name="rethrow-if.mjs" path="/Users/zane/playground/standard-error-set/src/util/rethrow-if.mjs">
        <metrics statements="28" coveredstatements="28" conditionals="32" coveredconditionals="32" methods="5" coveredmethods="5"/>
        <line num="28" count="3" type="stmt"/>
        <line num="29" count="29" type="cond" truecount="1" falsecount="0"/>
        <line num="31" count="28" type="cond" truecount="1" falsecount="0"/>
        <line num="33" count="14" type="stmt"/>
        <line num="36" count="14" type="stmt"/>
        <line num="39" count="3" type="stmt"/>
        <line num="42" count="29" type="stmt"/>
        <line num="43" count="29" type="stmt"/>
        <line num="44" count="29" type="stmt"/>
        <line num="45" count="29" type="stmt"/>
        <line num="46" count="29" type="stmt"/>
        <line num="47" count="29" type="stmt"/>
        <line num="48" count="29" type="stmt"/>
        <line num="49" count="29" type="stmt"/>
        <line num="50" count="29" type="stmt"/>
        <line num="51" count="29" type="stmt"/>
        <line num="52" count="29" type="stmt"/>
        <line num="54" count="29" type="cond" truecount="4" falsecount="0"/>
        <line num="55" count="29" type="stmt"/>
        <line num="57" count="29" type="cond" truecount="18" falsecount="0"/>
        <line num="59" count="5" type="stmt"/>
        <line num="62" count="2" type="stmt"/>
        <line num="72" count="29" type="cond" truecount="2" falsecount="0"/>
        <line num="74" count="29" type="cond" truecount="2" falsecount="0"/>
        <line num="77" count="3" type="stmt"/>
        <line num="78" count="76" type="cond" truecount="2" falsecount="0"/>
        <line num="79" count="18" type="cond" truecount="2" falsecount="0"/>
        <line num="80" count="12" type="stmt"/>
      </file>
      <file name="wrap-error.mjs" path="/Users/zane/playground/standard-error-set/src/util/wrap-error.mjs">
        <metrics statements="34" coveredstatements="34" conditionals="38" coveredconditionals="38" methods="2" coveredmethods="2"/>
        <line num="1" count="3" type="stmt"/>
        <line num="2" count="3" type="stmt"/>
        <line num="3" count="3" type="stmt"/>
        <line num="4" count="3" type="stmt"/>
        <line num="5" count="3" type="stmt"/>
        <line num="6" count="3" type="stmt"/>
        <line num="7" count="3" type="stmt"/>
        <line num="8" count="3" type="stmt"/>
        <line num="9" count="3" type="stmt"/>
        <line num="10" count="210" type="cond" truecount="3" falsecount="0"/>
        <line num="47" count="27" type="cond" truecount="4" falsecount="0"/>
        <line num="48" count="27" type="stmt"/>
        <line num="51" count="27" type="cond" truecount="2" falsecount="0"/>
        <line num="53" count="27" type="cond" truecount="3" falsecount="0"/>
        <line num="54" count="6" type="stmt"/>
        <line num="58" count="21" type="cond" truecount="2" falsecount="0"/>
        <line num="60" count="21" type="cond" truecount="2" falsecount="0"/>
        <line num="62" count="9" type="stmt"/>
        <line num="64" count="12" type="cond" truecount="4" falsecount="0"/>
        <line num="65" count="2" type="stmt"/>
        <line num="67" count="10" type="cond" truecount="2" falsecount="0"/>
        <line num="68" count="1" type="stmt"/>
        <line num="70" count="9" type="cond" truecount="2" falsecount="0"/>
        <line num="71" count="1" type="cond" truecount="2" falsecount="0"/>
        <line num="73" count="1" type="stmt"/>
        <line num="75" count="8" type="cond" truecount="2" falsecount="0"/>
        <line num="76" count="1" type="cond" truecount="2" falsecount="0"/>
        <line num="78" count="1" type="stmt"/>
        <line num="80" count="7" type="cond" truecount="2" falsecount="0"/>
        <line num="81" count="1" type="cond" truecount="2" falsecount="0"/>
        <line num="83" count="1" type="stmt"/>
        <line num="85" count="6" type="cond" truecount="4" falsecount="0"/>
        <line num="86" count="4" type="stmt"/>
        <line num="89" count="2" type="stmt"/>
      </file>
    </package>
  </project>
</coverage>
