{"/Users/zane/playground/standard-error-set/src/argument-invalid-error.mjs": {"path":"/Users/zane/playground/standard-error-set/src/argument-invalid-error.mjs","statementMap":{"0":{"start":{"line":2,"column":0},"end":{"line":2,"column":null}},"1":{"start":{"line":3,"column":0},"end":{"line":3,"column":null}},"2":{"start":{"line":4,"column":0},"end":{"line":4,"column":54}},"3":{"start":{"line":4,"column":54},"end":{"line":4,"column":null}},"4":{"start":{"line":6,"column":15},"end":{"line":6,"column":37}},"5":{"start":{"line":18,"column":26},"end":{"line":18,"column":null}},"6":{"start":{"line":48,"column":98},"end":{"line":48,"column":96}},"7":{"start":{"line":48,"column":96},"end":{"line":48,"column":20}},"8":{"start":{"line":48,"column":20},"end":{"line":48,"column":31}},"9":{"start":{"line":48,"column":29},"end":{"line":48,"column":43}},"10":{"start":{"line":48,"column":43},"end":{"line":48,"column":57}},"11":{"start":{"line":48,"column":55},"end":{"line":48,"column":62}},"12":{"start":{"line":48,"column":62},"end":{"line":48,"column":82}},"13":{"start":{"line":48,"column":89},"end":{"line":48,"column":94}},"14":{"start":{"line":49,"column":4},"end":{"line":49,"column":null}},"15":{"start":{"line":49,"column":93},"end":{"line":50,"column":null}},"16":{"start":{"line":51,"column":3},"end":{"line":51,"column":null}},"17":{"start":{"line":54,"column":0},"end":{"line":54,"column":null}},"18":{"start":{"line":56,"column":0},"end":{"line":56,"column":null}},"19":{"start":{"line":58,"column":24},"end":{"line":92,"column":1}},"20":{"start":{"line":59,"column":14},"end":{"line":59,"column":13}},"21":{"start":{"line":60,"column":13},"end":{"line":60,"column":12}},"22":{"start":{"line":61,"column":14},"end":{"line":61,"column":13}},"23":{"start":{"line":62,"column":14},"end":{"line":62,"column":13}},"24":{"start":{"line":63,"column":14},"end":{"line":63,"column":13}},"25":{"start":{"line":64,"column":15},"end":{"line":64,"column":14}},"26":{"start":{"line":65,"column":6},"end":{"line":65,"column":5}},"27":{"start":{"line":66,"column":7},"end":{"line":66,"column":6}},"28":{"start":{"line":68,"column":16},"end":{"line":68,"column":82}},"29":{"start":{"line":69,"column":2},"end":{"line":71,"column":null}},"30":{"start":{"line":70,"column":4},"end":{"line":70,"column":null}},"31":{"start":{"line":72,"column":2},"end":{"line":74,"column":null}},"32":{"start":{"line":73,"column":4},"end":{"line":73,"column":null}},"33":{"start":{"line":75,"column":2},"end":{"line":75,"column":null}},"34":{"start":{"line":76,"column":2},"end":{"line":78,"column":null}},"35":{"start":{"line":77,"column":4},"end":{"line":77,"column":null}},"36":{"start":{"line":79,"column":2},"end":{"line":81,"column":null}},"37":{"start":{"line":80,"column":4},"end":{"line":80,"column":null}},"38":{"start":{"line":82,"column":2},"end":{"line":84,"column":null}},"39":{"start":{"line":83,"column":4},"end":{"line":83,"column":null}},"40":{"start":{"line":85,"column":2},"end":{"line":85,"column":null}},"41":{"start":{"line":87,"column":2},"end":{"line":89,"column":null}},"42":{"start":{"line":88,"column":4},"end":{"line":88,"column":null}},"43":{"start":{"line":91,"column":2},"end":{"line":91,"column":null}}},"fnMap":{"0":{"name":"ownKeys","decl":{"start":{"line":4,"column":54},"end":{"line":4,"column":null}},"loc":{"start":{"line":4,"column":54},"end":{"line":4,"column":null}}},"1":{"name":"(anonymous_9)","decl":{"start":{"line":18,"column":26},"end":{"line":18,"column":43}},"loc":{"start":{"line":18,"column":26},"end":{"line":51,"column":null}}},"2":{"name":"ArgumentInvalidError","decl":{"start":{"line":48,"column":2},"end":{"line":48,"column":16}},"loc":{"start":{"line":48,"column":98},"end":{"line":51,"column":3}}},"3":{"name":"generateMessage","decl":{"start":{"line":58,"column":6},"end":{"line":58,"column":21}},"loc":{"start":{"line":67,"column":6},"end":{"line":92,"column":1}}}},"branchMap":{"0":{"loc":{"start":{"line":4,"column":54},"end":{"line":4,"column":null}},"type":"if","locations":[{"start":{"line":4,"column":54},"end":{"line":4,"column":null}}]},"1":{"loc":{"start":{"line":4,"column":54},"end":{"line":4,"column":null}},"type":"binary-expr","locations":[{"start":{"line":4,"column":54},"end":{"line":4,"column":null}},{"start":{"line":4,"column":54},"end":{"line":4,"column":null}}]},"2":{"loc":{"start":{"line":48,"column":98},"end":{"line":48,"column":96}},"type":"cond-expr","locations":[{"start":{"line":48,"column":98},"end":{"line":48,"column":null}},{"start":{"line":48,"column":94},"end":{"line":48,"column":96}}]},"3":{"loc":{"start":{"line":48,"column":98},"end":{"line":48,"column":null}},"type":"binary-expr","locations":[{"start":{"line":48,"column":98},"end":{"line":48,"column":null}},{"start":{"line":48,"column":98},"end":{"line":48,"column":null}}]},"4":{"loc":{"start":{"line":48,"column":20},"end":{"line":48,"column":31}},"type":"cond-expr","locations":[{"start":{"line":48,"column":23},"end":{"line":48,"column":29}},{"start":{"line":48,"column":29},"end":{"line":48,"column":31}}]},"5":{"loc":{"start":{"line":48,"column":43},"end":{"line":48,"column":57}},"type":"cond-expr","locations":[{"start":{"line":48,"column":46},"end":{"line":48,"column":55}},{"start":{"line":48,"column":55},"end":{"line":48,"column":57}}]},"6":{"loc":{"start":{"line":48,"column":62},"end":{"line":48,"column":82}},"type":"cond-expr","locations":[{"start":{"line":48,"column":65},"end":{"line":48,"column":77}},{"start":{"line":48,"column":77},"end":{"line":48,"column":82}}]},"7":{"loc":{"start":{"line":49,"column":22},"end":{"line":49,"column":93}},"type":"binary-expr","locations":[{"start":{"line":49,"column":22},"end":{"line":49,"column":37}},{"start":{"line":49,"column":41},"end":{"line":49,"column":93}}]},"8":{"loc":{"start":{"line":69,"column":2},"end":{"line":71,"column":null}},"type":"if","locations":[{"start":{"line":69,"column":2},"end":{"line":71,"column":null}}]},"9":{"loc":{"start":{"line":70,"column":15},"end":{"line":70,"column":95}},"type":"cond-expr","locations":[{"start":{"line":70,"column":41},"end":{"line":70,"column":81}},{"start":{"line":70,"column":70},"end":{"line":70,"column":95}}]},"10":{"loc":{"start":{"line":72,"column":2},"end":{"line":74,"column":null}},"type":"if","locations":[{"start":{"line":72,"column":2},"end":{"line":74,"column":null}}]},"11":{"loc":{"start":{"line":73,"column":18},"end":{"line":73,"column":54}},"type":"cond-expr","locations":[{"start":{"line":73,"column":46},"end":{"line":73,"column":49}},{"start":{"line":73,"column":52},"end":{"line":73,"column":54}}]},"12":{"loc":{"start":{"line":76,"column":2},"end":{"line":78,"column":null}},"type":"if","locations":[{"start":{"line":76,"column":2},"end":{"line":78,"column":null}}]},"13":{"loc":{"start":{"line":79,"column":2},"end":{"line":81,"column":null}},"type":"if","locations":[{"start":{"line":79,"column":2},"end":{"line":81,"column":null}}]},"14":{"loc":{"start":{"line":82,"column":2},"end":{"line":84,"column":null}},"type":"if","locations":[{"start":{"line":82,"column":2},"end":{"line":84,"column":null}}]},"15":{"loc":{"start":{"line":87,"column":2},"end":{"line":89,"column":null}},"type":"if","locations":[{"start":{"line":87,"column":2},"end":{"line":89,"column":null}}]}},"s":{"0":9,"1":9,"2":9,"3":1728,"4":9,"5":9,"6":67,"7":67,"8":67,"9":67,"10":67,"11":67,"12":67,"13":134,"14":67,"15":67,"16":18,"17":9,"18":9,"19":9,"20":62,"21":62,"22":62,"23":62,"24":62,"25":62,"26":62,"27":62,"28":62,"29":62,"30":9,"31":62,"32":18,"33":62,"34":62,"35":21,"36":62,"37":5,"38":62,"39":15,"40":62,"41":62,"42":1,"43":62},"f":{"0":671,"1":9,"2":67,"3":62},"b":{"0":[129],"1":[521,129],"2":[61,6],"3":[67,62],"4":[29,38],"5":[63,4],"6":[26,41],"7":[67,62],"8":[9],"9":[1,8],"10":[18],"11":[10,8],"12":[21],"13":[5],"14":[15],"15":[1]}}
,"/Users/zane/playground/standard-error-set/src/argument-missing-error.mjs": {"path":"/Users/zane/playground/standard-error-set/src/argument-missing-error.mjs","statementMap":{"0":{"start":{"line":2,"column":0},"end":{"line":2,"column":null}},"1":{"start":{"line":3,"column":0},"end":{"line":3,"column":59}},"2":{"start":{"line":3,"column":59},"end":{"line":3,"column":null}},"3":{"start":{"line":5,"column":15},"end":{"line":5,"column":37}},"4":{"start":{"line":17,"column":26},"end":{"line":17,"column":null}},"5":{"start":{"line":46,"column":87},"end":{"line":46,"column":85}},"6":{"start":{"line":46,"column":85},"end":{"line":46,"column":20}},"7":{"start":{"line":46,"column":20},"end":{"line":46,"column":31}},"8":{"start":{"line":46,"column":35},"end":{"line":46,"column":34}},"9":{"start":{"line":46,"column":35},"end":{"line":46,"column":42}},"10":{"start":{"line":46,"column":42},"end":{"line":46,"column":71}},"11":{"start":{"line":46,"column":78},"end":{"line":46,"column":83}},"12":{"start":{"line":47,"column":4},"end":{"line":47,"column":38}},"13":{"start":{"line":48,"column":4},"end":{"line":51,"column":5}},"14":{"start":{"line":49,"column":6},"end":{"line":49,"column":null}},"15":{"start":{"line":50,"column":6},"end":{"line":50,"column":null}},"16":{"start":{"line":51,"column":5},"end":{"line":51,"column":null}},"17":{"start":{"line":52,"column":3},"end":{"line":52,"column":null}},"18":{"start":{"line":55,"column":0},"end":{"line":55,"column":null}},"19":{"start":{"line":57,"column":0},"end":{"line":57,"column":null}}},"fnMap":{"0":{"name":"ownKeys","decl":{"start":{"line":3,"column":59},"end":{"line":3,"column":null}},"loc":{"start":{"line":3,"column":59},"end":{"line":3,"column":null}}},"1":{"name":"(anonymous_9)","decl":{"start":{"line":17,"column":26},"end":{"line":17,"column":43}},"loc":{"start":{"line":17,"column":26},"end":{"line":52,"column":null}}},"2":{"name":"ArgumentMissingError","decl":{"start":{"line":46,"column":2},"end":{"line":46,"column":16}},"loc":{"start":{"line":46,"column":87},"end":{"line":52,"column":3}}}},"branchMap":{"0":{"loc":{"start":{"line":3,"column":59},"end":{"line":3,"column":null}},"type":"if","locations":[{"start":{"line":3,"column":59},"end":{"line":3,"column":null}}]},"1":{"loc":{"start":{"line":3,"column":59},"end":{"line":3,"column":null}},"type":"binary-expr","locations":[{"start":{"line":3,"column":59},"end":{"line":3,"column":null}},{"start":{"line":3,"column":59},"end":{"line":3,"column":null}}]},"2":{"loc":{"start":{"line":46,"column":87},"end":{"line":46,"column":85}},"type":"cond-expr","locations":[{"start":{"line":46,"column":87},"end":{"line":46,"column":null}},{"start":{"line":46,"column":83},"end":{"line":46,"column":85}}]},"3":{"loc":{"start":{"line":46,"column":87},"end":{"line":46,"column":null}},"type":"binary-expr","locations":[{"start":{"line":46,"column":87},"end":{"line":46,"column":null}},{"start":{"line":46,"column":87},"end":{"line":46,"column":null}}]},"4":{"loc":{"start":{"line":46,"column":20},"end":{"line":46,"column":31}},"type":"cond-expr","locations":[{"start":{"line":46,"column":23},"end":{"line":46,"column":29}},{"start":{"line":46,"column":29},"end":{"line":46,"column":31}}]},"5":{"loc":{"start":{"line":46,"column":42},"end":{"line":46,"column":71}},"type":"cond-expr","locations":[{"start":{"line":46,"column":45},"end":{"line":46,"column":66}},{"start":{"line":46,"column":66},"end":{"line":46,"column":71}}]},"6":{"loc":{"start":{"line":48,"column":4},"end":{"line":51,"column":5}},"type":"if","locations":[{"start":{"line":48,"column":4},"end":{"line":51,"column":5}}]}},"s":{"0":3,"1":3,"2":125,"3":3,"4":3,"5":9,"6":9,"7":9,"8":9,"9":9,"10":9,"11":18,"12":9,"13":9,"14":1,"15":1,"16":9,"17":6,"18":3,"19":3},"f":{"0":48,"1":3,"2":9},"b":{"0":[9],"1":[45,9],"2":[8,1],"3":[9,9],"4":[9,0],"5":[8,1],"6":[1]}}
,"/Users/zane/playground/standard-error-set/src/argument-out-of-range-error.mjs": {"path":"/Users/zane/playground/standard-error-set/src/argument-out-of-range-error.mjs","statementMap":{"0":{"start":{"line":2,"column":0},"end":{"line":2,"column":null}},"1":{"start":{"line":3,"column":0},"end":{"line":3,"column":null}},"2":{"start":{"line":4,"column":0},"end":{"line":4,"column":54}},"3":{"start":{"line":4,"column":54},"end":{"line":4,"column":null}},"4":{"start":{"line":6,"column":15},"end":{"line":6,"column":40}},"5":{"start":{"line":17,"column":29},"end":{"line":17,"column":null}},"6":{"start":{"line":53,"column":83},"end":{"line":53,"column":81}},"7":{"start":{"line":53,"column":81},"end":{"line":53,"column":20}},"8":{"start":{"line":53,"column":20},"end":{"line":53,"column":31}},"9":{"start":{"line":53,"column":35},"end":{"line":53,"column":34}},"10":{"start":{"line":53,"column":35},"end":{"line":53,"column":42}},"11":{"start":{"line":53,"column":42},"end":{"line":53,"column":67}},"12":{"start":{"line":53,"column":74},"end":{"line":53,"column":79}},"13":{"start":{"line":54,"column":4},"end":{"line":54,"column":38}},"14":{"start":{"line":55,"column":4},"end":{"line":55,"column":null}},"15":{"start":{"line":56,"column":4},"end":{"line":59,"column":5}},"16":{"start":{"line":57,"column":6},"end":{"line":57,"column":null}},"17":{"start":{"line":58,"column":6},"end":{"line":58,"column":null}},"18":{"start":{"line":59,"column":5},"end":{"line":59,"column":null}},"19":{"start":{"line":60,"column":3},"end":{"line":60,"column":null}},"20":{"start":{"line":63,"column":0},"end":{"line":63,"column":null}},"21":{"start":{"line":65,"column":0},"end":{"line":65,"column":null}},"22":{"start":{"line":67,"column":23},"end":{"line":94,"column":1}},"23":{"start":{"line":67,"column":29},"end":{"line":67,"column":28}},"24":{"start":{"line":67,"column":42},"end":{"line":67,"column":41}},"25":{"start":{"line":67,"column":47},"end":{"line":67,"column":46}},"26":{"start":{"line":67,"column":60},"end":{"line":67,"column":59}},"27":{"start":{"line":68,"column":16},"end":{"line":68,"column":18}},"28":{"start":{"line":69,"column":2},"end":{"line":91,"column":null}},"29":{"start":{"line":70,"column":4},"end":{"line":70,"column":null}},"30":{"start":{"line":72,"column":4},"end":{"line":77,"column":null}},"31":{"start":{"line":73,"column":6},"end":{"line":73,"column":null}},"32":{"start":{"line":75,"column":9},"end":{"line":77,"column":null}},"33":{"start":{"line":76,"column":6},"end":{"line":76,"column":null}},"34":{"start":{"line":79,"column":4},"end":{"line":81,"column":null}},"35":{"start":{"line":80,"column":6},"end":{"line":80,"column":null}},"36":{"start":{"line":83,"column":4},"end":{"line":88,"column":null}},"37":{"start":{"line":84,"column":6},"end":{"line":84,"column":null}},"38":{"start":{"line":86,"column":9},"end":{"line":88,"column":null}},"39":{"start":{"line":87,"column":6},"end":{"line":87,"column":null}},"40":{"start":{"line":90,"column":4},"end":{"line":90,"column":null}},"41":{"start":{"line":93,"column":2},"end":{"line":93,"column":null}}},"fnMap":{"0":{"name":"ownKeys","decl":{"start":{"line":4,"column":54},"end":{"line":4,"column":null}},"loc":{"start":{"line":4,"column":54},"end":{"line":4,"column":null}}},"1":{"name":"(anonymous_9)","decl":{"start":{"line":17,"column":29},"end":{"line":17,"column":46}},"loc":{"start":{"line":17,"column":29},"end":{"line":60,"column":null}}},"2":{"name":"ArgumentOutOfRangeError","decl":{"start":{"line":53,"column":2},"end":{"line":53,"column":16}},"loc":{"start":{"line":53,"column":83},"end":{"line":60,"column":3}}},"3":{"name":"agumentMessage","decl":{"start":{"line":67,"column":6},"end":{"line":67,"column":20}},"loc":{"start":{"line":67,"column":67},"end":{"line":94,"column":1}}}},"branchMap":{"0":{"loc":{"start":{"line":4,"column":54},"end":{"line":4,"column":null}},"type":"if","locations":[{"start":{"line":4,"column":54},"end":{"line":4,"column":null}}]},"1":{"loc":{"start":{"line":4,"column":54},"end":{"line":4,"column":null}},"type":"binary-expr","locations":[{"start":{"line":4,"column":54},"end":{"line":4,"column":null}},{"start":{"line":4,"column":54},"end":{"line":4,"column":null}}]},"2":{"loc":{"start":{"line":53,"column":83},"end":{"line":53,"column":81}},"type":"cond-expr","locations":[{"start":{"line":53,"column":83},"end":{"line":53,"column":null}},{"start":{"line":53,"column":79},"end":{"line":53,"column":81}}]},"3":{"loc":{"start":{"line":53,"column":83},"end":{"line":53,"column":null}},"type":"binary-expr","locations":[{"start":{"line":53,"column":83},"end":{"line":53,"column":null}},{"start":{"line":53,"column":83},"end":{"line":53,"column":null}}]},"4":{"loc":{"start":{"line":53,"column":20},"end":{"line":53,"column":31}},"type":"cond-expr","locations":[{"start":{"line":53,"column":23},"end":{"line":53,"column":29}},{"start":{"line":53,"column":29},"end":{"line":53,"column":31}}]},"5":{"loc":{"start":{"line":53,"column":42},"end":{"line":53,"column":67}},"type":"cond-expr","locations":[{"start":{"line":53,"column":45},"end":{"line":53,"column":62}},{"start":{"line":53,"column":62},"end":{"line":53,"column":67}}]},"6":{"loc":{"start":{"line":56,"column":4},"end":{"line":59,"column":5}},"type":"if","locations":[{"start":{"line":56,"column":4},"end":{"line":59,"column":5}}]},"7":{"loc":{"start":{"line":69,"column":2},"end":{"line":91,"column":null}},"type":"if","locations":[{"start":{"line":69,"column":2},"end":{"line":91,"column":null}}]},"8":{"loc":{"start":{"line":69,"column":6},"end":{"line":69,"column":102}},"type":"binary-expr","locations":[{"start":{"line":69,"column":6},"end":{"line":69,"column":23}},{"start":{"line":69,"column":27},"end":{"line":69,"column":52}},{"start":{"line":69,"column":56},"end":{"line":69,"column":73}},{"start":{"line":69,"column":77},"end":{"line":69,"column":102}}]},"9":{"loc":{"start":{"line":72,"column":4},"end":{"line":77,"column":null}},"type":"if","locations":[{"start":{"line":72,"column":4},"end":{"line":77,"column":null}},{"start":{"line":75,"column":9},"end":{"line":77,"column":null}}]},"10":{"loc":{"start":{"line":75,"column":9},"end":{"line":77,"column":null}},"type":"if","locations":[{"start":{"line":75,"column":9},"end":{"line":77,"column":null}}]},"11":{"loc":{"start":{"line":79,"column":4},"end":{"line":81,"column":null}},"type":"if","locations":[{"start":{"line":79,"column":4},"end":{"line":81,"column":null}}]},"12":{"loc":{"start":{"line":79,"column":8},"end":{"line":79,"column":108}},"type":"binary-expr","locations":[{"start":{"line":79,"column":9},"end":{"line":79,"column":26}},{"start":{"line":79,"column":30},"end":{"line":79,"column":55}},{"start":{"line":79,"column":61},"end":{"line":79,"column":78}},{"start":{"line":79,"column":82},"end":{"line":79,"column":107}}]},"13":{"loc":{"start":{"line":83,"column":4},"end":{"line":88,"column":null}},"type":"if","locations":[{"start":{"line":83,"column":4},"end":{"line":88,"column":null}},{"start":{"line":86,"column":9},"end":{"line":88,"column":null}}]},"14":{"loc":{"start":{"line":86,"column":9},"end":{"line":88,"column":null}},"type":"if","locations":[{"start":{"line":86,"column":9},"end":{"line":88,"column":null}}]}},"s":{"0":4,"1":4,"2":4,"3":245,"4":4,"5":4,"6":17,"7":17,"8":17,"9":17,"10":17,"11":17,"12":34,"13":17,"14":17,"15":17,"16":1,"17":1,"18":17,"19":8,"20":4,"21":4,"22":4,"23":17,"24":17,"25":17,"26":17,"27":17,"28":17,"29":6,"30":6,"31":2,"32":4,"33":2,"34":6,"35":3,"36":6,"37":3,"38":3,"39":2,"40":6,"41":17},"f":{"0":101,"1":4,"2":17,"3":17},"b":{"0":[17],"1":[85,17],"2":[16,1],"3":[17,17],"4":[17,0],"5":[17,0],"6":[1],"7":[6],"8":[17,14,12,11],"9":[2,4],"10":[2],"11":[3],"12":[6,3,5,4],"13":[3,3],"14":[2]}}
,"/Users/zane/playground/standard-error-set/src/argument-type-error.mjs": {"path":"/Users/zane/playground/standard-error-set/src/argument-type-error.mjs","statementMap":{"0":{"start":{"line":2,"column":0},"end":{"line":2,"column":null}},"1":{"start":{"line":3,"column":0},"end":{"line":3,"column":59}},"2":{"start":{"line":3,"column":59},"end":{"line":3,"column":null}},"3":{"start":{"line":5,"column":15},"end":{"line":5,"column":34}},"4":{"start":{"line":16,"column":23},"end":{"line":16,"column":null}},"5":{"start":{"line":45,"column":81},"end":{"line":45,"column":79}},"6":{"start":{"line":45,"column":79},"end":{"line":45,"column":20}},"7":{"start":{"line":45,"column":20},"end":{"line":45,"column":31}},"8":{"start":{"line":45,"column":35},"end":{"line":45,"column":34}},"9":{"start":{"line":45,"column":35},"end":{"line":45,"column":42}},"10":{"start":{"line":45,"column":42},"end":{"line":45,"column":65}},"11":{"start":{"line":45,"column":72},"end":{"line":45,"column":77}},"12":{"start":{"line":46,"column":4},"end":{"line":46,"column":38}},"13":{"start":{"line":47,"column":4},"end":{"line":47,"column":null}},"14":{"start":{"line":48,"column":4},"end":{"line":51,"column":5}},"15":{"start":{"line":49,"column":6},"end":{"line":49,"column":null}},"16":{"start":{"line":50,"column":6},"end":{"line":50,"column":null}},"17":{"start":{"line":51,"column":5},"end":{"line":51,"column":null}},"18":{"start":{"line":52,"column":3},"end":{"line":52,"column":null}},"19":{"start":{"line":55,"column":0},"end":{"line":55,"column":null}},"20":{"start":{"line":57,"column":0},"end":{"line":57,"column":null}},"21":{"start":{"line":59,"column":23},"end":{"line":65,"column":1}},"22":{"start":{"line":59,"column":38},"end":{"line":59,"column":37}},"23":{"start":{"line":60,"column":2},"end":{"line":62,"column":3}},"24":{"start":{"line":61,"column":4},"end":{"line":61,"column":null}},"25":{"start":{"line":64,"column":2},"end":{"line":64,"column":null}}},"fnMap":{"0":{"name":"ownKeys","decl":{"start":{"line":3,"column":59},"end":{"line":3,"column":null}},"loc":{"start":{"line":3,"column":59},"end":{"line":3,"column":null}}},"1":{"name":"(anonymous_9)","decl":{"start":{"line":16,"column":23},"end":{"line":16,"column":40}},"loc":{"start":{"line":16,"column":23},"end":{"line":52,"column":null}}},"2":{"name":"ArgumentTypeError","decl":{"start":{"line":45,"column":2},"end":{"line":45,"column":16}},"loc":{"start":{"line":45,"column":81},"end":{"line":52,"column":3}}},"3":{"name":"augmentMessage","decl":{"start":{"line":59,"column":6},"end":{"line":59,"column":20}},"loc":{"start":{"line":59,"column":45},"end":{"line":65,"column":1}}}},"branchMap":{"0":{"loc":{"start":{"line":3,"column":59},"end":{"line":3,"column":null}},"type":"if","locations":[{"start":{"line":3,"column":59},"end":{"line":3,"column":null}}]},"1":{"loc":{"start":{"line":3,"column":59},"end":{"line":3,"column":null}},"type":"binary-expr","locations":[{"start":{"line":3,"column":59},"end":{"line":3,"column":null}},{"start":{"line":3,"column":59},"end":{"line":3,"column":null}}]},"2":{"loc":{"start":{"line":45,"column":81},"end":{"line":45,"column":79}},"type":"cond-expr","locations":[{"start":{"line":45,"column":81},"end":{"line":45,"column":null}},{"start":{"line":45,"column":77},"end":{"line":45,"column":79}}]},"3":{"loc":{"start":{"line":45,"column":81},"end":{"line":45,"column":null}},"type":"binary-expr","locations":[{"start":{"line":45,"column":81},"end":{"line":45,"column":null}},{"start":{"line":45,"column":81},"end":{"line":45,"column":null}}]},"4":{"loc":{"start":{"line":45,"column":20},"end":{"line":45,"column":31}},"type":"cond-expr","locations":[{"start":{"line":45,"column":23},"end":{"line":45,"column":29}},{"start":{"line":45,"column":29},"end":{"line":45,"column":31}}]},"5":{"loc":{"start":{"line":45,"column":42},"end":{"line":45,"column":65}},"type":"cond-expr","locations":[{"start":{"line":45,"column":45},"end":{"line":45,"column":60}},{"start":{"line":45,"column":60},"end":{"line":45,"column":65}}]},"6":{"loc":{"start":{"line":48,"column":4},"end":{"line":51,"column":5}},"type":"if","locations":[{"start":{"line":48,"column":4},"end":{"line":51,"column":5}}]},"7":{"loc":{"start":{"line":60,"column":2},"end":{"line":62,"column":3}},"type":"if","locations":[{"start":{"line":60,"column":2},"end":{"line":62,"column":3}}]}},"s":{"0":4,"1":4,"2":171,"3":4,"4":4,"5":12,"6":12,"7":12,"8":12,"9":12,"10":12,"11":24,"12":12,"13":12,"14":12,"15":1,"16":1,"17":12,"18":8,"19":4,"20":4,"21":4,"22":12,"23":12,"24":2,"25":10},"f":{"0":67,"1":4,"2":12,"3":12},"b":{"0":[12],"1":[60,12],"2":[11,1],"3":[12,12],"4":[12,0],"5":[11,1],"6":[1],"7":[2]}}
,"/Users/zane/playground/standard-error-set/src/auth-error.mjs": {"path":"/Users/zane/playground/standard-error-set/src/auth-error.mjs","statementMap":{"0":{"start":{"line":2,"column":0},"end":{"line":2,"column":null}},"1":{"start":{"line":3,"column":0},"end":{"line":3,"column":null}},"2":{"start":{"line":4,"column":0},"end":{"line":4,"column":59}},"3":{"start":{"line":4,"column":59},"end":{"line":4,"column":null}},"4":{"start":{"line":6,"column":15},"end":{"line":6,"column":26}},"5":{"start":{"line":17,"column":15},"end":{"line":17,"column":null}},"6":{"start":{"line":28,"column":98},"end":{"line":28,"column":96}},"7":{"start":{"line":28,"column":96},"end":{"line":28,"column":20}},"8":{"start":{"line":28,"column":20},"end":{"line":28,"column":31}},"9":{"start":{"line":28,"column":29},"end":{"line":28,"column":37}},"10":{"start":{"line":28,"column":37},"end":{"line":28,"column":50}},"11":{"start":{"line":28,"column":48},"end":{"line":28,"column":55}},"12":{"start":{"line":28,"column":55},"end":{"line":28,"column":82}},"13":{"start":{"line":28,"column":89},"end":{"line":28,"column":94}},"14":{"start":{"line":29,"column":4},"end":{"line":29,"column":null}},"15":{"start":{"line":29,"column":91},"end":{"line":30,"column":null}},"16":{"start":{"line":31,"column":3},"end":{"line":31,"column":null}},"17":{"start":{"line":34,"column":0},"end":{"line":34,"column":null}},"18":{"start":{"line":36,"column":0},"end":{"line":36,"column":null}}},"fnMap":{"0":{"name":"ownKeys","decl":{"start":{"line":4,"column":59},"end":{"line":4,"column":null}},"loc":{"start":{"line":4,"column":59},"end":{"line":4,"column":null}}},"1":{"name":"(anonymous_9)","decl":{"start":{"line":17,"column":15},"end":{"line":17,"column":32}},"loc":{"start":{"line":17,"column":15},"end":{"line":31,"column":null}}},"2":{"name":"AuthError","decl":{"start":{"line":28,"column":2},"end":{"line":28,"column":16}},"loc":{"start":{"line":28,"column":98},"end":{"line":31,"column":3}}}},"branchMap":{"0":{"loc":{"start":{"line":4,"column":59},"end":{"line":4,"column":null}},"type":"if","locations":[{"start":{"line":4,"column":59},"end":{"line":4,"column":null}}]},"1":{"loc":{"start":{"line":4,"column":59},"end":{"line":4,"column":null}},"type":"binary-expr","locations":[{"start":{"line":4,"column":59},"end":{"line":4,"column":null}},{"start":{"line":4,"column":59},"end":{"line":4,"column":null}}]},"2":{"loc":{"start":{"line":28,"column":98},"end":{"line":28,"column":96}},"type":"cond-expr","locations":[{"start":{"line":28,"column":98},"end":{"line":28,"column":null}},{"start":{"line":28,"column":94},"end":{"line":28,"column":96}}]},"3":{"loc":{"start":{"line":28,"column":98},"end":{"line":28,"column":null}},"type":"binary-expr","locations":[{"start":{"line":28,"column":98},"end":{"line":28,"column":null}},{"start":{"line":28,"column":98},"end":{"line":28,"column":null}}]},"4":{"loc":{"start":{"line":28,"column":20},"end":{"line":28,"column":31}},"type":"cond-expr","locations":[{"start":{"line":28,"column":23},"end":{"line":28,"column":29}},{"start":{"line":28,"column":29},"end":{"line":28,"column":31}}]},"5":{"loc":{"start":{"line":28,"column":37},"end":{"line":28,"column":50}},"type":"cond-expr","locations":[{"start":{"line":28,"column":40},"end":{"line":28,"column":48}},{"start":{"line":28,"column":48},"end":{"line":28,"column":50}}]},"6":{"loc":{"start":{"line":28,"column":55},"end":{"line":28,"column":82}},"type":"cond-expr","locations":[{"start":{"line":28,"column":58},"end":{"line":28,"column":77}},{"start":{"line":28,"column":77},"end":{"line":28,"column":82}}]},"7":{"loc":{"start":{"line":29,"column":22},"end":{"line":29,"column":91}},"type":"binary-expr","locations":[{"start":{"line":29,"column":22},"end":{"line":29,"column":37}},{"start":{"line":29,"column":41},"end":{"line":29,"column":91}}]}},"s":{"0":8,"1":8,"2":8,"3":633,"4":8,"5":8,"6":34,"7":34,"8":34,"9":34,"10":34,"11":34,"12":34,"13":68,"14":34,"15":34,"16":16,"17":8,"18":8},"f":{"0":269,"1":8,"2":34},"b":{"0":[43],"1":[197,43],"2":[34,0],"3":[34,34],"4":[0,34],"5":[24,10],"6":[18,16],"7":[34,9]}}
,"/Users/zane/playground/standard-error-set/src/authentication-required-error.mjs": {"path":"/Users/zane/playground/standard-error-set/src/authentication-required-error.mjs","statementMap":{"0":{"start":{"line":2,"column":0},"end":{"line":2,"column":null}},"1":{"start":{"line":3,"column":0},"end":{"line":3,"column":59}},"2":{"start":{"line":3,"column":59},"end":{"line":3,"column":null}},"3":{"start":{"line":5,"column":15},"end":{"line":5,"column":44}},"4":{"start":{"line":11,"column":33},"end":{"line":11,"column":null}},"5":{"start":{"line":27,"column":104},"end":{"line":27,"column":102}},"6":{"start":{"line":27,"column":102},"end":{"line":27,"column":20}},"7":{"start":{"line":27,"column":20},"end":{"line":27,"column":31}},"8":{"start":{"line":27,"column":29},"end":{"line":27,"column":37}},"9":{"start":{"line":27,"column":37},"end":{"line":27,"column":50}},"10":{"start":{"line":27,"column":48},"end":{"line":27,"column":55}},"11":{"start":{"line":27,"column":55},"end":{"line":27,"column":88}},"12":{"start":{"line":27,"column":95},"end":{"line":27,"column":100}},"13":{"start":{"line":27,"column":95},"end":{"line":28,"column":null}},"14":{"start":{"line":29,"column":3},"end":{"line":29,"column":null}},"15":{"start":{"line":32,"column":0},"end":{"line":32,"column":null}},"16":{"start":{"line":34,"column":0},"end":{"line":34,"column":null}}},"fnMap":{"0":{"name":"ownKeys","decl":{"start":{"line":3,"column":59},"end":{"line":3,"column":null}},"loc":{"start":{"line":3,"column":59},"end":{"line":3,"column":null}}},"1":{"name":"(anonymous_9)","decl":{"start":{"line":11,"column":33},"end":{"line":11,"column":50}},"loc":{"start":{"line":11,"column":33},"end":{"line":29,"column":null}}},"2":{"name":"AuthenticationRequiredError","decl":{"start":{"line":27,"column":2},"end":{"line":27,"column":16}},"loc":{"start":{"line":27,"column":104},"end":{"line":29,"column":3}}}},"branchMap":{"0":{"loc":{"start":{"line":3,"column":59},"end":{"line":3,"column":null}},"type":"if","locations":[{"start":{"line":3,"column":59},"end":{"line":3,"column":null}}]},"1":{"loc":{"start":{"line":3,"column":59},"end":{"line":3,"column":null}},"type":"binary-expr","locations":[{"start":{"line":3,"column":59},"end":{"line":3,"column":null}},{"start":{"line":3,"column":59},"end":{"line":3,"column":null}}]},"2":{"loc":{"start":{"line":27,"column":104},"end":{"line":27,"column":102}},"type":"cond-expr","locations":[{"start":{"line":27,"column":104},"end":{"line":27,"column":null}},{"start":{"line":27,"column":100},"end":{"line":27,"column":102}}]},"3":{"loc":{"start":{"line":27,"column":104},"end":{"line":27,"column":null}},"type":"binary-expr","locations":[{"start":{"line":27,"column":104},"end":{"line":27,"column":null}},{"start":{"line":27,"column":104},"end":{"line":27,"column":null}}]},"4":{"loc":{"start":{"line":27,"column":20},"end":{"line":27,"column":31}},"type":"cond-expr","locations":[{"start":{"line":27,"column":23},"end":{"line":27,"column":29}},{"start":{"line":27,"column":29},"end":{"line":27,"column":31}}]},"5":{"loc":{"start":{"line":27,"column":37},"end":{"line":27,"column":50}},"type":"cond-expr","locations":[{"start":{"line":27,"column":40},"end":{"line":27,"column":48}},{"start":{"line":27,"column":48},"end":{"line":27,"column":50}}]},"6":{"loc":{"start":{"line":27,"column":55},"end":{"line":27,"column":88}},"type":"cond-expr","locations":[{"start":{"line":27,"column":58},"end":{"line":27,"column":83}},{"start":{"line":27,"column":83},"end":{"line":27,"column":88}}]}},"s":{"0":3,"1":3,"2":70,"3":3,"4":3,"5":5,"6":5,"7":5,"8":5,"9":5,"10":5,"11":5,"12":10,"13":5,"14":6,"15":3,"16":3},"f":{"0":25,"1":3,"2":5},"b":{"0":[5],"1":[25,5],"2":[4,1],"3":[5,5],"4":[5,0],"5":[3,2],"6":[4,1]}}
,"/Users/zane/playground/standard-error-set/src/authorization-conditions-not-met-error.mjs": {"path":"/Users/zane/playground/standard-error-set/src/authorization-conditions-not-met-error.mjs","statementMap":{"0":{"start":{"line":2,"column":0},"end":{"line":2,"column":null}},"1":{"start":{"line":3,"column":0},"end":{"line":3,"column":59}},"2":{"start":{"line":3,"column":59},"end":{"line":3,"column":null}},"3":{"start":{"line":5,"column":15},"end":{"line":5,"column":51}},"4":{"start":{"line":18,"column":40},"end":{"line":18,"column":null}},"5":{"start":{"line":46,"column":100},"end":{"line":46,"column":98}},"6":{"start":{"line":46,"column":98},"end":{"line":46,"column":20}},"7":{"start":{"line":46,"column":20},"end":{"line":46,"column":31}},"8":{"start":{"line":46,"column":29},"end":{"line":46,"column":36}},"9":{"start":{"line":46,"column":36},"end":{"line":46,"column":84}},"10":{"start":{"line":46,"column":91},"end":{"line":46,"column":96}},"11":{"start":{"line":47,"column":4},"end":{"line":47,"column":null}},"12":{"start":{"line":47,"column":79},"end":{"line":48,"column":null}},"13":{"start":{"line":49,"column":3},"end":{"line":49,"column":null}},"14":{"start":{"line":52,"column":0},"end":{"line":52,"column":null}},"15":{"start":{"line":54,"column":0},"end":{"line":54,"column":null}},"16":{"start":{"line":56,"column":24},"end":{"line":67,"column":1}},"17":{"start":{"line":56,"column":33},"end":{"line":56,"column":32}},"18":{"start":{"line":56,"column":39},"end":{"line":56,"column":38}},"19":{"start":{"line":56,"column":46},"end":{"line":56,"column":45}},"20":{"start":{"line":57,"column":16},"end":{"line":57,"column":44}},"21":{"start":{"line":58,"column":2},"end":{"line":60,"column":null}},"22":{"start":{"line":59,"column":4},"end":{"line":59,"column":null}},"23":{"start":{"line":61,"column":2},"end":{"line":61,"column":null}},"24":{"start":{"line":62,"column":2},"end":{"line":64,"column":null}},"25":{"start":{"line":63,"column":4},"end":{"line":63,"column":null}},"26":{"start":{"line":66,"column":2},"end":{"line":66,"column":null}}},"fnMap":{"0":{"name":"ownKeys","decl":{"start":{"line":3,"column":59},"end":{"line":3,"column":null}},"loc":{"start":{"line":3,"column":59},"end":{"line":3,"column":null}}},"1":{"name":"(anonymous_9)","decl":{"start":{"line":18,"column":40},"end":{"line":18,"column":57}},"loc":{"start":{"line":18,"column":40},"end":{"line":49,"column":null}}},"2":{"name":"AuthorizationConditionsNotMetError","decl":{"start":{"line":46,"column":2},"end":{"line":46,"column":16}},"loc":{"start":{"line":46,"column":100},"end":{"line":49,"column":3}}},"3":{"name":"generateMessage","decl":{"start":{"line":56,"column":6},"end":{"line":56,"column":21}},"loc":{"start":{"line":56,"column":53},"end":{"line":67,"column":1}}}},"branchMap":{"0":{"loc":{"start":{"line":3,"column":59},"end":{"line":3,"column":null}},"type":"if","locations":[{"start":{"line":3,"column":59},"end":{"line":3,"column":null}}]},"1":{"loc":{"start":{"line":3,"column":59},"end":{"line":3,"column":null}},"type":"binary-expr","locations":[{"start":{"line":3,"column":59},"end":{"line":3,"column":null}},{"start":{"line":3,"column":59},"end":{"line":3,"column":null}}]},"2":{"loc":{"start":{"line":46,"column":100},"end":{"line":46,"column":98}},"type":"cond-expr","locations":[{"start":{"line":46,"column":100},"end":{"line":46,"column":null}},{"start":{"line":46,"column":96},"end":{"line":46,"column":98}}]},"3":{"loc":{"start":{"line":46,"column":100},"end":{"line":46,"column":null}},"type":"binary-expr","locations":[{"start":{"line":46,"column":100},"end":{"line":46,"column":null}},{"start":{"line":46,"column":100},"end":{"line":46,"column":null}}]},"4":{"loc":{"start":{"line":46,"column":20},"end":{"line":46,"column":31}},"type":"cond-expr","locations":[{"start":{"line":46,"column":23},"end":{"line":46,"column":29}},{"start":{"line":46,"column":29},"end":{"line":46,"column":31}}]},"5":{"loc":{"start":{"line":46,"column":36},"end":{"line":46,"column":84}},"type":"cond-expr","locations":[{"start":{"line":46,"column":39},"end":{"line":46,"column":79}},{"start":{"line":46,"column":79},"end":{"line":46,"column":84}}]},"6":{"loc":{"start":{"line":47,"column":22},"end":{"line":47,"column":79}},"type":"binary-expr","locations":[{"start":{"line":47,"column":22},"end":{"line":47,"column":37}},{"start":{"line":47,"column":41},"end":{"line":47,"column":79}}]},"7":{"loc":{"start":{"line":58,"column":2},"end":{"line":60,"column":null}},"type":"if","locations":[{"start":{"line":58,"column":2},"end":{"line":60,"column":null}}]},"8":{"loc":{"start":{"line":62,"column":2},"end":{"line":64,"column":null}},"type":"if","locations":[{"start":{"line":62,"column":2},"end":{"line":64,"column":null}}]}},"s":{"0":3,"1":3,"2":127,"3":3,"4":3,"5":5,"6":5,"7":5,"8":5,"9":5,"10":10,"11":5,"12":5,"13":6,"14":3,"15":3,"16":3,"17":5,"18":5,"19":5,"20":5,"21":5,"22":2,"23":5,"24":5,"25":1,"26":5},"f":{"0":42,"1":3,"2":5,"3":5},"b":{"0":[10],"1":[40,10],"2":[4,1],"3":[5,5],"4":[5,0],"5":[3,2],"6":[5,5],"7":[2],"8":[1]}}
,"/Users/zane/playground/standard-error-set/src/common-error-settings.mjs": {"path":"/Users/zane/playground/standard-error-set/src/common-error-settings.mjs","statementMap":{"0":{"start":{"line":2,"column":0},"end":{"line":2,"column":null}},"1":{"start":{"line":3,"column":0},"end":{"line":3,"column":null}},"2":{"start":{"line":5,"column":24},"end":{"line":8,"column":1}},"3":{"start":{"line":10,"column":23},"end":{"line":10,"column":25}},"4":{"start":{"line":26,"column":25},"end":{"line":46,"column":1}},"5":{"start":{"line":27,"column":2},"end":{"line":45,"column":null}},"6":{"start":{"line":28,"column":4},"end":{"line":30,"column":null}},"7":{"start":{"line":29,"column":6},"end":{"line":29,"column":null}},"8":{"start":{"line":32,"column":7},"end":{"line":45,"column":null}},"9":{"start":{"line":33,"column":4},"end":{"line":35,"column":null}},"10":{"start":{"line":33,"column":4},"end":{"line":33,"column":9}},"11":{"start":{"line":33,"column":35},"end":{"line":33,"column":57}},"12":{"start":{"line":33,"column":9},"end":{"line":33,"column":16}},"13":{"start":{"line":33,"column":22},"end":{"line":33,"column":24}},"14":{"start":{"line":33,"column":30},"end":{"line":33,"column":35}},"15":{"start":{"line":34,"column":6},"end":{"line":34,"column":null}},"16":{"start":{"line":37,"column":4},"end":{"line":37,"column":null}},"17":{"start":{"line":39,"column":7},"end":{"line":45,"column":null}},"18":{"start":{"line":40,"column":4},"end":{"line":40,"column":null}},"19":{"start":{"line":43,"column":4},"end":{"line":43,"column":null}},"20":{"start":{"line":44,"column":4},"end":{"line":44,"column":null}},"21":{"start":{"line":48,"column":24},"end":{"line":77,"column":1}},"22":{"start":{"line":49,"column":2},"end":{"line":55,"column":null}},"23":{"start":{"line":50,"column":4},"end":{"line":54,"column":null}},"24":{"start":{"line":57,"column":2},"end":{"line":76,"column":null}},"25":{"start":{"line":58,"column":4},"end":{"line":64,"column":null}},"26":{"start":{"line":59,"column":6},"end":{"line":63,"column":null}},"27":{"start":{"line":66,"column":7},"end":{"line":76,"column":null}},"28":{"start":{"line":67,"column":23},"end":{"line":67,"column":28}},"29":{"start":{"line":68,"column":22},"end":{"line":68,"column":38}},"30":{"start":{"line":69,"column":4},"end":{"line":75,"column":null}},"31":{"start":{"line":70,"column":6},"end":{"line":74,"column":null}}},"fnMap":{"0":{"name":"commonErrorSettings","decl":{"start":{"line":26,"column":6},"end":{"line":26,"column":25}},"loc":{"start":{"line":26,"column":47},"end":{"line":46,"column":1}}},"1":{"name":"verifyArguments","decl":{"start":{"line":48,"column":6},"end":{"line":48,"column":21}},"loc":{"start":{"line":48,"column":43},"end":{"line":77,"column":1}}}},"branchMap":{"0":{"loc":{"start":{"line":27,"column":2},"end":{"line":45,"column":null}},"type":"if","locations":[{"start":{"line":27,"column":2},"end":{"line":45,"column":null}},{"start":{"line":32,"column":7},"end":{"line":45,"column":null}}]},"1":{"loc":{"start":{"line":32,"column":7},"end":{"line":45,"column":null}},"type":"if","locations":[{"start":{"line":32,"column":7},"end":{"line":45,"column":null}},{"start":{"line":39,"column":7},"end":{"line":45,"column":null}}]},"2":{"loc":{"start":{"line":39,"column":7},"end":{"line":45,"column":null}},"type":"if","locations":[{"start":{"line":39,"column":7},"end":{"line":45,"column":null}},{"start":{"line":42,"column":7},"end":{"line":45,"column":null}}]},"3":{"loc":{"start":{"line":40,"column":11},"end":{"line":40,"column":60}},"type":"binary-expr","locations":[{"start":{"line":40,"column":11},"end":{"line":40,"column":33}},{"start":{"line":40,"column":37},"end":{"line":40,"column":60}}]},"4":{"loc":{"start":{"line":49,"column":2},"end":{"line":55,"column":null}},"type":"if","locations":[{"start":{"line":49,"column":2},"end":{"line":55,"column":null}}]},"5":{"loc":{"start":{"line":57,"column":2},"end":{"line":76,"column":null}},"type":"if","locations":[{"start":{"line":57,"column":2},"end":{"line":76,"column":null}},{"start":{"line":66,"column":7},"end":{"line":76,"column":null}}]},"6":{"loc":{"start":{"line":58,"column":4},"end":{"line":64,"column":null}},"type":"if","locations":[{"start":{"line":58,"column":4},"end":{"line":64,"column":null}}]},"7":{"loc":{"start":{"line":58,"column":10},"end":{"line":58,"column":43}},"type":"binary-expr","locations":[{"start":{"line":58,"column":10},"end":{"line":58,"column":24}},{"start":{"line":58,"column":28},"end":{"line":58,"column":43}}]},"8":{"loc":{"start":{"line":66,"column":7},"end":{"line":76,"column":null}},"type":"if","locations":[{"start":{"line":66,"column":7},"end":{"line":76,"column":null}}]},"9":{"loc":{"start":{"line":69,"column":4},"end":{"line":75,"column":null}},"type":"if","locations":[{"start":{"line":69,"column":4},"end":{"line":75,"column":null}}]}},"s":{"0":4,"1":4,"2":4,"3":4,"4":4,"5":93,"6":35,"7":6,"8":58,"9":1,"10":1,"11":1,"12":2,"13":2,"14":2,"15":2,"16":1,"17":57,"18":50,"19":7,"20":4,"21":4,"22":9,"23":1,"24":8,"25":6,"26":1,"27":2,"28":2,"29":2,"30":2,"31":1},"f":{"0":93,"1":9},"b":{"0":[35,58],"1":[1,57],"2":[50,7],"3":[50,44],"4":[1],"5":[6,2],"6":[1],"7":[6,1],"8":[2],"9":[1]}}
,"/Users/zane/playground/standard-error-set/src/common-error.mjs": {"path":"/Users/zane/playground/standard-error-set/src/common-error.mjs","statementMap":{"0":{"start":{"line":1,"column":0},"end":{"line":1,"column":null}},"1":{"start":{"line":2,"column":0},"end":{"line":2,"column":null}},"2":{"start":{"line":3,"column":0},"end":{"line":3,"column":63}},"3":{"start":{"line":3,"column":63},"end":{"line":3,"column":null}},"4":{"start":{"line":19,"column":17},"end":{"line":19,"column":null}},"5":{"start":{"line":33,"column":79},"end":{"line":33,"column":77}},"6":{"start":{"line":33,"column":77},"end":{"line":33,"column":23}},"7":{"start":{"line":33,"column":23},"end":{"line":33,"column":52}},"8":{"start":{"line":33,"column":58},"end":{"line":33,"column":57}},"9":{"start":{"line":33,"column":70},"end":{"line":33,"column":75}},"10":{"start":{"line":34,"column":4},"end":{"line":34,"column":null}},"11":{"start":{"line":36,"column":4},"end":{"line":36,"column":null}},"12":{"start":{"line":38,"column":4},"end":{"line":42,"column":null}},"13":{"start":{"line":38,"column":4},"end":{"line":38,"column":9}},"14":{"start":{"line":38,"column":28},"end":{"line":38,"column":54}},"15":{"start":{"line":38,"column":24},"end":{"line":38,"column":28}},"16":{"start":{"line":39,"column":6},"end":{"line":41,"column":null}},"17":{"start":{"line":40,"column":8},"end":{"line":40,"column":null}},"18":{"start":{"line":44,"column":4},"end":{"line":44,"column":null}},"19":{"start":{"line":45,"column":4},"end":{"line":45,"column":null}},"20":{"start":{"line":45,"column":54},"end":{"line":45,"column":null}},"21":{"start":{"line":46,"column":3},"end":{"line":46,"column":null}}},"fnMap":{"0":{"name":"_callSuper","decl":{"start":{"line":3,"column":63},"end":{"line":3,"column":null}},"loc":{"start":{"line":3,"column":63},"end":{"line":3,"column":null}}},"1":{"name":"(anonymous_4)","decl":{"start":{"line":19,"column":17},"end":{"line":19,"column":34}},"loc":{"start":{"line":19,"column":17},"end":{"line":46,"column":null}}},"2":{"name":"CommonError","decl":{"start":{"line":33,"column":2},"end":{"line":33,"column":16}},"loc":{"start":{"line":33,"column":79},"end":{"line":46,"column":3}}}},"branchMap":{"0":{"loc":{"start":{"line":3,"column":63},"end":{"line":3,"column":null}},"type":"cond-expr","locations":[{"start":{"line":3,"column":63},"end":{"line":3,"column":null}},{"start":{"line":3,"column":63},"end":{"line":3,"column":null}}]},"1":{"loc":{"start":{"line":33,"column":79},"end":{"line":33,"column":77}},"type":"cond-expr","locations":[{"start":{"line":33,"column":79},"end":{"line":33,"column":null}},{"start":{"line":33,"column":75},"end":{"line":33,"column":77}}]},"2":{"loc":{"start":{"line":33,"column":79},"end":{"line":33,"column":null}},"type":"binary-expr","locations":[{"start":{"line":33,"column":79},"end":{"line":33,"column":null}},{"start":{"line":33,"column":79},"end":{"line":33,"column":null}}]},"3":{"loc":{"start":{"line":33,"column":23},"end":{"line":33,"column":52}},"type":"cond-expr","locations":[{"start":{"line":33,"column":26},"end":{"line":33,"column":50}},{"start":{"line":33,"column":50},"end":{"line":33,"column":52}}]},"4":{"loc":{"start":{"line":38,"column":40},"end":{"line":38,"column":53}},"type":"binary-expr","locations":[{"start":{"line":38,"column":40},"end":{"line":38,"column":47}},{"start":{"line":38,"column":51},"end":{"line":38,"column":53}}]},"5":{"loc":{"start":{"line":39,"column":6},"end":{"line":41,"column":null}},"type":"if","locations":[{"start":{"line":39,"column":6},"end":{"line":41,"column":null}}]},"6":{"loc":{"start":{"line":44,"column":18},"end":{"line":44,"column":59}},"type":"binary-expr","locations":[{"start":{"line":44,"column":18},"end":{"line":44,"column":24}},{"start":{"line":44,"column":28},"end":{"line":44,"column":59}}]}},"s":{"0":27,"1":27,"2":27,"3":491,"4":27,"5":193,"6":193,"7":193,"8":193,"9":386,"10":193,"11":193,"12":193,"13":193,"14":193,"15":884,"16":884,"17":884,"18":193,"19":193,"20":193,"21":54},"f":{"0":412,"1":27,"2":193},"b":{"0":[386,0],"1":[192,1],"2":[193,192],"3":[3,190],"4":[193,0],"5":[884],"6":[193,150]}}
,"/Users/zane/playground/standard-error-set/src/connection-error.mjs": {"path":"/Users/zane/playground/standard-error-set/src/connection-error.mjs","statementMap":{"0":{"start":{"line":2,"column":0},"end":{"line":2,"column":null}},"1":{"start":{"line":3,"column":0},"end":{"line":3,"column":null}},"2":{"start":{"line":4,"column":0},"end":{"line":4,"column":null}},"3":{"start":{"line":5,"column":0},"end":{"line":5,"column":59}},"4":{"start":{"line":5,"column":59},"end":{"line":5,"column":null}},"5":{"start":{"line":7,"column":15},"end":{"line":7,"column":32}},"6":{"start":{"line":16,"column":21},"end":{"line":16,"column":null}},"7":{"start":{"line":37,"column":50},"end":{"line":37,"column":48}},"8":{"start":{"line":37,"column":48},"end":{"line":37,"column":20}},"9":{"start":{"line":37,"column":20},"end":{"line":37,"column":34}},"10":{"start":{"line":37,"column":41},"end":{"line":37,"column":46}},"11":{"start":{"line":38,"column":4},"end":{"line":38,"column":28}},"12":{"start":{"line":39,"column":4},"end":{"line":39,"column":null}},"13":{"start":{"line":39,"column":65},"end":{"line":40,"column":null}},"14":{"start":{"line":41,"column":3},"end":{"line":41,"column":null}},"15":{"start":{"line":44,"column":0},"end":{"line":44,"column":null}},"16":{"start":{"line":46,"column":0},"end":{"line":46,"column":null}},"17":{"start":{"line":48,"column":24},"end":{"line":52,"column":1}},"18":{"start":{"line":48,"column":31},"end":{"line":48,"column":30}},"19":{"start":{"line":48,"column":38},"end":{"line":48,"column":37}},"20":{"start":{"line":48,"column":46},"end":{"line":48,"column":45}},"21":{"start":{"line":49,"column":2},"end":{"line":49,"column":null}},"22":{"start":{"line":51,"column":2},"end":{"line":51,"column":null}}},"fnMap":{"0":{"name":"ownKeys","decl":{"start":{"line":5,"column":59},"end":{"line":5,"column":null}},"loc":{"start":{"line":5,"column":59},"end":{"line":5,"column":null}}},"1":{"name":"(anonymous_9)","decl":{"start":{"line":16,"column":21},"end":{"line":16,"column":38}},"loc":{"start":{"line":16,"column":21},"end":{"line":41,"column":null}}},"2":{"name":"ConnectionError","decl":{"start":{"line":37,"column":2},"end":{"line":37,"column":16}},"loc":{"start":{"line":37,"column":50},"end":{"line":41,"column":3}}},"3":{"name":"generateMessage","decl":{"start":{"line":48,"column":6},"end":{"line":48,"column":21}},"loc":{"start":{"line":48,"column":53},"end":{"line":52,"column":1}}}},"branchMap":{"0":{"loc":{"start":{"line":5,"column":59},"end":{"line":5,"column":null}},"type":"if","locations":[{"start":{"line":5,"column":59},"end":{"line":5,"column":null}}]},"1":{"loc":{"start":{"line":5,"column":59},"end":{"line":5,"column":null}},"type":"binary-expr","locations":[{"start":{"line":5,"column":59},"end":{"line":5,"column":null}},{"start":{"line":5,"column":59},"end":{"line":5,"column":null}}]},"2":{"loc":{"start":{"line":37,"column":50},"end":{"line":37,"column":48}},"type":"cond-expr","locations":[{"start":{"line":37,"column":50},"end":{"line":37,"column":null}},{"start":{"line":37,"column":46},"end":{"line":37,"column":48}}]},"3":{"loc":{"start":{"line":37,"column":50},"end":{"line":37,"column":null}},"type":"binary-expr","locations":[{"start":{"line":37,"column":50},"end":{"line":37,"column":null}},{"start":{"line":37,"column":50},"end":{"line":37,"column":null}}]},"4":{"loc":{"start":{"line":37,"column":20},"end":{"line":37,"column":34}},"type":"cond-expr","locations":[{"start":{"line":37,"column":23},"end":{"line":37,"column":29}},{"start":{"line":37,"column":29},"end":{"line":37,"column":34}}]},"5":{"loc":{"start":{"line":39,"column":22},"end":{"line":39,"column":65}},"type":"binary-expr","locations":[{"start":{"line":39,"column":22},"end":{"line":39,"column":37}},{"start":{"line":39,"column":41},"end":{"line":39,"column":65}}]},"6":{"loc":{"start":{"line":49,"column":10},"end":{"line":49,"column":74}},"type":"binary-expr","locations":[{"start":{"line":49,"column":10},"end":{"line":49,"column":15}},{"start":{"line":49,"column":19},"end":{"line":49,"column":40}},{"start":{"line":49,"column":44},"end":{"line":49,"column":74}}]},"7":{"loc":{"start":{"line":51,"column":23},"end":{"line":51,"column":63}},"type":"cond-expr","locations":[{"start":{"line":51,"column":46},"end":{"line":51,"column":48}},{"start":{"line":51,"column":48},"end":{"line":51,"column":63}}]}},"s":{"0":3,"1":3,"2":3,"3":3,"4":141,"5":3,"6":3,"7":9,"8":9,"9":9,"10":18,"11":9,"12":9,"13":9,"14":6,"15":3,"16":3,"17":3,"18":9,"19":9,"20":9,"21":9,"22":9},"f":{"0":64,"1":3,"2":9,"3":9},"b":{"0":[9],"1":[45,9],"2":[9,0],"3":[9,9],"4":[9,0],"5":[9,9],"6":[9,9,0],"7":[9,0]}}
,"/Users/zane/playground/standard-error-set/src/constraint-violation-error.mjs": {"path":"/Users/zane/playground/standard-error-set/src/constraint-violation-error.mjs","statementMap":{"0":{"start":{"line":2,"column":0},"end":{"line":2,"column":null}},"1":{"start":{"line":3,"column":0},"end":{"line":3,"column":null}},"2":{"start":{"line":4,"column":0},"end":{"line":4,"column":59}},"3":{"start":{"line":4,"column":59},"end":{"line":4,"column":null}},"4":{"start":{"line":6,"column":15},"end":{"line":6,"column":41}},"5":{"start":{"line":13,"column":30},"end":{"line":13,"column":null}},"6":{"start":{"line":33,"column":102},"end":{"line":33,"column":100}},"7":{"start":{"line":33,"column":100},"end":{"line":33,"column":20}},"8":{"start":{"line":33,"column":20},"end":{"line":33,"column":31}},"9":{"start":{"line":33,"column":29},"end":{"line":33,"column":45}},"10":{"start":{"line":33,"column":45},"end":{"line":33,"column":62}},"11":{"start":{"line":33,"column":60},"end":{"line":33,"column":76}},"12":{"start":{"line":33,"column":76},"end":{"line":33,"column":86}},"13":{"start":{"line":33,"column":93},"end":{"line":33,"column":98}},"14":{"start":{"line":34,"column":4},"end":{"line":34,"column":null}},"15":{"start":{"line":34,"column":114},"end":{"line":35,"column":null}},"16":{"start":{"line":36,"column":3},"end":{"line":36,"column":null}},"17":{"start":{"line":39,"column":0},"end":{"line":39,"column":null}},"18":{"start":{"line":41,"column":0},"end":{"line":41,"column":null}}},"fnMap":{"0":{"name":"ownKeys","decl":{"start":{"line":4,"column":59},"end":{"line":4,"column":null}},"loc":{"start":{"line":4,"column":59},"end":{"line":4,"column":null}}},"1":{"name":"(anonymous_9)","decl":{"start":{"line":13,"column":30},"end":{"line":13,"column":47}},"loc":{"start":{"line":13,"column":30},"end":{"line":36,"column":null}}},"2":{"name":"ConstraintViolationError","decl":{"start":{"line":33,"column":2},"end":{"line":33,"column":16}},"loc":{"start":{"line":33,"column":102},"end":{"line":36,"column":3}}}},"branchMap":{"0":{"loc":{"start":{"line":4,"column":59},"end":{"line":4,"column":null}},"type":"if","locations":[{"start":{"line":4,"column":59},"end":{"line":4,"column":null}}]},"1":{"loc":{"start":{"line":4,"column":59},"end":{"line":4,"column":null}},"type":"binary-expr","locations":[{"start":{"line":4,"column":59},"end":{"line":4,"column":null}},{"start":{"line":4,"column":59},"end":{"line":4,"column":null}}]},"2":{"loc":{"start":{"line":33,"column":102},"end":{"line":33,"column":100}},"type":"cond-expr","locations":[{"start":{"line":33,"column":102},"end":{"line":33,"column":null}},{"start":{"line":33,"column":98},"end":{"line":33,"column":100}}]},"3":{"loc":{"start":{"line":33,"column":102},"end":{"line":33,"column":null}},"type":"binary-expr","locations":[{"start":{"line":33,"column":102},"end":{"line":33,"column":null}},{"start":{"line":33,"column":102},"end":{"line":33,"column":null}}]},"4":{"loc":{"start":{"line":33,"column":20},"end":{"line":33,"column":31}},"type":"cond-expr","locations":[{"start":{"line":33,"column":23},"end":{"line":33,"column":29}},{"start":{"line":33,"column":29},"end":{"line":33,"column":31}}]},"5":{"loc":{"start":{"line":33,"column":45},"end":{"line":33,"column":62}},"type":"cond-expr","locations":[{"start":{"line":33,"column":48},"end":{"line":33,"column":60}},{"start":{"line":33,"column":60},"end":{"line":33,"column":62}}]},"6":{"loc":{"start":{"line":33,"column":76},"end":{"line":33,"column":86}},"type":"cond-expr","locations":[{"start":{"line":33,"column":79},"end":{"line":33,"column":81}},{"start":{"line":33,"column":81},"end":{"line":33,"column":86}}]},"7":{"loc":{"start":{"line":34,"column":22},"end":{"line":34,"column":114}},"type":"binary-expr","locations":[{"start":{"line":34,"column":22},"end":{"line":34,"column":37}},{"start":{"line":34,"column":41},"end":{"line":34,"column":114}}]}},"s":{"0":3,"1":3,"2":3,"3":204,"4":3,"5":3,"6":8,"7":8,"8":8,"9":8,"10":8,"11":8,"12":8,"13":16,"14":8,"15":8,"16":6,"17":3,"18":3},"f":{"0":71,"1":3,"2":8},"b":{"0":[16],"1":[64,16],"2":[8,0],"3":[8,8],"4":[0,8],"5":[0,8],"6":[2,6],"7":[8,8]}}
,"/Users/zane/playground/standard-error-set/src/data-service-error.mjs": {"path":"/Users/zane/playground/standard-error-set/src/data-service-error.mjs","statementMap":{"0":{"start":{"line":2,"column":0},"end":{"line":2,"column":null}},"1":{"start":{"line":3,"column":0},"end":{"line":3,"column":null}},"2":{"start":{"line":4,"column":0},"end":{"line":4,"column":59}},"3":{"start":{"line":4,"column":59},"end":{"line":4,"column":null}},"4":{"start":{"line":6,"column":15},"end":{"line":6,"column":33}},"5":{"start":{"line":18,"column":22},"end":{"line":18,"column":null}},"6":{"start":{"line":35,"column":68},"end":{"line":35,"column":66}},"7":{"start":{"line":35,"column":66},"end":{"line":35,"column":20}},"8":{"start":{"line":35,"column":20},"end":{"line":35,"column":31}},"9":{"start":{"line":35,"column":29},"end":{"line":35,"column":38}},"10":{"start":{"line":35,"column":38},"end":{"line":35,"column":52}},"11":{"start":{"line":35,"column":59},"end":{"line":35,"column":64}},"12":{"start":{"line":36,"column":4},"end":{"line":36,"column":null}},"13":{"start":{"line":36,"column":107},"end":{"line":37,"column":null}},"14":{"start":{"line":38,"column":3},"end":{"line":38,"column":null}},"15":{"start":{"line":41,"column":0},"end":{"line":41,"column":null}},"16":{"start":{"line":43,"column":0},"end":{"line":43,"column":null}}},"fnMap":{"0":{"name":"ownKeys","decl":{"start":{"line":4,"column":59},"end":{"line":4,"column":null}},"loc":{"start":{"line":4,"column":59},"end":{"line":4,"column":null}}},"1":{"name":"(anonymous_9)","decl":{"start":{"line":18,"column":22},"end":{"line":18,"column":39}},"loc":{"start":{"line":18,"column":22},"end":{"line":38,"column":null}}},"2":{"name":"DataServiceError","decl":{"start":{"line":35,"column":2},"end":{"line":35,"column":16}},"loc":{"start":{"line":35,"column":68},"end":{"line":38,"column":3}}}},"branchMap":{"0":{"loc":{"start":{"line":4,"column":59},"end":{"line":4,"column":null}},"type":"if","locations":[{"start":{"line":4,"column":59},"end":{"line":4,"column":null}}]},"1":{"loc":{"start":{"line":4,"column":59},"end":{"line":4,"column":null}},"type":"binary-expr","locations":[{"start":{"line":4,"column":59},"end":{"line":4,"column":null}},{"start":{"line":4,"column":59},"end":{"line":4,"column":null}}]},"2":{"loc":{"start":{"line":35,"column":68},"end":{"line":35,"column":66}},"type":"cond-expr","locations":[{"start":{"line":35,"column":68},"end":{"line":35,"column":null}},{"start":{"line":35,"column":64},"end":{"line":35,"column":66}}]},"3":{"loc":{"start":{"line":35,"column":68},"end":{"line":35,"column":null}},"type":"binary-expr","locations":[{"start":{"line":35,"column":68},"end":{"line":35,"column":null}},{"start":{"line":35,"column":68},"end":{"line":35,"column":null}}]},"4":{"loc":{"start":{"line":35,"column":20},"end":{"line":35,"column":31}},"type":"cond-expr","locations":[{"start":{"line":35,"column":23},"end":{"line":35,"column":29}},{"start":{"line":35,"column":29},"end":{"line":35,"column":31}}]},"5":{"loc":{"start":{"line":35,"column":38},"end":{"line":35,"column":52}},"type":"cond-expr","locations":[{"start":{"line":35,"column":41},"end":{"line":35,"column":47}},{"start":{"line":35,"column":47},"end":{"line":35,"column":52}}]},"6":{"loc":{"start":{"line":36,"column":22},"end":{"line":36,"column":107}},"type":"binary-expr","locations":[{"start":{"line":36,"column":22},"end":{"line":36,"column":37}},{"start":{"line":36,"column":41},"end":{"line":36,"column":107}}]}},"s":{"0":5,"1":5,"2":5,"3":263,"4":5,"5":5,"6":15,"7":15,"8":15,"9":15,"10":15,"11":30,"12":15,"13":15,"14":10,"15":5,"16":5},"f":{"0":100,"1":5,"2":15},"b":{"0":[19],"1":[87,19],"2":[14,1],"3":[15,15],"4":[5,10],"5":[8,7],"6":[15,4]}}
,"/Users/zane/playground/standard-error-set/src/database-error.mjs": {"path":"/Users/zane/playground/standard-error-set/src/database-error.mjs","statementMap":{"0":{"start":{"line":2,"column":0},"end":{"line":2,"column":null}},"1":{"start":{"line":3,"column":0},"end":{"line":3,"column":59}},"2":{"start":{"line":3,"column":59},"end":{"line":3,"column":null}},"3":{"start":{"line":5,"column":15},"end":{"line":5,"column":30}},"4":{"start":{"line":13,"column":19},"end":{"line":13,"column":null}},"5":{"start":{"line":34,"column":95},"end":{"line":34,"column":93}},"6":{"start":{"line":34,"column":93},"end":{"line":34,"column":20}},"7":{"start":{"line":34,"column":20},"end":{"line":34,"column":31}},"8":{"start":{"line":34,"column":29},"end":{"line":34,"column":40}},"9":{"start":{"line":34,"column":40},"end":{"line":34,"column":55}},"10":{"start":{"line":34,"column":53},"end":{"line":34,"column":61}},"11":{"start":{"line":34,"column":61},"end":{"line":34,"column":79}},"12":{"start":{"line":34,"column":86},"end":{"line":34,"column":91}},"13":{"start":{"line":35,"column":4},"end":{"line":35,"column":null}},"14":{"start":{"line":35,"column":91},"end":{"line":36,"column":null}},"15":{"start":{"line":37,"column":3},"end":{"line":37,"column":null}},"16":{"start":{"line":40,"column":0},"end":{"line":40,"column":null}},"17":{"start":{"line":42,"column":0},"end":{"line":42,"column":null}},"18":{"start":{"line":44,"column":24},"end":{"line":59,"column":1}},"19":{"start":{"line":44,"column":33},"end":{"line":44,"column":32}},"20":{"start":{"line":44,"column":44},"end":{"line":44,"column":43}},"21":{"start":{"line":44,"column":51},"end":{"line":44,"column":50}},"22":{"start":{"line":44,"column":59},"end":{"line":44,"column":58}},"23":{"start":{"line":45,"column":13},"end":{"line":45,"column":40}},"24":{"start":{"line":46,"column":2},"end":{"line":51,"column":null}},"25":{"start":{"line":47,"column":4},"end":{"line":47,"column":null}},"26":{"start":{"line":50,"column":4},"end":{"line":50,"column":null}},"27":{"start":{"line":52,"column":2},"end":{"line":52,"column":null}},"28":{"start":{"line":53,"column":2},"end":{"line":55,"column":null}},"29":{"start":{"line":54,"column":4},"end":{"line":54,"column":null}},"30":{"start":{"line":56,"column":2},"end":{"line":56,"column":null}},"31":{"start":{"line":58,"column":2},"end":{"line":58,"column":null}}},"fnMap":{"0":{"name":"ownKeys","decl":{"start":{"line":3,"column":59},"end":{"line":3,"column":null}},"loc":{"start":{"line":3,"column":59},"end":{"line":3,"column":null}}},"1":{"name":"(anonymous_9)","decl":{"start":{"line":13,"column":19},"end":{"line":13,"column":36}},"loc":{"start":{"line":13,"column":19},"end":{"line":37,"column":null}}},"2":{"name":"DatabaseError","decl":{"start":{"line":34,"column":2},"end":{"line":34,"column":16}},"loc":{"start":{"line":34,"column":95},"end":{"line":37,"column":3}}},"3":{"name":"generateMessage","decl":{"start":{"line":44,"column":6},"end":{"line":44,"column":21}},"loc":{"start":{"line":44,"column":66},"end":{"line":59,"column":1}}}},"branchMap":{"0":{"loc":{"start":{"line":3,"column":59},"end":{"line":3,"column":null}},"type":"if","locations":[{"start":{"line":3,"column":59},"end":{"line":3,"column":null}}]},"1":{"loc":{"start":{"line":3,"column":59},"end":{"line":3,"column":null}},"type":"binary-expr","locations":[{"start":{"line":3,"column":59},"end":{"line":3,"column":null}},{"start":{"line":3,"column":59},"end":{"line":3,"column":null}}]},"2":{"loc":{"start":{"line":34,"column":95},"end":{"line":34,"column":93}},"type":"cond-expr","locations":[{"start":{"line":34,"column":95},"end":{"line":34,"column":null}},{"start":{"line":34,"column":91},"end":{"line":34,"column":93}}]},"3":{"loc":{"start":{"line":34,"column":95},"end":{"line":34,"column":null}},"type":"binary-expr","locations":[{"start":{"line":34,"column":95},"end":{"line":34,"column":null}},{"start":{"line":34,"column":95},"end":{"line":34,"column":null}}]},"4":{"loc":{"start":{"line":34,"column":20},"end":{"line":34,"column":31}},"type":"cond-expr","locations":[{"start":{"line":34,"column":23},"end":{"line":34,"column":29}},{"start":{"line":34,"column":29},"end":{"line":34,"column":31}}]},"5":{"loc":{"start":{"line":34,"column":40},"end":{"line":34,"column":55}},"type":"cond-expr","locations":[{"start":{"line":34,"column":43},"end":{"line":34,"column":53}},{"start":{"line":34,"column":53},"end":{"line":34,"column":55}}]},"6":{"loc":{"start":{"line":34,"column":61},"end":{"line":34,"column":79}},"type":"cond-expr","locations":[{"start":{"line":34,"column":64},"end":{"line":34,"column":74}},{"start":{"line":34,"column":74},"end":{"line":34,"column":79}}]},"7":{"loc":{"start":{"line":35,"column":22},"end":{"line":35,"column":91}},"type":"binary-expr","locations":[{"start":{"line":35,"column":22},"end":{"line":35,"column":37}},{"start":{"line":35,"column":41},"end":{"line":35,"column":91}}]},"8":{"loc":{"start":{"line":46,"column":2},"end":{"line":51,"column":null}},"type":"if","locations":[{"start":{"line":46,"column":2},"end":{"line":51,"column":null}},{"start":{"line":49,"column":7},"end":{"line":51,"column":null}}]},"9":{"loc":{"start":{"line":53,"column":2},"end":{"line":55,"column":null}},"type":"if","locations":[{"start":{"line":53,"column":2},"end":{"line":55,"column":null}}]}},"s":{"0":4,"1":4,"2":282,"3":4,"4":4,"5":12,"6":12,"7":12,"8":12,"9":12,"10":12,"11":12,"12":24,"13":12,"14":12,"15":8,"16":4,"17":4,"18":4,"19":10,"20":10,"21":10,"22":10,"23":10,"24":10,"25":4,"26":6,"27":10,"28":10,"29":2,"30":10,"31":10},"f":{"0":98,"1":4,"2":12,"3":10},"b":{"0":[22],"1":[90,22],"2":[12,0],"3":[12,12],"4":[0,12],"5":[0,12],"6":[6,6],"7":[12,10],"8":[4,6],"9":[2]}}
,"/Users/zane/playground/standard-error-set/src/directory-not-found-error.mjs": {"path":"/Users/zane/playground/standard-error-set/src/directory-not-found-error.mjs","statementMap":{"0":{"start":{"line":2,"column":0},"end":{"line":2,"column":null}},"1":{"start":{"line":3,"column":0},"end":{"line":3,"column":null}},"2":{"start":{"line":4,"column":0},"end":{"line":4,"column":null}},"3":{"start":{"line":5,"column":0},"end":{"line":5,"column":59}},"4":{"start":{"line":5,"column":59},"end":{"line":5,"column":null}},"5":{"start":{"line":7,"column":15},"end":{"line":7,"column":39}},"6":{"start":{"line":18,"column":28},"end":{"line":18,"column":null}},"7":{"start":{"line":33,"column":50},"end":{"line":33,"column":48}},"8":{"start":{"line":33,"column":48},"end":{"line":33,"column":20}},"9":{"start":{"line":33,"column":20},"end":{"line":33,"column":34}},"10":{"start":{"line":33,"column":41},"end":{"line":33,"column":46}},"11":{"start":{"line":34,"column":21},"end":{"line":34,"column":47}},"12":{"start":{"line":35,"column":4},"end":{"line":35,"column":null}},"13":{"start":{"line":36,"column":4},"end":{"line":36,"column":null}},"14":{"start":{"line":36,"column":51},"end":{"line":38,"column":null}},"15":{"start":{"line":39,"column":3},"end":{"line":39,"column":null}},"16":{"start":{"line":42,"column":0},"end":{"line":42,"column":null}},"17":{"start":{"line":44,"column":0},"end":{"line":44,"column":null}}},"fnMap":{"0":{"name":"ownKeys","decl":{"start":{"line":5,"column":59},"end":{"line":5,"column":null}},"loc":{"start":{"line":5,"column":59},"end":{"line":5,"column":null}}},"1":{"name":"(anonymous_9)","decl":{"start":{"line":18,"column":28},"end":{"line":18,"column":45}},"loc":{"start":{"line":18,"column":28},"end":{"line":39,"column":null}}},"2":{"name":"DirectoryNotFoundError","decl":{"start":{"line":33,"column":2},"end":{"line":33,"column":16}},"loc":{"start":{"line":33,"column":50},"end":{"line":39,"column":3}}}},"branchMap":{"0":{"loc":{"start":{"line":5,"column":59},"end":{"line":5,"column":null}},"type":"if","locations":[{"start":{"line":5,"column":59},"end":{"line":5,"column":null}}]},"1":{"loc":{"start":{"line":5,"column":59},"end":{"line":5,"column":null}},"type":"binary-expr","locations":[{"start":{"line":5,"column":59},"end":{"line":5,"column":null}},{"start":{"line":5,"column":59},"end":{"line":5,"column":null}}]},"2":{"loc":{"start":{"line":33,"column":50},"end":{"line":33,"column":48}},"type":"cond-expr","locations":[{"start":{"line":33,"column":50},"end":{"line":33,"column":null}},{"start":{"line":33,"column":46},"end":{"line":33,"column":48}}]},"3":{"loc":{"start":{"line":33,"column":50},"end":{"line":33,"column":null}},"type":"binary-expr","locations":[{"start":{"line":33,"column":50},"end":{"line":33,"column":null}},{"start":{"line":33,"column":50},"end":{"line":33,"column":null}}]},"4":{"loc":{"start":{"line":33,"column":20},"end":{"line":33,"column":34}},"type":"cond-expr","locations":[{"start":{"line":33,"column":23},"end":{"line":33,"column":29}},{"start":{"line":33,"column":29},"end":{"line":33,"column":34}}]},"5":{"loc":{"start":{"line":35,"column":22},"end":{"line":35,"column":78}},"type":"binary-expr","locations":[{"start":{"line":35,"column":22},"end":{"line":35,"column":37}},{"start":{"line":35,"column":41},"end":{"line":35,"column":78}}]},"6":{"loc":{"start":{"line":36,"column":23},"end":{"line":36,"column":51}},"type":"binary-expr","locations":[{"start":{"line":36,"column":23},"end":{"line":36,"column":39}},{"start":{"line":36,"column":43},"end":{"line":36,"column":51}}]}},"s":{"0":3,"1":3,"2":3,"3":3,"4":35,"5":3,"6":3,"7":2,"8":2,"9":2,"10":4,"11":2,"12":2,"13":2,"14":2,"15":6,"16":3,"17":3},"f":{"0":14,"1":3,"2":2},"b":{"0":[2],"1":[10,2],"2":[1,1],"3":[2,2],"4":[2,0],"5":[2,2],"6":[2,2]}}
,"/Users/zane/playground/standard-error-set/src/end-of-stream-error.mjs": {"path":"/Users/zane/playground/standard-error-set/src/end-of-stream-error.mjs","statementMap":{"0":{"start":{"line":2,"column":0},"end":{"line":2,"column":null}},"1":{"start":{"line":3,"column":0},"end":{"line":3,"column":null}},"2":{"start":{"line":4,"column":0},"end":{"line":4,"column":59}},"3":{"start":{"line":4,"column":59},"end":{"line":4,"column":null}},"4":{"start":{"line":6,"column":15},"end":{"line":6,"column":33}},"5":{"start":{"line":15,"column":22},"end":{"line":15,"column":null}},"6":{"start":{"line":34,"column":70},"end":{"line":34,"column":68}},"7":{"start":{"line":34,"column":68},"end":{"line":34,"column":20}},"8":{"start":{"line":34,"column":20},"end":{"line":34,"column":31}},"9":{"start":{"line":34,"column":29},"end":{"line":34,"column":37}},"10":{"start":{"line":34,"column":37},"end":{"line":34,"column":54}},"11":{"start":{"line":34,"column":61},"end":{"line":34,"column":66}},"12":{"start":{"line":35,"column":4},"end":{"line":35,"column":null}},"13":{"start":{"line":35,"column":107},"end":{"line":36,"column":null}},"14":{"start":{"line":37,"column":3},"end":{"line":37,"column":null}},"15":{"start":{"line":40,"column":0},"end":{"line":40,"column":null}},"16":{"start":{"line":42,"column":0},"end":{"line":42,"column":null}}},"fnMap":{"0":{"name":"ownKeys","decl":{"start":{"line":4,"column":59},"end":{"line":4,"column":null}},"loc":{"start":{"line":4,"column":59},"end":{"line":4,"column":null}}},"1":{"name":"(anonymous_9)","decl":{"start":{"line":15,"column":22},"end":{"line":15,"column":39}},"loc":{"start":{"line":15,"column":22},"end":{"line":37,"column":null}}},"2":{"name":"EndOfStreamError","decl":{"start":{"line":34,"column":2},"end":{"line":34,"column":16}},"loc":{"start":{"line":34,"column":70},"end":{"line":37,"column":3}}}},"branchMap":{"0":{"loc":{"start":{"line":4,"column":59},"end":{"line":4,"column":null}},"type":"if","locations":[{"start":{"line":4,"column":59},"end":{"line":4,"column":null}}]},"1":{"loc":{"start":{"line":4,"column":59},"end":{"line":4,"column":null}},"type":"binary-expr","locations":[{"start":{"line":4,"column":59},"end":{"line":4,"column":null}},{"start":{"line":4,"column":59},"end":{"line":4,"column":null}}]},"2":{"loc":{"start":{"line":34,"column":70},"end":{"line":34,"column":68}},"type":"cond-expr","locations":[{"start":{"line":34,"column":70},"end":{"line":34,"column":null}},{"start":{"line":34,"column":66},"end":{"line":34,"column":68}}]},"3":{"loc":{"start":{"line":34,"column":70},"end":{"line":34,"column":null}},"type":"binary-expr","locations":[{"start":{"line":34,"column":70},"end":{"line":34,"column":null}},{"start":{"line":34,"column":70},"end":{"line":34,"column":null}}]},"4":{"loc":{"start":{"line":34,"column":20},"end":{"line":34,"column":31}},"type":"cond-expr","locations":[{"start":{"line":34,"column":23},"end":{"line":34,"column":29}},{"start":{"line":34,"column":29},"end":{"line":34,"column":31}}]},"5":{"loc":{"start":{"line":34,"column":37},"end":{"line":34,"column":54}},"type":"cond-expr","locations":[{"start":{"line":34,"column":40},"end":{"line":34,"column":49}},{"start":{"line":34,"column":49},"end":{"line":34,"column":54}}]},"6":{"loc":{"start":{"line":35,"column":22},"end":{"line":35,"column":107}},"type":"binary-expr","locations":[{"start":{"line":35,"column":22},"end":{"line":35,"column":37}},{"start":{"line":35,"column":41},"end":{"line":35,"column":107}}]}},"s":{"0":3,"1":3,"2":3,"3":144,"4":3,"5":3,"6":6,"7":6,"8":6,"9":6,"10":6,"11":12,"12":6,"13":6,"14":6,"15":3,"16":3},"f":{"0":51,"1":3,"2":6},"b":{"0":[11],"1":[45,11],"2":[5,1],"3":[6,6],"4":[6,0],"5":[4,2],"6":[6,5]}}
,"/Users/zane/playground/standard-error-set/src/external-service-error.mjs": {"path":"/Users/zane/playground/standard-error-set/src/external-service-error.mjs","statementMap":{"0":{"start":{"line":2,"column":0},"end":{"line":2,"column":null}},"1":{"start":{"line":3,"column":0},"end":{"line":3,"column":null}},"2":{"start":{"line":4,"column":0},"end":{"line":4,"column":59}},"3":{"start":{"line":4,"column":59},"end":{"line":4,"column":null}},"4":{"start":{"line":6,"column":15},"end":{"line":6,"column":37}},"5":{"start":{"line":18,"column":26},"end":{"line":18,"column":null}},"6":{"start":{"line":35,"column":64},"end":{"line":35,"column":62}},"7":{"start":{"line":35,"column":62},"end":{"line":35,"column":20}},"8":{"start":{"line":35,"column":20},"end":{"line":35,"column":31}},"9":{"start":{"line":35,"column":29},"end":{"line":35,"column":38}},"10":{"start":{"line":35,"column":38},"end":{"line":35,"column":48}},"11":{"start":{"line":35,"column":55},"end":{"line":35,"column":60}},"12":{"start":{"line":36,"column":4},"end":{"line":36,"column":null}},"13":{"start":{"line":36,"column":107},"end":{"line":37,"column":null}},"14":{"start":{"line":38,"column":3},"end":{"line":38,"column":null}},"15":{"start":{"line":41,"column":0},"end":{"line":41,"column":null}},"16":{"start":{"line":43,"column":0},"end":{"line":43,"column":null}}},"fnMap":{"0":{"name":"ownKeys","decl":{"start":{"line":4,"column":59},"end":{"line":4,"column":null}},"loc":{"start":{"line":4,"column":59},"end":{"line":4,"column":null}}},"1":{"name":"(anonymous_9)","decl":{"start":{"line":18,"column":26},"end":{"line":18,"column":43}},"loc":{"start":{"line":18,"column":26},"end":{"line":38,"column":null}}},"2":{"name":"ExternalServiceError","decl":{"start":{"line":35,"column":2},"end":{"line":35,"column":16}},"loc":{"start":{"line":35,"column":64},"end":{"line":38,"column":3}}}},"branchMap":{"0":{"loc":{"start":{"line":4,"column":59},"end":{"line":4,"column":null}},"type":"if","locations":[{"start":{"line":4,"column":59},"end":{"line":4,"column":null}}]},"1":{"loc":{"start":{"line":4,"column":59},"end":{"line":4,"column":null}},"type":"binary-expr","locations":[{"start":{"line":4,"column":59},"end":{"line":4,"column":null}},{"start":{"line":4,"column":59},"end":{"line":4,"column":null}}]},"2":{"loc":{"start":{"line":35,"column":64},"end":{"line":35,"column":62}},"type":"cond-expr","locations":[{"start":{"line":35,"column":64},"end":{"line":35,"column":null}},{"start":{"line":35,"column":60},"end":{"line":35,"column":62}}]},"3":{"loc":{"start":{"line":35,"column":64},"end":{"line":35,"column":null}},"type":"binary-expr","locations":[{"start":{"line":35,"column":64},"end":{"line":35,"column":null}},{"start":{"line":35,"column":64},"end":{"line":35,"column":null}}]},"4":{"loc":{"start":{"line":35,"column":20},"end":{"line":35,"column":31}},"type":"cond-expr","locations":[{"start":{"line":35,"column":23},"end":{"line":35,"column":29}},{"start":{"line":35,"column":29},"end":{"line":35,"column":31}}]},"5":{"loc":{"start":{"line":35,"column":38},"end":{"line":35,"column":48}},"type":"cond-expr","locations":[{"start":{"line":35,"column":41},"end":{"line":35,"column":43}},{"start":{"line":35,"column":43},"end":{"line":35,"column":48}}]},"6":{"loc":{"start":{"line":36,"column":22},"end":{"line":36,"column":107}},"type":"binary-expr","locations":[{"start":{"line":36,"column":22},"end":{"line":36,"column":37}},{"start":{"line":36,"column":41},"end":{"line":36,"column":107}}]}},"s":{"0":6,"1":6,"2":6,"3":360,"4":6,"5":6,"6":24,"7":24,"8":24,"9":24,"10":24,"11":48,"12":24,"13":24,"14":12,"15":6,"16":6},"f":{"0":154,"1":6,"2":24},"b":{"0":[24],"1":[120,24],"2":[24,0],"3":[24,24],"4":[0,24],"5":[9,15],"6":[24,0]}}
,"/Users/zane/playground/standard-error-set/src/file-load-error.mjs": {"path":"/Users/zane/playground/standard-error-set/src/file-load-error.mjs","statementMap":{"0":{"start":{"line":2,"column":0},"end":{"line":2,"column":null}},"1":{"start":{"line":3,"column":0},"end":{"line":3,"column":null}},"2":{"start":{"line":4,"column":0},"end":{"line":4,"column":null}},"3":{"start":{"line":5,"column":0},"end":{"line":5,"column":59}},"4":{"start":{"line":5,"column":59},"end":{"line":5,"column":null}},"5":{"start":{"line":7,"column":15},"end":{"line":7,"column":30}},"6":{"start":{"line":16,"column":19},"end":{"line":16,"column":null}},"7":{"start":{"line":40,"column":70},"end":{"line":40,"column":68}},"8":{"start":{"line":40,"column":68},"end":{"line":40,"column":20}},"9":{"start":{"line":40,"column":20},"end":{"line":40,"column":31}},"10":{"start":{"line":40,"column":29},"end":{"line":40,"column":37}},"11":{"start":{"line":40,"column":37},"end":{"line":40,"column":54}},"12":{"start":{"line":40,"column":61},"end":{"line":40,"column":66}},"13":{"start":{"line":41,"column":4},"end":{"line":41,"column":null}},"14":{"start":{"line":42,"column":4},"end":{"line":42,"column":null}},"15":{"start":{"line":42,"column":93},"end":{"line":43,"column":null}},"16":{"start":{"line":44,"column":3},"end":{"line":44,"column":null}},"17":{"start":{"line":47,"column":0},"end":{"line":47,"column":null}},"18":{"start":{"line":49,"column":0},"end":{"line":49,"column":null}}},"fnMap":{"0":{"name":"ownKeys","decl":{"start":{"line":5,"column":59},"end":{"line":5,"column":null}},"loc":{"start":{"line":5,"column":59},"end":{"line":5,"column":null}}},"1":{"name":"(anonymous_9)","decl":{"start":{"line":16,"column":19},"end":{"line":16,"column":36}},"loc":{"start":{"line":16,"column":19},"end":{"line":44,"column":null}}},"2":{"name":"FileLoadError","decl":{"start":{"line":40,"column":2},"end":{"line":40,"column":16}},"loc":{"start":{"line":40,"column":70},"end":{"line":44,"column":3}}}},"branchMap":{"0":{"loc":{"start":{"line":5,"column":59},"end":{"line":5,"column":null}},"type":"if","locations":[{"start":{"line":5,"column":59},"end":{"line":5,"column":null}}]},"1":{"loc":{"start":{"line":5,"column":59},"end":{"line":5,"column":null}},"type":"binary-expr","locations":[{"start":{"line":5,"column":59},"end":{"line":5,"column":null}},{"start":{"line":5,"column":59},"end":{"line":5,"column":null}}]},"2":{"loc":{"start":{"line":40,"column":70},"end":{"line":40,"column":68}},"type":"cond-expr","locations":[{"start":{"line":40,"column":70},"end":{"line":40,"column":null}},{"start":{"line":40,"column":66},"end":{"line":40,"column":68}}]},"3":{"loc":{"start":{"line":40,"column":70},"end":{"line":40,"column":null}},"type":"binary-expr","locations":[{"start":{"line":40,"column":70},"end":{"line":40,"column":null}},{"start":{"line":40,"column":70},"end":{"line":40,"column":null}}]},"4":{"loc":{"start":{"line":40,"column":20},"end":{"line":40,"column":31}},"type":"cond-expr","locations":[{"start":{"line":40,"column":23},"end":{"line":40,"column":29}},{"start":{"line":40,"column":29},"end":{"line":40,"column":31}}]},"5":{"loc":{"start":{"line":40,"column":37},"end":{"line":40,"column":54}},"type":"cond-expr","locations":[{"start":{"line":40,"column":40},"end":{"line":40,"column":49}},{"start":{"line":40,"column":49},"end":{"line":40,"column":54}}]},"6":{"loc":{"start":{"line":41,"column":21},"end":{"line":41,"column":75}},"type":"binary-expr","locations":[{"start":{"line":41,"column":21},"end":{"line":41,"column":35}},{"start":{"line":41,"column":39},"end":{"line":41,"column":75}}]},"7":{"loc":{"start":{"line":42,"column":22},"end":{"line":42,"column":93}},"type":"binary-expr","locations":[{"start":{"line":42,"column":22},"end":{"line":42,"column":37}},{"start":{"line":42,"column":41},"end":{"line":42,"column":93}}]}},"s":{"0":3,"1":3,"2":3,"3":3,"4":225,"5":3,"6":3,"7":6,"8":6,"9":6,"10":6,"11":6,"12":12,"13":6,"14":6,"15":6,"16":6,"17":3,"18":3},"f":{"0":84,"1":3,"2":6},"b":{"0":[17],"1":[63,17],"2":[5,1],"3":[6,6],"4":[6,0],"5":[5,1],"6":[6,6],"7":[6,5]}}
[...]
,"/Users/zane/playground/standard-error-set/src/lib/describe-file.mjs": {"path":"/Users/zane/playground/standard-error-set/src/lib/describe-file.mjs","statementMap":{"0":{"start":{"line":1,"column":18},"end":{"line":17,"column":1}},"1":{"start":{"line":1,"column":31},"end":{"line":1,"column":30}},"2":{"start":{"line":1,"column":41},"end":{"line":1,"column":40}},"3":{"start":{"line":2,"column":13},"end":{"line":2,"column":19}},"4":{"start":{"line":3,"column":2},"end":{"line":14,"column":3}},"5":{"start":{"line":6,"column":16},"end":{"line":6,"column":51}},"6":{"start":{"line":7,"column":4},"end":{"line":7,"column":null}},"7":{"start":{"line":9,"column":7},"end":{"line":14,"column":3}},"8":{"start":{"line":10,"column":4},"end":{"line":10,"column":null}},"9":{"start":{"line":12,"column":7},"end":{"line":14,"column":3}},"10":{"start":{"line":13,"column":4},"end":{"line":13,"column":null}},"11":{"start":{"line":16,"column":2},"end":{"line":16,"column":null}}},"fnMap":{"0":{"name":"describeFile","decl":{"start":{"line":1,"column":6},"end":{"line":1,"column":18}},"loc":{"start":{"line":1,"column":48},"end":{"line":17,"column":1}}}},"branchMap":{"0":{"loc":{"start":{"line":3,"column":2},"end":{"line":14,"column":3}},"type":"if","locations":[{"start":{"line":3,"column":2},"end":{"line":14,"column":3}},{"start":{"line":9,"column":7},"end":{"line":14,"column":3}}]},"1":{"loc":{"start":{"line":3,"column":6},"end":{"line":3,"column":53}},"type":"binary-expr","locations":[{"start":{"line":3,"column":6},"end":{"line":3,"column":28}},{"start":{"line":3,"column":32},"end":{"line":3,"column":53}}]},"2":{"loc":{"start":{"line":6,"column":16},"end":{"line":6,"column":51}},"type":"cond-expr","locations":[{"start":{"line":6,"column":41},"end":{"line":6,"column":45}},{"start":{"line":6,"column":48},"end":{"line":6,"column":51}}]},"3":{"loc":{"start":{"line":7,"column":12},"end":{"line":7,"column":97}},"type":"cond-expr","locations":[{"start":{"line":7,"column":33},"end":{"line":7,"column":70}},{"start":{"line":7,"column":59},"end":{"line":7,"column":97}}]},"4":{"loc":{"start":{"line":9,"column":7},"end":{"line":14,"column":3}},"type":"if","locations":[{"start":{"line":9,"column":7},"end":{"line":14,"column":3}},{"start":{"line":12,"column":7},"end":{"line":14,"column":3}}]},"5":{"loc":{"start":{"line":12,"column":7},"end":{"line":14,"column":3}},"type":"if","locations":[{"start":{"line":12,"column":7},"end":{"line":14,"column":3}}]}},"s":{"0":5,"1":18,"2":18,"3":18,"4":18,"5":5,"6":5,"7":13,"8":5,"9":8,"10":1,"11":18},"f":{"0":18},"b":{"0":[5,13],"1":[18,10],"2":[0,5],"3":[0,5],"4":[5,8],"5":[1]}}
,"/Users/zane/playground/standard-error-set/src/lib/generate-auth-message.mjs": {"path":"/Users/zane/playground/standard-error-set/src/lib/generate-auth-message.mjs","statementMap":{"0":{"start":{"line":1,"column":25},"end":{"line":9,"column":1}},"1":{"start":{"line":1,"column":37},"end":{"line":1,"column":36}},"2":{"start":{"line":1,"column":44},"end":{"line":1,"column":43}},"3":{"start":{"line":1,"column":52},"end":{"line":1,"column":51}},"4":{"start":{"line":2,"column":16},"end":{"line":2,"column":64}},"5":{"start":{"line":3,"column":2},"end":{"line":5,"column":null}},"6":{"start":{"line":4,"column":4},"end":{"line":4,"column":null}},"7":{"start":{"line":6,"column":2},"end":{"line":6,"column":null}},"8":{"start":{"line":8,"column":2},"end":{"line":8,"column":null}}},"fnMap":{"0":{"name":"generateAuthMessage","decl":{"start":{"line":1,"column":6},"end":{"line":1,"column":25}},"loc":{"start":{"line":1,"column":59},"end":{"line":9,"column":1}}}},"branchMap":{"0":{"loc":{"start":{"line":3,"column":2},"end":{"line":5,"column":null}},"type":"if","locations":[{"start":{"line":3,"column":2},"end":{"line":5,"column":null}}]}},"s":{"0":8,"1":9,"2":9,"3":9,"4":9,"5":9,"6":3,"7":9,"8":9},"f":{"0":9},"b":{"0":[3]}}
,"/Users/zane/playground/standard-error-set/src/lib/generate-constraint-message.mjs": {"path":"/Users/zane/playground/standard-error-set/src/lib/generate-constraint-message.mjs","statementMap":{"0":{"start":{"line":1,"column":31},"end":{"line":26,"column":1}},"1":{"start":{"line":1,"column":51},"end":{"line":1,"column":50}},"2":{"start":{"line":1,"column":63},"end":{"line":1,"column":62}},"3":{"start":{"line":1,"column":79},"end":{"line":1,"column":78}},"4":{"start":{"line":2,"column":16},"end":{"line":2,"column":80}},"5":{"start":{"line":3,"column":2},"end":{"line":5,"column":null}},"6":{"start":{"line":4,"column":4},"end":{"line":4,"column":null}},"7":{"start":{"line":6,"column":2},"end":{"line":19,"column":null}},"8":{"start":{"line":7,"column":4},"end":{"line":7,"column":null}},"9":{"start":{"line":7,"column":29},"end":{"line":8,"column":48}},"10":{"start":{"line":8,"column":46},"end":{"line":16,"column":null}},"11":{"start":{"line":8,"column":4},"end":{"line":16,"column":5}},"12":{"start":{"line":8,"column":28},"end":{"line":8,"column":32}},"13":{"start":{"line":9,"column":6},"end":{"line":15,"column":null}},"14":{"start":{"line":10,"column":8},"end":{"line":10,"column":null}},"15":{"start":{"line":10,"column":20},"end":{"line":10,"column":22}},"16":{"start":{"line":10,"column":27},"end":{"line":10,"column":31}},"17":{"start":{"line":11,"column":8},"end":{"line":11,"column":null}},"18":{"start":{"line":14,"column":8},"end":{"line":14,"column":null}},"19":{"start":{"line":16,"column":5},"end":{"line":16,"column":null}},"20":{"start":{"line":17,"column":4},"end":{"line":17,"column":null}},"21":{"start":{"line":18,"column":4},"end":{"line":18,"column":null}},"22":{"start":{"line":20,"column":2},"end":{"line":22,"column":null}},"23":{"start":{"line":21,"column":4},"end":{"line":21,"column":null}},"24":{"start":{"line":23,"column":2},"end":{"line":23,"column":null}},"25":{"start":{"line":25,"column":2},"end":{"line":25,"column":null}}},"fnMap":{"0":{"name":"generateConstraintMessage","decl":{"start":{"line":1,"column":6},"end":{"line":1,"column":31}},"loc":{"start":{"line":1,"column":86},"end":{"line":26,"column":1}}}},"branchMap":{"0":{"loc":{"start":{"line":3,"column":2},"end":{"line":5,"column":null}},"type":"if","locations":[{"start":{"line":3,"column":2},"end":{"line":5,"column":null}}]},"1":{"loc":{"start":{"line":6,"column":2},"end":{"line":19,"column":null}},"type":"if","locations":[{"start":{"line":6,"column":2},"end":{"line":19,"column":null}}]},"2":{"loc":{"start":{"line":9,"column":6},"end":{"line":15,"column":null}},"type":"if","locations":[{"start":{"line":9,"column":6},"end":{"line":15,"column":null}},{"start":{"line":13,"column":11},"end":{"line":15,"column":null}}]},"3":{"loc":{"start":{"line":9,"column":10},"end":{"line":9,"column":68}},"type":"binary-expr","locations":[{"start":{"line":9,"column":10},"end":{"line":9,"column":38}},{"start":{"line":9,"column":42},"end":{"line":9,"column":68}}]},"4":{"loc":{"start":{"line":20,"column":2},"end":{"line":22,"column":null}},"type":"if","locations":[{"start":{"line":20,"column":2},"end":{"line":22,"column":null}}]}},"s":{"0":3,"1":8,"2":8,"3":8,"4":8,"5":8,"6":8,"7":8,"8":6,"9":6,"10":6,"11":6,"12":8,"13":8,"14":2,"15":2,"16":2,"17":2,"18":6,"19":6,"20":6,"21":6,"22":8,"23":3,"24":8,"25":8},"f":{"0":8},"b":{"0":[8],"1":[6],"2":[2,6],"3":[8,2],"4":[3]}}
,"/Users/zane/playground/standard-error-set/src/lib/generate-external-service-message.mjs": {"path":"/Users/zane/playground/standard-error-set/src/lib/generate-external-service-message.mjs","statementMap":{"0":{"start":{"line":1,"column":36},"end":{"line":9,"column":1}},"1":{"start":{"line":1,"column":58},"end":{"line":1,"column":57}},"2":{"start":{"line":1,"column":67},"end":{"line":1,"column":66}},"3":{"start":{"line":2,"column":13},"end":{"line":2,"column":89}},"4":{"start":{"line":3,"column":2},"end":{"line":5,"column":null}},"5":{"start":{"line":4,"column":4},"end":{"line":4,"column":null}},"6":{"start":{"line":6,"column":2},"end":{"line":6,"column":null}},"7":{"start":{"line":8,"column":2},"end":{"line":8,"column":null}}},"fnMap":{"0":{"name":"generateExternalServiceMessage","decl":{"start":{"line":1,"column":6},"end":{"line":1,"column":36}},"loc":{"start":{"line":1,"column":74},"end":{"line":9,"column":1}}}},"branchMap":{"0":{"loc":{"start":{"line":2,"column":29},"end":{"line":2,"column":46}},"type":"binary-expr","locations":[{"start":{"line":2,"column":29},"end":{"line":2,"column":38}},{"start":{"line":2,"column":42},"end":{"line":2,"column":46}}]},"1":{"loc":{"start":{"line":3,"column":2},"end":{"line":5,"column":null}},"type":"if","locations":[{"start":{"line":3,"column":2},"end":{"line":5,"column":null}}]}},"s":{"0":6,"1":12,"2":12,"3":12,"4":12,"5":6,"6":12,"7":12},"f":{"0":12},"b":{"0":[12,4],"1":[6]}}
,"/Users/zane/playground/standard-error-set/src/lib/generate-io-error-message.mjs": {"path":"/Users/zane/playground/standard-error-set/src/lib/generate-io-error-message.mjs","statementMap":{"0":{"start":{"line":1,"column":28},"end":{"line":12,"column":1}},"1":{"start":{"line":1,"column":41},"end":{"line":1,"column":51}},"2":{"start":{"line":1,"column":51},"end":{"line":1,"column":55}},"3":{"start":{"line":1,"column":61},"end":{"line":1,"column":60}},"4":{"start":{"line":1,"column":68},"end":{"line":1,"column":67}},"5":{"start":{"line":1,"column":76},"end":{"line":1,"column":75}},"6":{"start":{"line":2,"column":13},"end":{"line":2,"column":56}},"7":{"start":{"line":3,"column":2},"end":{"line":5,"column":null}},"8":{"start":{"line":4,"column":4},"end":{"line":4,"column":null}},"9":{"start":{"line":6,"column":2},"end":{"line":8,"column":null}},"10":{"start":{"line":7,"column":4},"end":{"line":7,"column":null}},"11":{"start":{"line":9,"column":2},"end":{"line":9,"column":null}},"12":{"start":{"line":11,"column":2},"end":{"line":11,"column":null}}},"fnMap":{"0":{"name":"generateIoErrorMessage","decl":{"start":{"line":1,"column":6},"end":{"line":1,"column":28}},"loc":{"start":{"line":1,"column":83},"end":{"line":12,"column":1}}}},"branchMap":{"0":{"loc":{"start":{"line":1,"column":41},"end":{"line":1,"column":51}},"type":"cond-expr","locations":[{"start":{"line":1,"column":41},"end":{"line":1,"column":44}},{"start":{"line":1,"column":44},"end":{"line":1,"column":51}}]},"1":{"loc":{"start":{"line":1,"column":41},"end":{"line":1,"column":44}},"type":"binary-expr","locations":[{"start":{"line":1,"column":41},"end":{"line":1,"column":44}},{"start":{"line":1,"column":41},"end":{"line":1,"column":44}}]},"2":{"loc":{"start":{"line":1,"column":51},"end":{"line":1,"column":55}},"type":"cond-expr","locations":[{"start":{"line":1,"column":51},"end":{"line":1,"column":55}},{"start":{"line":1,"column":51},"end":{"line":1,"column":55}}]},"3":{"loc":{"start":{"line":3,"column":2},"end":{"line":5,"column":null}},"type":"if","locations":[{"start":{"line":3,"column":2},"end":{"line":5,"column":null}}]},"4":{"loc":{"start":{"line":6,"column":2},"end":{"line":8,"column":null}},"type":"if","locations":[{"start":{"line":6,"column":2},"end":{"line":8,"column":null}}]}},"s":{"0":4,"1":10,"2":10,"3":10,"4":10,"5":10,"6":10,"7":10,"8":8,"9":10,"10":2,"11":10,"12":10},"f":{"0":10},"b":{"0":[10,0],"1":[10,10],"2":[10,0],"3":[8],"4":[2]}}
,"/Users/zane/playground/standard-error-set/src/lib/generate-no-access-message.mjs": {"path":"/Users/zane/playground/standard-error-set/src/lib/generate-no-access-message.mjs","statementMap":{"0":{"start":{"line":1,"column":0},"end":{"line":1,"column":null}},"1":{"start":{"line":3,"column":29},"end":{"line":10,"column":1}},"2":{"start":{"line":3,"column":43},"end":{"line":3,"column":42}},"3":{"start":{"line":3,"column":51},"end":{"line":3,"column":50}},"4":{"start":{"line":4,"column":2},"end":{"line":9,"column":null}},"5":{"start":{"line":5,"column":4},"end":{"line":5,"column":null}},"6":{"start":{"line":8,"column":4},"end":{"line":8,"column":null}}},"fnMap":{"0":{"name":"generateNoAccessMessage","decl":{"start":{"line":3,"column":6},"end":{"line":3,"column":29}},"loc":{"start":{"line":3,"column":58},"end":{"line":10,"column":1}}}},"branchMap":{"0":{"loc":{"start":{"line":4,"column":2},"end":{"line":9,"column":null}},"type":"if","locations":[{"start":{"line":4,"column":2},"end":{"line":9,"column":null}},{"start":{"line":7,"column":7},"end":{"line":9,"column":null}}]},"1":{"loc":{"start":{"line":8,"column":21},"end":{"line":8,"column":68}},"type":"cond-expr","locations":[{"start":{"line":8,"column":46},"end":{"line":8,"column":48}},{"start":{"line":8,"column":48},"end":{"line":8,"column":68}}]}},"s":{"0":5,"1":5,"2":18,"3":18,"4":18,"5":14,"6":4},"f":{"0":18},"b":{"0":[14,4],"1":[3,1]}}
,"/Users/zane/playground/standard-error-set/src/lib/generate-not-found-message.mjs": {"path":"/Users/zane/playground/standard-error-set/src/lib/generate-not-found-message.mjs","statementMap":{"0":{"start":{"line":11,"column":29},"end":{"line":15,"column":1}},"1":{"start":{"line":11,"column":63},"end":{"line":11,"column":43}},"2":{"start":{"line":11,"column":43},"end":{"line":11,"column":63}},"3":{"start":{"line":12,"column":2},"end":{"line":12,"column":null}},"4":{"start":{"line":14,"column":2},"end":{"line":14,"column":null}}},"fnMap":{"0":{"name":"generateNotFoundMessage","decl":{"start":{"line":11,"column":6},"end":{"line":11,"column":29}},"loc":{"start":{"line":11,"column":63},"end":{"line":15,"column":1}}}},"branchMap":{"0":{"loc":{"start":{"line":11,"column":43},"end":{"line":11,"column":63}},"type":"cond-expr","locations":[{"start":{"line":11,"column":46},"end":{"line":11,"column":56}},{"start":{"line":11,"column":56},"end":{"line":11,"column":63}}]}},"s":{"0":6,"1":25,"2":25,"3":25,"4":25},"f":{"0":25},"b":{"0":[4,21]}}
,"/Users/zane/playground/standard-error-set/src/lib/hoist-error-code.mjs": {"path":"/Users/zane/playground/standard-error-set/src/lib/hoist-error-code.mjs","statementMap":{"0":{"start":{"line":1,"column":20},"end":{"line":6,"column":1}},"1":{"start":{"line":2,"column":39},"end":{"line":2,"column":15}},"2":{"start":{"line":2,"column":39},"end":{"line":2,"column":21}},"3":{"start":{"line":2,"column":39},"end":{"line":2,"column":34}},"4":{"start":{"line":3,"column":2},"end":{"line":5,"column":null}},"5":{"start":{"line":4,"column":4},"end":{"line":4,"column":null}}},"fnMap":{"0":{"name":"hoistErrorCode","decl":{"start":{"line":1,"column":6},"end":{"line":1,"column":20}},"loc":{"start":{"line":1,"column":36},"end":{"line":6,"column":1}}}},"branchMap":{"0":{"loc":{"start":{"line":3,"column":2},"end":{"line":5,"column":null}},"type":"if","locations":[{"start":{"line":3,"column":2},"end":{"line":5,"column":null}}]},"1":{"loc":{"start":{"line":3,"column":6},"end":{"line":3,"column":48}},"type":"binary-expr","locations":[{"start":{"line":3,"column":6},"end":{"line":3,"column":24}},{"start":{"line":3,"column":28},"end":{"line":3,"column":48}}]},"2":{"loc":{"start":{"line":4,"column":19},"end":{"line":4,"column":30}},"type":"cond-expr","locations":[{"start":{"line":4,"column":24},"end":{"line":4,"column":26}},{"start":{"line":4,"column":19},"end":{"line":4,"column":30}}]},"3":{"loc":{"start":{"line":4,"column":19},"end":{"line":4,"column":26}},"type":"binary-expr","locations":[{"start":{"line":4,"column":19},"end":{"line":4,"column":26}},{"start":{"line":4,"column":19},"end":{"line":4,"column":26}}]}},"s":{"0":27,"1":202,"2":202,"3":202,"4":202,"5":156},"f":{"0":202},"b":{"0":[156],"1":[202,156],"2":[123,33],"3":[156,156]}}
,"/Users/zane/playground/standard-error-set/src/lib/translate-value.mjs": {"path":"/Users/zane/playground/standard-error-set/src/lib/translate-value.mjs","statementMap":{"0":{"start":{"line":1,"column":20},"end":{"line":22,"column":1}},"1":{"start":{"line":2,"column":19},"end":{"line":2,"column":null}},"2":{"start":{"line":3,"column":2},"end":{"line":21,"column":null}},"3":{"start":{"line":4,"column":4},"end":{"line":4,"column":null}},"4":{"start":{"line":6,"column":7},"end":{"line":21,"column":null}},"5":{"start":{"line":7,"column":4},"end":{"line":17,"column":null}},"6":{"start":{"line":8,"column":6},"end":{"line":8,"column":null}},"7":{"start":{"line":11,"column":6},"end":{"line":16,"column":null}},"8":{"start":{"line":12,"column":8},"end":{"line":12,"column":null}},"9":{"start":{"line":15,"column":8},"end":{"line":15,"column":null}},"10":{"start":{"line":20,"column":4},"end":{"line":20,"column":null}}},"fnMap":{"0":{"name":"translateValue","decl":{"start":{"line":1,"column":6},"end":{"line":1,"column":20}},"loc":{"start":{"line":1,"column":34},"end":{"line":22,"column":1}}}},"branchMap":{"0":{"loc":{"start":{"line":3,"column":2},"end":{"line":21,"column":null}},"type":"if","locations":[{"start":{"line":3,"column":2},"end":{"line":21,"column":null}},{"start":{"line":6,"column":7},"end":{"line":21,"column":null}}]},"1":{"loc":{"start":{"line":6,"column":7},"end":{"line":21,"column":null}},"type":"if","locations":[{"start":{"line":6,"column":7},"end":{"line":21,"column":null}},{"start":{"line":19,"column":7},"end":{"line":21,"column":null}}]},"2":{"loc":{"start":{"line":7,"column":4},"end":{"line":17,"column":null}},"type":"if","locations":[{"start":{"line":7,"column":4},"end":{"line":17,"column":null}},{"start":{"line":10,"column":9},"end":{"line":17,"column":null}}]}},"s":{"0":9,"1":24,"2":24,"3":1,"4":23,"5":6,"6":4,"7":2,"8":2,"9":1,"10":17},"f":{"0":24},"b":{"0":[1,23],"1":[6,17],"2":[4,2]}}
,"/Users/zane/playground/standard-error-set/src/lib/valid-error-names.mjs": {"path":"/Users/zane/playground/standard-error-set/src/lib/valid-error-names.mjs","statementMap":{"0":{"start":{"line":1,"column":0},"end":{"line":1,"column":35}},"1":{"start":{"line":1,"column":35},"end":{"line":1,"column":null}},"2":{"start":{"line":3,"column":24},"end":{"line":9,"column":null}},"3":{"start":{"line":12,"column":23},"end":{"line":12,"column":93}},"4":{"start":{"line":12,"column":56},"end":{"line":12,"column":93}},"5":{"start":{"line":14,"column":21},"end":{"line":18,"column":6}},"6":{"start":{"line":15,"column":2},"end":{"line":15,"column":null}},"7":{"start":{"line":17,"column":2},"end":{"line":17,"column":null}}},"fnMap":{"0":{"name":"_getRequireWildcardCache","decl":{"start":{"line":1,"column":35},"end":{"line":1,"column":null}},"loc":{"start":{"line":1,"column":35},"end":{"line":1,"column":null}}},"1":{"name":"(anonymous_3)","decl":{"start":{"line":12,"column":51},"end":{"line":12,"column":52}},"loc":{"start":{"line":12,"column":56},"end":{"line":12,"column":93}}},"2":{"name":"(anonymous_4)","decl":{"start":{"line":14,"column":46},"end":{"line":14,"column":47}},"loc":{"start":{"line":14,"column":66},"end":{"line":18,"column":1}}}},"branchMap":{"0":{"loc":{"start":{"line":1,"column":35},"end":{"line":1,"column":null}},"type":"if","locations":[{"start":{"line":1,"column":35},"end":{"line":1,"column":null}}]},"1":{"loc":{"start":{"line":1,"column":35},"end":{"line":1,"column":null}},"type":"cond-expr","locations":[{"start":{"line":1,"column":35},"end":{"line":1,"column":null}},{"start":{"line":1,"column":35},"end":{"line":1,"column":null}}]},"2":{"loc":{"start":{"line":1,"column":35},"end":{"line":1,"column":null}},"type":"binary-expr","locations":[{"start":{"line":1,"column":35},"end":{"line":1,"column":null}},{"start":{"line":1,"column":35},"end":{"line":1,"column":null}},{"start":{"line":1,"column":35},"end":{"line":1,"column":null}}]}},"s":{"0":1,"1":2,"2":1,"3":1,"4":39,"5":1,"6":33,"7":33},"f":{"0":1,"1":39,"2":33},"b":{"0":[1],"1":[0,0],"2":[1,1,1]}}
}
