{"/Users/zane/playground/standard-error-set/src/errors/common-error.mjs": {"path":"/Users/zane/playground/standard-error-set/src/errors/common-error.mjs","statementMap":{"0":{"start":{"line":2,"column":0},"end":{"line":2,"column":null}},"1":{"start":{"line":3,"column":0},"end":{"line":3,"column":null}},"2":{"start":{"line":4,"column":0},"end":{"line":4,"column":null}},"3":{"start":{"line":5,"column":0},"end":{"line":5,"column":73}},"4":{"start":{"line":5,"column":73},"end":{"line":5,"column":null}},"5":{"start":{"line":27,"column":17},"end":{"line":27,"column":null}},"6":{"start":{"line":47,"column":10},"end":{"line":47,"column":8}},"7":{"start":{"line":43,"column":8},"end":{"line":43,"column":7}},"8":{"start":{"line":43,"column":8},"end":{"line":44,"column":11}},"9":{"start":{"line":44,"column":11},"end":{"line":44,"column":null}},"10":{"start":{"line":45,"column":10},"end":{"line":45,"column":9}},"11":{"start":{"line":46,"column":14},"end":{"line":46,"column":null}},"12":{"start":{"line":48,"column":4},"end":{"line":50,"column":null}},"13":{"start":{"line":49,"column":6},"end":{"line":49,"column":null}},"14":{"start":{"line":51,"column":4},"end":{"line":51,"column":null}},"15":{"start":{"line":53,"column":4},"end":{"line":53,"column":null}},"16":{"start":{"line":55,"column":4},"end":{"line":64,"column":null}},"17":{"start":{"line":55,"column":4},"end":{"line":55,"column":9}},"18":{"start":{"line":55,"column":28},"end":{"line":55,"column":48}},"19":{"start":{"line":55,"column":24},"end":{"line":55,"column":28}},"20":{"start":{"line":57,"column":6},"end":{"line":63,"column":null}},"21":{"start":{"line":62,"column":8},"end":{"line":62,"column":null}},"22":{"start":{"line":66,"column":4},"end":{"line":66,"column":null}},"23":{"start":{"line":67,"column":4},"end":{"line":67,"column":null}},"24":{"start":{"line":68,"column":4},"end":{"line":68,"column":null}},"25":{"start":{"line":68,"column":54},"end":{"line":68,"column":null}},"26":{"start":{"line":69,"column":3},"end":{"line":69,"column":null}}},"fnMap":{"0":{"name":"ownKeys","decl":{"start":{"line":5,"column":73},"end":{"line":5,"column":null}},"loc":{"start":{"line":5,"column":73},"end":{"line":5,"column":null}}},"1":{"name":"(anonymous_9)","decl":{"start":{"line":27,"column":17},"end":{"line":27,"column":34}},"loc":{"start":{"line":27,"column":17},"end":{"line":69,"column":null}}},"2":{"name":"CommonError","decl":{"start":{"line":42,"column":2},"end":{"line":42,"column":null}},"loc":{"start":{"line":47,"column":10},"end":{"line":69,"column":3}}}},"branchMap":{"0":{"loc":{"start":{"line":5,"column":73},"end":{"line":5,"column":null}},"type":"if","locations":[{"start":{"line":5,"column":73},"end":{"line":5,"column":null}}]},"1":{"loc":{"start":{"line":5,"column":73},"end":{"line":5,"column":null}},"type":"binary-expr","locations":[{"start":{"line":5,"column":73},"end":{"line":5,"column":null}},{"start":{"line":5,"column":73},"end":{"line":5,"column":null}}]},"2":{"loc":{"start":{"line":47,"column":10},"end":{"line":47,"column":8}},"type":"cond-expr","locations":[{"start":{"line":47,"column":10},"end":{"line":47,"column":null}},{"start":{"line":47,"column":6},"end":{"line":47,"column":8}}]},"3":{"loc":{"start":{"line":47,"column":10},"end":{"line":47,"column":null}},"type":"binary-expr","locations":[{"start":{"line":47,"column":10},"end":{"line":47,"column":null}},{"start":{"line":47,"column":10},"end":{"line":47,"column":null}}]},"4":{"loc":{"start":{"line":44,"column":11},"end":{"line":44,"column":null}},"type":"cond-expr","locations":[{"start":{"line":44,"column":14},"end":{"line":44,"column":38}},{"start":{"line":44,"column":38},"end":{"line":44,"column":null}}]},"5":{"loc":{"start":{"line":48,"column":4},"end":{"line":50,"column":null}},"type":"if","locations":[{"start":{"line":48,"column":4},"end":{"line":50,"column":null}}]},"6":{"loc":{"start":{"line":57,"column":6},"end":{"line":63,"column":null}},"type":"if","locations":[{"start":{"line":57,"column":6},"end":{"line":63,"column":null}}]},"7":{"loc":{"start":{"line":67,"column":18},"end":{"line":67,"column":59}},"type":"binary-expr","locations":[{"start":{"line":67,"column":18},"end":{"line":67,"column":24}},{"start":{"line":67,"column":28},"end":{"line":67,"column":59}}]}},"s":{"0":28,"1":28,"2":28,"3":28,"4":3882,"5":28,"6":235,"7":235,"8":235,"9":235,"10":235,"11":470,"12":235,"13":8,"14":235,"15":235,"16":235,"17":235,"18":235,"19":1140,"20":1140,"21":1140,"22":235,"23":235,"24":235,"25":235,"26":56},"f":{"0":1920,"1":28,"2":235},"b":{"0":[235],"1":[1175,235],"2":[234,1],"3":[235,234],"4":[6,229],"5":[8],"6":[1140],"7":[235,187]}}
,"/Users/zane/playground/standard-error-set/src/errors/system-error.mjs": {"path":"/Users/zane/playground/standard-error-set/src/errors/system-error.mjs","statementMap":{"0":{"start":{"line":1,"column":0},"end":{"line":1,"column":null}},"1":{"start":{"line":2,"column":0},"end":{"line":2,"column":null}},"2":{"start":{"line":3,"column":0},"end":{"line":3,"column":69}},"3":{"start":{"line":3,"column":69},"end":{"line":3,"column":null}},"4":{"start":{"line":5,"column":15},"end":{"line":5,"column":28}},"5":{"start":{"line":6,"column":21},"end":{"line":6,"column":53}},"6":{"start":{"line":7,"column":24},"end":{"line":7,"column":37}},"7":{"start":{"line":8,"column":19},"end":{"line":8,"column":71}},"8":{"start":{"line":14,"column":17},"end":{"line":14,"column":null}},"9":{"start":{"line":41,"column":4},"end":{"line":39,"column":10}},"10":{"start":{"line":39,"column":10},"end":{"line":35,"column":10}},"11":{"start":{"line":35,"column":10},"end":{"line":35,"column":null}},"12":{"start":{"line":35,"column":19},"end":{"line":36,"column":11}},"13":{"start":{"line":36,"column":11},"end":{"line":36,"column":null}},"14":{"start":{"line":36,"column":26},"end":{"line":37,"column":14}},"15":{"start":{"line":37,"column":14},"end":{"line":37,"column":null}},"16":{"start":{"line":38,"column":16},"end":{"line":38,"column":null}},"17":{"start":{"line":40,"column":12},"end":{"line":40,"column":null}},"18":{"start":{"line":42,"column":4},"end":{"line":42,"column":null}},"19":{"start":{"line":43,"column":4},"end":{"line":45,"column":null}},"20":{"start":{"line":45,"column":67},"end":{"line":46,"column":null}},"21":{"start":{"line":47,"column":3},"end":{"line":47,"column":null}},"22":{"start":{"line":50,"column":0},"end":{"line":50,"column":null}},"23":{"start":{"line":52,"column":24},"end":{"line":60,"column":1}},"24":{"start":{"line":53,"column":28},"end":{"line":53,"column":13}},"25":{"start":{"line":53,"column":28},"end":{"line":53,"column":23}},"26":{"start":{"line":54,"column":2},"end":{"line":56,"column":null}},"27":{"start":{"line":57,"column":2},"end":{"line":57,"column":null}},"28":{"start":{"line":59,"column":2},"end":{"line":59,"column":null}},"29":{"start":{"line":62,"column":0},"end":{"line":62,"column":null}}},"fnMap":{"0":{"name":"ownKeys","decl":{"start":{"line":3,"column":69},"end":{"line":3,"column":null}},"loc":{"start":{"line":3,"column":69},"end":{"line":3,"column":null}}},"1":{"name":"(anonymous_9)","decl":{"start":{"line":14,"column":17},"end":{"line":14,"column":34}},"loc":{"start":{"line":14,"column":17},"end":{"line":47,"column":null}}},"2":{"name":"SystemError","decl":{"start":{"line":33,"column":2},"end":{"line":33,"column":null}},"loc":{"start":{"line":41,"column":4},"end":{"line":47,"column":3}}},"3":{"name":"generateMessage","decl":{"start":{"line":52,"column":6},"end":{"line":52,"column":21}},"loc":{"start":{"line":52,"column":47},"end":{"line":60,"column":1}}}},"branchMap":{"0":{"loc":{"start":{"line":3,"column":69},"end":{"line":3,"column":null}},"type":"if","locations":[{"start":{"line":3,"column":69},"end":{"line":3,"column":null}}]},"1":{"loc":{"start":{"line":3,"column":69},"end":{"line":3,"column":null}},"type":"binary-expr","locations":[{"start":{"line":3,"column":69},"end":{"line":3,"column":null}},{"start":{"line":3,"column":69},"end":{"line":3,"column":null}}]},"2":{"loc":{"start":{"line":41,"column":4},"end":{"line":39,"column":10}},"type":"cond-expr","locations":[{"start":{"line":41,"column":4},"end":{"line":41,"column":null}},{"start":{"line":39,"column":8},"end":{"line":39,"column":10}}]},"3":{"loc":{"start":{"line":41,"column":4},"end":{"line":41,"column":null}},"type":"binary-expr","locations":[{"start":{"line":41,"column":4},"end":{"line":41,"column":null}},{"start":{"line":41,"column":4},"end":{"line":41,"column":null}}]},"4":{"loc":{"start":{"line":35,"column":10},"end":{"line":35,"column":null}},"type":"cond-expr","locations":[{"start":{"line":35,"column":13},"end":{"line":35,"column":19}},{"start":{"line":35,"column":19},"end":{"line":35,"column":null}}]},"5":{"loc":{"start":{"line":36,"column":11},"end":{"line":36,"column":null}},"type":"cond-expr","locations":[{"start":{"line":36,"column":14},"end":{"line":36,"column":26}},{"start":{"line":36,"column":26},"end":{"line":36,"column":null}}]},"6":{"loc":{"start":{"line":37,"column":14},"end":{"line":37,"column":null}},"type":"cond-expr","locations":[{"start":{"line":37,"column":17},"end":{"line":37,"column":32}},{"start":{"line":37,"column":32},"end":{"line":37,"column":null}}]},"7":{"loc":{"start":{"line":40,"column":12},"end":{"line":40,"column":null}},"type":"cond-expr","locations":[{"start":{"line":40,"column":12},"end":{"line":40,"column":null}},{"start":{"line":40,"column":12},"end":{"line":40,"column":null}}]},"8":{"loc":{"start":{"line":44,"column":6},"end":{"line":45,"column":67}},"type":"binary-expr","locations":[{"start":{"line":44,"column":6},"end":{"line":44,"column":21}},{"start":{"line":45,"column":9},"end":{"line":45,"column":67}}]},"9":{"loc":{"start":{"line":54,"column":13},"end":{"line":56,"column":23}},"type":"cond-expr","locations":[{"start":{"line":55,"column":6},"end":{"line":55,"column":14}},{"start":{"line":56,"column":6},"end":{"line":56,"column":23}}]},"10":{"loc":{"start":{"line":57,"column":10},"end":{"line":57,"column":78}},"type":"cond-expr","locations":[{"start":{"line":57,"column":56},"end":{"line":57,"column":61}},{"start":{"line":57,"column":64},"end":{"line":57,"column":78}}]}},"s":{"0":3,"1":3,"2":3,"3":114,"4":3,"5":3,"6":3,"7":3,"8":3,"9":4,"10":4,"11":4,"12":4,"13":4,"14":4,"15":4,"16":4,"17":8,"18":4,"19":4,"20":4,"21":6,"22":3,"23":3,"24":4,"25":4,"26":4,"27":4,"28":4,"29":3},"f":{"0":45,"1":3,"2":4,"3":4},"b":{"0":[8],"1":[32,8],"2":[4,0],"3":[4,4],"4":[4,0],"5":[4,0],"6":[4,0],"7":[0,4],"8":[4,4],"9":[4,0],"10":[4,0]}}
,"/Users/zane/playground/standard-error-set/src/errors/timeout-error.mjs": {"path":"/Users/zane/playground/standard-error-set/src/errors/timeout-error.mjs","statementMap":{"0":{"start":{"line":1,"column":0},"end":{"line":1,"column":null}},"1":{"start":{"line":2,"column":0},"end":{"line":2,"column":null}},"2":{"start":{"line":3,"column":0},"end":{"line":3,"column":69}},"3":{"start":{"line":3,"column":69},"end":{"line":3,"column":null}},"4":{"start":{"line":5,"column":15},"end":{"line":5,"column":29}},"5":{"start":{"line":6,"column":24},"end":{"line":6,"column":33}},"6":{"start":{"line":7,"column":19},"end":{"line":7,"column":49}},"7":{"start":{"line":12,"column":18},"end":{"line":12,"column":null}},"8":{"start":{"line":32,"column":4},"end":{"line":30,"column":66}},"9":{"start":{"line":30,"column":66},"end":{"line":30,"column":10}},"10":{"start":{"line":30,"column":10},"end":{"line":30,"column":21}},"11":{"start":{"line":30,"column":19},"end":{"line":30,"column":29}},"12":{"start":{"line":30,"column":29},"end":{"line":30,"column":52}},"13":{"start":{"line":30,"column":59},"end":{"line":30,"column":64}},"14":{"start":{"line":31,"column":12},"end":{"line":31,"column":null}},"15":{"start":{"line":33,"column":4},"end":{"line":33,"column":null}},"16":{"start":{"line":34,"column":4},"end":{"line":35,"column":null}},"17":{"start":{"line":35,"column":76},"end":{"line":36,"column":null}},"18":{"start":{"line":37,"column":3},"end":{"line":37,"column":null}},"19":{"start":{"line":40,"column":0},"end":{"line":40,"column":null}},"20":{"start":{"line":42,"column":0},"end":{"line":42,"column":null}},"21":{"start":{"line":44,"column":24},"end":{"line":51,"column":1}},"22":{"start":{"line":45,"column":32},"end":{"line":45,"column":17}},"23":{"start":{"line":45,"column":32},"end":{"line":45,"column":27}},"24":{"start":{"line":47,"column":4},"end":{"line":47,"column":70}},"25":{"start":{"line":48,"column":23},"end":{"line":48,"column":69}},"26":{"start":{"line":50,"column":2},"end":{"line":50,"column":null}}},"fnMap":{"0":{"name":"ownKeys","decl":{"start":{"line":3,"column":69},"end":{"line":3,"column":null}},"loc":{"start":{"line":3,"column":69},"end":{"line":3,"column":null}}},"1":{"name":"(anonymous_9)","decl":{"start":{"line":12,"column":18},"end":{"line":12,"column":35}},"loc":{"start":{"line":12,"column":18},"end":{"line":37,"column":null}}},"2":{"name":"TimeoutError","decl":{"start":{"line":29,"column":2},"end":{"line":29,"column":null}},"loc":{"start":{"line":32,"column":4},"end":{"line":37,"column":3}}},"3":{"name":"generateMessage","decl":{"start":{"line":44,"column":6},"end":{"line":44,"column":21}},"loc":{"start":{"line":44,"column":47},"end":{"line":51,"column":1}}}},"branchMap":{"0":{"loc":{"start":{"line":3,"column":69},"end":{"line":3,"column":null}},"type":"if","locations":[{"start":{"line":3,"column":69},"end":{"line":3,"column":null}}]},"1":{"loc":{"start":{"line":3,"column":69},"end":{"line":3,"column":null}},"type":"binary-expr","locations":[{"start":{"line":3,"column":69},"end":{"line":3,"column":null}},{"start":{"line":3,"column":69},"end":{"line":3,"column":null}}]},"2":{"loc":{"start":{"line":32,"column":4},"end":{"line":30,"column":66}},"type":"cond-expr","locations":[{"start":{"line":32,"column":4},"end":{"line":32,"column":null}},{"start":{"line":30,"column":64},"end":{"line":30,"column":66}}]},"3":{"loc":{"start":{"line":32,"column":4},"end":{"line":32,"column":null}},"type":"binary-expr","locations":[{"start":{"line":32,"column":4},"end":{"line":32,"column":null}},{"start":{"line":32,"column":4},"end":{"line":32,"column":null}}]},"4":{"loc":{"start":{"line":30,"column":10},"end":{"line":30,"column":21}},"type":"cond-expr","locations":[{"start":{"line":30,"column":13},"end":{"line":30,"column":19}},{"start":{"line":30,"column":19},"end":{"line":30,"column":21}}]},"5":{"loc":{"start":{"line":30,"column":29},"end":{"line":30,"column":52}},"type":"cond-expr","locations":[{"start":{"line":30,"column":32},"end":{"line":30,"column":47}},{"start":{"line":30,"column":47},"end":{"line":30,"column":52}}]},"6":{"loc":{"start":{"line":31,"column":12},"end":{"line":31,"column":null}},"type":"cond-expr","locations":[{"start":{"line":31,"column":12},"end":{"line":31,"column":null}},{"start":{"line":31,"column":12},"end":{"line":31,"column":null}}]},"7":{"loc":{"start":{"line":35,"column":6},"end":{"line":35,"column":76}},"type":"binary-expr","locations":[{"start":{"line":35,"column":6},"end":{"line":35,"column":21}},{"start":{"line":35,"column":25},"end":{"line":35,"column":76}}]},"8":{"loc":{"start":{"line":47,"column":4},"end":{"line":47,"column":70}},"type":"binary-expr","locations":[{"start":{"line":47,"column":4},"end":{"line":47,"column":49}},{"start":{"line":47,"column":53},"end":{"line":47,"column":70}}]},"9":{"loc":{"start":{"line":50,"column":16},"end":{"line":50,"column":43}},"type":"cond-expr","locations":[{"start":{"line":50,"column":29},"end":{"line":50,"column":38}},{"start":{"line":50,"column":41},"end":{"line":50,"column":43}}]},"10":{"loc":{"start":{"line":50,"column":46},"end":{"line":50,"column":89}},"type":"cond-expr","locations":[{"start":{"line":50,"column":61},"end":{"line":50,"column":69}},{"start":{"line":50,"column":72},"end":{"line":50,"column":89}}]}},"s":{"0":4,"1":4,"2":4,"3":243,"4":4,"5":4,"6":4,"7":4,"8":7,"9":7,"10":7,"11":7,"12":7,"13":7,"14":14,"15":7,"16":7,"17":7,"18":8,"19":4,"20":4,"21":4,"22":6,"23":6,"24":6,"25":6,"26":6},"f":{"0":71,"1":4,"2":7,"3":6},"b":{"0":[19],"1":[83,25],"2":[6,1],"3":[7,7],"4":[7,0],"5":[6,1],"6":[0,7],"7":[7,6],"8":[6,4],"9":[2,4],"10":[6,0]}}
,"/Users/zane/playground/standard-error-set/src/errors/argument/argument-invalid-error.mjs": {"path":"/Users/zane/playground/standard-error-set/src/errors/argument/argument-invalid-error.mjs","statementMap":{"0":{"start":{"line":2,"column":0},"end":{"line":2,"column":null}},"1":{"start":{"line":3,"column":0},"end":{"line":3,"column":null}},"2":{"start":{"line":4,"column":0},"end":{"line":4,"column":null}},"3":{"start":{"line":5,"column":0},"end":{"line":5,"column":55}},"4":{"start":{"line":5,"column":55},"end":{"line":5,"column":null}},"5":{"start":{"line":7,"column":15},"end":{"line":7,"column":37}},"6":{"start":{"line":8,"column":28},"end":{"line":8,"column":37}},"7":{"start":{"line":9,"column":21},"end":{"line":9,"column":33}},"8":{"start":{"line":10,"column":19},"end":{"line":13,"column":1}},"9":{"start":{"line":36,"column":26},"end":{"line":36,"column":null}},"10":{"start":{"line":74,"column":4},"end":{"line":72,"column":10}},"11":{"start":{"line":72,"column":10},"end":{"line":68,"column":10}},"12":{"start":{"line":68,"column":10},"end":{"line":68,"column":null}},"13":{"start":{"line":68,"column":19},"end":{"line":69,"column":18}},"14":{"start":{"line":69,"column":18},"end":{"line":69,"column":null}},"15":{"start":{"line":69,"column":40},"end":{"line":70,"column":11}},"16":{"start":{"line":70,"column":11},"end":{"line":70,"column":null}},"17":{"start":{"line":71,"column":16},"end":{"line":71,"column":null}},"18":{"start":{"line":73,"column":12},"end":{"line":73,"column":17}},"19":{"start":{"line":73,"column":17},"end":{"line":73,"column":null}},"20":{"start":{"line":75,"column":4},"end":{"line":75,"column":55}},"21":{"start":{"line":76,"column":4},"end":{"line":78,"column":null}},"22":{"start":{"line":78,"column":71},"end":{"line":79,"column":null}},"23":{"start":{"line":80,"column":3},"end":{"line":80,"column":null}},"24":{"start":{"line":83,"column":0},"end":{"line":83,"column":null}},"25":{"start":{"line":85,"column":0},"end":{"line":85,"column":null}},"26":{"start":{"line":87,"column":24},"end":{"line":126,"column":1}},"27":{"start":{"line":96,"column":6},"end":{"line":89,"column":16}},"28":{"start":{"line":96,"column":6},"end":{"line":90,"column":15}},"29":{"start":{"line":96,"column":6},"end":{"line":91,"column":16}},"30":{"start":{"line":96,"column":6},"end":{"line":92,"column":16}},"31":{"start":{"line":96,"column":6},"end":{"line":93,"column":16}},"32":{"start":{"line":96,"column":6},"end":{"line":94,"column":17}},"33":{"start":{"line":96,"column":6},"end":{"line":95,"column":9}},"34":{"start":{"line":98,"column":16},"end":{"line":100,"column":27}},"35":{"start":{"line":102,"column":2},"end":{"line":102,"column":null}},"36":{"start":{"line":104,"column":2},"end":{"line":109,"column":null}},"37":{"start":{"line":105,"column":4},"end":{"line":108,"column":null}},"38":{"start":{"line":110,"column":2},"end":{"line":112,"column":null}},"39":{"start":{"line":111,"column":4},"end":{"line":111,"column":null}},"40":{"start":{"line":113,"column":2},"end":{"line":113,"column":null}},"41":{"start":{"line":114,"column":2},"end":{"line":116,"column":null}},"42":{"start":{"line":115,"column":4},"end":{"line":115,"column":null}},"43":{"start":{"line":117,"column":2},"end":{"line":119,"column":null}},"44":{"start":{"line":118,"column":4},"end":{"line":118,"column":null}},"45":{"start":{"line":120,"column":2},"end":{"line":122,"column":null}},"46":{"start":{"line":121,"column":4},"end":{"line":121,"column":null}},"47":{"start":{"line":123,"column":2},"end":{"line":123,"column":null}},"48":{"start":{"line":125,"column":2},"end":{"line":125,"column":null}}},"fnMap":{"0":{"name":"ownKeys","decl":{"start":{"line":5,"column":55},"end":{"line":5,"column":null}},"loc":{"start":{"line":5,"column":55},"end":{"line":5,"column":null}}},"1":{"name":"(anonymous_9)","decl":{"start":{"line":36,"column":26},"end":{"line":36,"column":43}},"loc":{"start":{"line":36,"column":26},"end":{"line":80,"column":null}}},"2":{"name":"ArgumentInvalidError","decl":{"start":{"line":66,"column":2},"end":{"line":66,"column":null}},"loc":{"start":{"line":74,"column":4},"end":{"line":80,"column":3}}},"3":{"name":"generateMessage","decl":{"start":{"line":87,"column":6},"end":{"line":87,"column":21}},"loc":{"start":{"line":87,"column":47},"end":{"line":126,"column":1}}}},"branchMap":{"0":{"loc":{"start":{"line":5,"column":55},"end":{"line":5,"column":null}},"type":"if","locations":[{"start":{"line":5,"column":55},"end":{"line":5,"column":null}}]},"1":{"loc":{"start":{"line":5,"column":55},"end":{"line":5,"column":null}},"type":"binary-expr","locations":[{"start":{"line":5,"column":55},"end":{"line":5,"column":null}},{"start":{"line":5,"column":55},"end":{"line":5,"column":null}}]},"2":{"loc":{"start":{"line":74,"column":4},"end":{"line":72,"column":10}},"type":"cond-expr","locations":[{"start":{"line":74,"column":4},"end":{"line":74,"column":null}},{"start":{"line":72,"column":8},"end":{"line":72,"column":10}}]},"3":{"loc":{"start":{"line":74,"column":4},"end":{"line":74,"column":null}},"type":"binary-expr","locations":[{"start":{"line":74,"column":4},"end":{"line":74,"column":null}},{"start":{"line":74,"column":4},"end":{"line":74,"column":null}}]},"4":{"loc":{"start":{"line":68,"column":10},"end":{"line":68,"column":null}},"type":"cond-expr","locations":[{"start":{"line":68,"column":13},"end":{"line":68,"column":19}},{"start":{"line":68,"column":19},"end":{"line":68,"column":null}}]},"5":{"loc":{"start":{"line":69,"column":18},"end":{"line":69,"column":null}},"type":"cond-expr","locations":[{"start":{"line":69,"column":21},"end":{"line":69,"column":40}},{"start":{"line":69,"column":40},"end":{"line":69,"column":null}}]},"6":{"loc":{"start":{"line":70,"column":11},"end":{"line":70,"column":null}},"type":"cond-expr","locations":[{"start":{"line":70,"column":14},"end":{"line":70,"column":26}},{"start":{"line":70,"column":26},"end":{"line":70,"column":null}}]},"7":{"loc":{"start":{"line":73,"column":12},"end":{"line":73,"column":17}},"type":"cond-expr","locations":[{"start":{"line":73,"column":12},"end":{"line":73,"column":15}},{"start":{"line":73,"column":15},"end":{"line":73,"column":17}}]},"8":{"loc":{"start":{"line":73,"column":12},"end":{"line":73,"column":15}},"type":"binary-expr","locations":[{"start":{"line":73,"column":12},"end":{"line":73,"column":15}},{"start":{"line":73,"column":12},"end":{"line":73,"column":15}}]},"9":{"loc":{"start":{"line":77,"column":6},"end":{"line":78,"column":71}},"type":"binary-expr","locations":[{"start":{"line":77,"column":6},"end":{"line":77,"column":21}},{"start":{"line":78,"column":9},"end":{"line":78,"column":71}}]},"10":{"loc":{"start":{"line":98,"column":16},"end":{"line":100,"column":27}},"type":"cond-expr","locations":[{"start":{"line":99,"column":6},"end":{"line":99,"column":18}},{"start":{"line":100,"column":6},"end":{"line":100,"column":27}}]},"11":{"loc":{"start":{"line":104,"column":2},"end":{"line":109,"column":null}},"type":"if","locations":[{"start":{"line":104,"column":2},"end":{"line":109,"column":null}}]},"12":{"loc":{"start":{"line":106,"column":6},"end":{"line":108,"column":28}},"type":"cond-expr","locations":[{"start":{"line":106,"column":32},"end":{"line":107,"column":null}},{"start":{"line":107,"column":36},"end":{"line":108,"column":28}}]},"13":{"loc":{"start":{"line":110,"column":2},"end":{"line":112,"column":null}},"type":"if","locations":[{"start":{"line":110,"column":2},"end":{"line":112,"column":null}}]},"14":{"loc":{"start":{"line":111,"column":18},"end":{"line":111,"column":54}},"type":"cond-expr","locations":[{"start":{"line":111,"column":46},"end":{"line":111,"column":49}},{"start":{"line":111,"column":52},"end":{"line":111,"column":54}}]},"15":{"loc":{"start":{"line":114,"column":2},"end":{"line":116,"column":null}},"type":"if","locations":[{"start":{"line":114,"column":2},"end":{"line":116,"column":null}}]},"16":{"loc":{"start":{"line":117,"column":2},"end":{"line":119,"column":null}},"type":"if","locations":[{"start":{"line":117,"column":2},"end":{"line":119,"column":null}}]},"17":{"loc":{"start":{"line":120,"column":2},"end":{"line":122,"column":null}},"type":"if","locations":[{"start":{"line":120,"column":2},"end":{"line":122,"column":null}}]},"18":{"loc":{"start":{"line":123,"column":16},"end":{"line":123,"column":84}},"type":"cond-expr","locations":[{"start":{"line":123,"column":62},"end":{"line":123,"column":67}},{"start":{"line":123,"column":70},"end":{"line":123,"column":84}}]}},"s":{"0":10,"1":10,"2":10,"3":10,"4":2129,"5":10,"6":10,"7":10,"8":10,"9":10,"10":82,"11":82,"12":82,"13":82,"14":82,"15":82,"16":82,"17":82,"18":82,"19":82,"20":82,"21":82,"22":82,"23":20,"24":10,"25":10,"26":10,"27":77,"28":77,"29":77,"30":77,"31":77,"32":77,"33":77,"34":77,"35":77,"36":77,"37":9,"38":77,"39":18,"40":77,"41":77,"42":22,"43":77,"44":8,"45":77,"46":16,"47":77,"48":77},"f":{"0":829,"1":10,"2":82,"3":77},"b":{"0":[159],"1":[641,159],"2":[69,13],"3":[82,70],"4":[34,48],"5":[78,4],"6":[33,49],"7":[48,34],"8":[82,48],"9":[82,77],"10":[77,0],"11":[9],"12":[1,8],"13":[18],"14":[10,8],"15":[22],"16":[8],"17":[16],"18":[77,0]}}
,"/Users/zane/playground/standard-error-set/src/errors/argument/argument-missing-error.mjs": {"path":"/Users/zane/playground/standard-error-set/src/errors/argument/argument-missing-error.mjs","statementMap":{"0":{"start":{"line":2,"column":0},"end":{"line":2,"column":null}},"1":{"start":{"line":3,"column":0},"end":{"line":3,"column":null}},"2":{"start":{"line":4,"column":0},"end":{"line":4,"column":72}},"3":{"start":{"line":4,"column":72},"end":{"line":4,"column":null}},"4":{"start":{"line":6,"column":15},"end":{"line":6,"column":37}},"5":{"start":{"line":7,"column":21},"end":{"line":7,"column":42}},"6":{"start":{"line":8,"column":19},"end":{"line":8,"column":43}},"7":{"start":{"line":36,"column":26},"end":{"line":36,"column":null}},"8":{"start":{"line":66,"column":67},"end":{"line":66,"column":55}},"9":{"start":{"line":66,"column":55},"end":{"line":66,"column":20}},"10":{"start":{"line":66,"column":20},"end":{"line":66,"column":31}},"11":{"start":{"line":66,"column":36},"end":{"line":66,"column":35}},"12":{"start":{"line":66,"column":48},"end":{"line":66,"column":53}},"13":{"start":{"line":66,"column":65},"end":{"line":66,"column":67}},"14":{"start":{"line":67,"column":4},"end":{"line":67,"column":null}},"15":{"start":{"line":70,"column":6},"end":{"line":69,"column":28}},"16":{"start":{"line":69,"column":28},"end":{"line":69,"column":null}},"17":{"start":{"line":72,"column":6},"end":{"line":72,"column":76}},"18":{"start":{"line":74,"column":4},"end":{"line":107,"column":null}},"19":{"start":{"line":79,"column":6},"end":{"line":106,"column":null}},"20":{"start":{"line":80,"column":22},"end":{"line":80,"column":43}},"21":{"start":{"line":81,"column":8},"end":{"line":92,"column":null}},"22":{"start":{"line":93,"column":8},"end":{"line":105,"column":null}},"23":{"start":{"line":100,"column":12},"end":{"line":100,"column":57}},"24":{"start":{"line":101,"column":10},"end":{"line":104,"column":null}},"25":{"start":{"line":108,"column":4},"end":{"line":108,"column":null}},"26":{"start":{"line":108,"column":33},"end":{"line":109,"column":null}},"27":{"start":{"line":110,"column":3},"end":{"line":110,"column":null}},"28":{"start":{"line":113,"column":0},"end":{"line":113,"column":null}},"29":{"start":{"line":115,"column":0},"end":{"line":115,"column":null}}},"fnMap":{"0":{"name":"ownKeys","decl":{"start":{"line":4,"column":72},"end":{"line":4,"column":null}},"loc":{"start":{"line":4,"column":72},"end":{"line":4,"column":null}}},"1":{"name":"(anonymous_9)","decl":{"start":{"line":36,"column":26},"end":{"line":36,"column":43}},"loc":{"start":{"line":36,"column":26},"end":{"line":110,"column":null}}},"2":{"name":"ArgumentMissingError","decl":{"start":{"line":66,"column":2},"end":{"line":66,"column":16}},"loc":{"start":{"line":66,"column":67},"end":{"line":110,"column":3}}}},"branchMap":{"0":{"loc":{"start":{"line":4,"column":72},"end":{"line":4,"column":null}},"type":"if","locations":[{"start":{"line":4,"column":72},"end":{"line":4,"column":null}}]},"1":{"loc":{"start":{"line":4,"column":72},"end":{"line":4,"column":null}},"type":"binary-expr","locations":[{"start":{"line":4,"column":72},"end":{"line":4,"column":null}},{"start":{"line":4,"column":72},"end":{"line":4,"column":null}}]},"2":{"loc":{"start":{"line":66,"column":67},"end":{"line":66,"column":55}},"type":"cond-expr","locations":[{"start":{"line":66,"column":67},"end":{"line":66,"column":null}},{"start":{"line":66,"column":53},"end":{"line":66,"column":55}}]},"3":{"loc":{"start":{"line":66,"column":67},"end":{"line":66,"column":null}},"type":"binary-expr","locations":[{"start":{"line":66,"column":67},"end":{"line":66,"column":null}},{"start":{"line":66,"column":67},"end":{"line":66,"column":null}}]},"4":{"loc":{"start":{"line":66,"column":20},"end":{"line":66,"column":31}},"type":"cond-expr","locations":[{"start":{"line":66,"column":23},"end":{"line":66,"column":29}},{"start":{"line":66,"column":29},"end":{"line":66,"column":31}}]},"5":{"loc":{"start":{"line":66,"column":65},"end":{"line":66,"column":67}},"type":"cond-expr","locations":[{"start":{"line":66,"column":65},"end":{"line":66,"column":67}},{"start":{"line":66,"column":65},"end":{"line":66,"column":67}}]},"6":{"loc":{"start":{"line":69,"column":28},"end":{"line":69,"column":null}},"type":"cond-expr","locations":[{"start":{"line":69,"column":31},"end":{"line":69,"column":76}},{"start":{"line":69,"column":76},"end":{"line":69,"column":null}}]},"7":{"loc":{"start":{"line":69,"column":31},"end":{"line":69,"column":76}},"type":"binary-expr","locations":[{"start":{"line":69,"column":31},"end":{"line":69,"column":70}},{"start":{"line":69,"column":74},"end":{"line":69,"column":76}}]},"8":{"loc":{"start":{"line":72,"column":6},"end":{"line":72,"column":76}},"type":"binary-expr","locations":[{"start":{"line":72,"column":6},"end":{"line":72,"column":40}},{"start":{"line":72,"column":44},"end":{"line":72,"column":76}}]},"9":{"loc":{"start":{"line":74,"column":4},"end":{"line":107,"column":null}},"type":"if","locations":[{"start":{"line":74,"column":4},"end":{"line":107,"column":null}}]},"10":{"loc":{"start":{"line":75,"column":6},"end":{"line":77,"column":30}},"type":"binary-expr","locations":[{"start":{"line":75,"column":6},"end":{"line":75,"column":25}},{"start":{"line":76,"column":9},"end":{"line":76,"column":41}},{"start":{"line":77,"column":9},"end":{"line":77,"column":30}}]},"11":{"loc":{"start":{"line":79,"column":6},"end":{"line":106,"column":null}},"type":"if","locations":[{"start":{"line":79,"column":6},"end":{"line":106,"column":null}}]},"12":{"loc":{"start":{"line":82,"column":10},"end":{"line":92,"column":34}},"type":"cond-expr","locations":[{"start":{"line":83,"column":14},"end":{"line":83,"column":30}},{"start":{"line":84,"column":14},"end":{"line":92,"column":34}}]},"13":{"loc":{"start":{"line":84,"column":14},"end":{"line":92,"column":34}},"type":"cond-expr","locations":[{"start":{"line":85,"column":16},"end":{"line":85,"column":27}},{"start":{"line":86,"column":16},"end":{"line":92,"column":34}}]},"14":{"loc":{"start":{"line":86,"column":16},"end":{"line":92,"column":34}},"type":"cond-expr","locations":[{"start":{"line":87,"column":18},"end":{"line":87,"column":44}},{"start":{"line":88,"column":18},"end":{"line":92,"column":34}}]},"15":{"loc":{"start":{"line":88,"column":18},"end":{"line":92,"column":34}},"type":"cond-expr","locations":[{"start":{"line":89,"column":20},"end":{"line":89,"column":46}},{"start":{"line":90,"column":20},"end":{"line":92,"column":34}}]},"16":{"loc":{"start":{"line":88,"column":18},"end":{"line":88,"column":60}},"type":"binary-expr","locations":[{"start":{"line":88,"column":18},"end":{"line":88,"column":38}},{"start":{"line":88,"column":42},"end":{"line":88,"column":60}}]},"17":{"loc":{"start":{"line":90,"column":20},"end":{"line":92,"column":34}},"type":"cond-expr","locations":[{"start":{"line":91,"column":22},"end":{"line":91,"column":49}},{"start":{"line":92,"column":22},"end":{"line":92,"column":34}}]},"18":{"loc":{"start":{"line":90,"column":20},"end":{"line":90,"column":80}},"type":"binary-expr","locations":[{"start":{"line":90,"column":20},"end":{"line":90,"column":45}},{"start":{"line":90,"column":49},"end":{"line":90,"column":80}}]},"19":{"loc":{"start":{"line":93,"column":8},"end":{"line":105,"column":null}},"type":"if","locations":[{"start":{"line":93,"column":8},"end":{"line":105,"column":null}}]},"20":{"loc":{"start":{"line":94,"column":10},"end":{"line":95,"column":51}},"type":"binary-expr","locations":[{"start":{"line":94,"column":10},"end":{"line":94,"column":40}},{"start":{"line":95,"column":13},"end":{"line":95,"column":51}}]},"21":{"loc":{"start":{"line":100,"column":12},"end":{"line":100,"column":57}},"type":"binary-expr","locations":[{"start":{"line":100,"column":12},"end":{"line":100,"column":51}},{"start":{"line":100,"column":55},"end":{"line":100,"column":57}}]},"22":{"loc":{"start":{"line":108,"column":12},"end":{"line":108,"column":33}},"type":"binary-expr","locations":[{"start":{"line":108,"column":12},"end":{"line":108,"column":17}},{"start":{"line":108,"column":21},"end":{"line":108,"column":33}}]}},"s":{"0":3,"1":3,"2":3,"3":202,"4":3,"5":3,"6":3,"7":3,"8":14,"9":14,"10":14,"11":14,"12":14,"13":28,"14":14,"15":14,"16":14,"17":14,"18":14,"19":13,"20":6,"21":6,"22":6,"23":5,"24":5,"25":14,"26":14,"27":6,"28":3,"29":3},"f":{"0":85,"1":3,"2":14},"b":{"0":[14],"1":[70,14],"2":[13,1],"3":[14,14],"4":[14,0],"5":[0,14],"6":[14,0],"7":[14,14],"8":[14,14],"9":[13],"10":[14,13,13],"11":[6],"12":[1,5],"13":[1,4],"14":[1,3],"15":[1,2],"16":[3,1],"17":[1,1],"18":[2,1],"19":[5],"20":[6,5],"21":[5,5],"22":[14,13]}}
,"/Users/zane/playground/standard-error-set/src/errors/argument/argument-out-of-range-error.mjs": {"path":"/Users/zane/playground/standard-error-set/src/errors/argument/argument-out-of-range-error.mjs","statementMap":{"0":{"start":{"line":2,"column":0},"end":{"line":2,"column":null}},"1":{"start":{"line":3,"column":0},"end":{"line":3,"column":null}},"2":{"start":{"line":4,"column":0},"end":{"line":4,"column":null}},"3":{"start":{"line":5,"column":0},"end":{"line":5,"column":55}},"4":{"start":{"line":5,"column":55},"end":{"line":5,"column":null}},"5":{"start":{"line":7,"column":15},"end":{"line":7,"column":40}},"6":{"start":{"line":8,"column":21},"end":{"line":8,"column":38}},"7":{"start":{"line":9,"column":19},"end":{"line":9,"column":43}},"8":{"start":{"line":25,"column":29},"end":{"line":25,"column":null}},"9":{"start":{"line":64,"column":4},"end":{"line":62,"column":60}},"10":{"start":{"line":62,"column":60},"end":{"line":62,"column":10}},"11":{"start":{"line":62,"column":10},"end":{"line":62,"column":21}},"12":{"start":{"line":62,"column":19},"end":{"line":62,"column":26}},"13":{"start":{"line":62,"column":26},"end":{"line":62,"column":46}},"14":{"start":{"line":62,"column":53},"end":{"line":62,"column":58}},"15":{"start":{"line":63,"column":12},"end":{"line":63,"column":null}},"16":{"start":{"line":65,"column":4},"end":{"line":65,"column":null}},"17":{"start":{"line":66,"column":4},"end":{"line":66,"column":null}},"18":{"start":{"line":67,"column":4},"end":{"line":67,"column":null}},"19":{"start":{"line":67,"column":43},"end":{"line":67,"column":null}},"20":{"start":{"line":68,"column":3},"end":{"line":68,"column":null}},"21":{"start":{"line":71,"column":0},"end":{"line":71,"column":null}},"22":{"start":{"line":73,"column":0},"end":{"line":73,"column":null}},"23":{"start":{"line":75,"column":23},"end":{"line":122,"column":1}},"24":{"start":{"line":76,"column":67},"end":{"line":76,"column":26}},"25":{"start":{"line":76,"column":67},"end":{"line":76,"column":31}},"26":{"start":{"line":76,"column":67},"end":{"line":76,"column":44}},"27":{"start":{"line":76,"column":67},"end":{"line":76,"column":49}},"28":{"start":{"line":76,"column":67},"end":{"line":76,"column":62}},"29":{"start":{"line":78,"column":2},"end":{"line":80,"column":null}},"30":{"start":{"line":79,"column":4},"end":{"line":79,"column":null}},"31":{"start":{"line":82,"column":16},"end":{"line":82,"column":18}},"32":{"start":{"line":84,"column":21},"end":{"line":84,"column":62}},"33":{"start":{"line":85,"column":21},"end":{"line":85,"column":62}},"34":{"start":{"line":86,"column":29},"end":{"line":86,"column":78}},"35":{"start":{"line":87,"column":29},"end":{"line":87,"column":78}},"36":{"start":{"line":89,"column":2},"end":{"line":119,"column":null}},"37":{"start":{"line":95,"column":4},"end":{"line":95,"column":null}},"38":{"start":{"line":97,"column":4},"end":{"line":102,"column":null}},"39":{"start":{"line":98,"column":6},"end":{"line":98,"column":null}},"40":{"start":{"line":100,"column":9},"end":{"line":102,"column":null}},"41":{"start":{"line":101,"column":6},"end":{"line":101,"column":null}},"42":{"start":{"line":104,"column":4},"end":{"line":109,"column":null}},"43":{"start":{"line":108,"column":6},"end":{"line":108,"column":null}},"44":{"start":{"line":111,"column":4},"end":{"line":116,"column":null}},"45":{"start":{"line":112,"column":6},"end":{"line":112,"column":null}},"46":{"start":{"line":114,"column":9},"end":{"line":116,"column":null}},"47":{"start":{"line":115,"column":6},"end":{"line":115,"column":null}},"48":{"start":{"line":118,"column":4},"end":{"line":118,"column":null}},"49":{"start":{"line":121,"column":2},"end":{"line":121,"column":null}}},"fnMap":{"0":{"name":"ownKeys","decl":{"start":{"line":5,"column":55},"end":{"line":5,"column":null}},"loc":{"start":{"line":5,"column":55},"end":{"line":5,"column":null}}},"1":{"name":"(anonymous_9)","decl":{"start":{"line":25,"column":29},"end":{"line":25,"column":46}},"loc":{"start":{"line":25,"column":29},"end":{"line":68,"column":null}}},"2":{"name":"ArgumentOutOfRangeError","decl":{"start":{"line":61,"column":2},"end":{"line":61,"column":null}},"loc":{"start":{"line":64,"column":4},"end":{"line":68,"column":3}}},"3":{"name":"agumentMessage","decl":{"start":{"line":75,"column":6},"end":{"line":75,"column":20}},"loc":{"start":{"line":75,"column":36},"end":{"line":122,"column":1}}}},"branchMap":{"0":{"loc":{"start":{"line":5,"column":55},"end":{"line":5,"column":null}},"type":"if","locations":[{"start":{"line":5,"column":55},"end":{"line":5,"column":null}}]},"1":{"loc":{"start":{"line":5,"column":55},"end":{"line":5,"column":null}},"type":"binary-expr","locations":[{"start":{"line":5,"column":55},"end":{"line":5,"column":null}},{"start":{"line":5,"column":55},"end":{"line":5,"column":null}}]},"2":{"loc":{"start":{"line":64,"column":4},"end":{"line":62,"column":60}},"type":"cond-expr","locations":[{"start":{"line":64,"column":4},"end":{"line":64,"column":null}},{"start":{"line":62,"column":58},"end":{"line":62,"column":60}}]},"3":{"loc":{"start":{"line":64,"column":4},"end":{"line":64,"column":null}},"type":"binary-expr","locations":[{"start":{"line":64,"column":4},"end":{"line":64,"column":null}},{"start":{"line":64,"column":4},"end":{"line":64,"column":null}}]},"4":{"loc":{"start":{"line":62,"column":10},"end":{"line":62,"column":21}},"type":"cond-expr","locations":[{"start":{"line":62,"column":13},"end":{"line":62,"column":19}},{"start":{"line":62,"column":19},"end":{"line":62,"column":21}}]},"5":{"loc":{"start":{"line":62,"column":26},"end":{"line":62,"column":46}},"type":"cond-expr","locations":[{"start":{"line":62,"column":29},"end":{"line":62,"column":41}},{"start":{"line":62,"column":41},"end":{"line":62,"column":46}}]},"6":{"loc":{"start":{"line":63,"column":12},"end":{"line":63,"column":null}},"type":"cond-expr","locations":[{"start":{"line":63,"column":12},"end":{"line":63,"column":null}},{"start":{"line":63,"column":12},"end":{"line":63,"column":null}}]},"7":{"loc":{"start":{"line":78,"column":2},"end":{"line":80,"column":null}},"type":"if","locations":[{"start":{"line":78,"column":2},"end":{"line":80,"column":null}}]},"8":{"loc":{"start":{"line":78,"column":6},"end":{"line":78,"column":44}},"type":"cond-expr","locations":[{"start":{"line":78,"column":22},"end":{"line":78,"column":24}},{"start":{"line":78,"column":6},"end":{"line":78,"column":44}}]},"9":{"loc":{"start":{"line":78,"column":6},"end":{"line":78,"column":24}},"type":"binary-expr","locations":[{"start":{"line":78,"column":6},"end":{"line":78,"column":24}},{"start":{"line":78,"column":6},"end":{"line":78,"column":24}}]},"10":{"loc":{"start":{"line":89,"column":2},"end":{"line":119,"column":null}},"type":"if","locations":[{"start":{"line":89,"column":2},"end":{"line":119,"column":null}}]},"11":{"loc":{"start":{"line":90,"column":4},"end":{"line":93,"column":34}},"type":"binary-expr","locations":[{"start":{"line":90,"column":4},"end":{"line":90,"column":23}},{"start":{"line":91,"column":7},"end":{"line":91,"column":26}},{"start":{"line":92,"column":7},"end":{"line":92,"column":34}},{"start":{"line":93,"column":7},"end":{"line":93,"column":34}}]},"12":{"loc":{"start":{"line":97,"column":4},"end":{"line":102,"column":null}},"type":"if","locations":[{"start":{"line":97,"column":4},"end":{"line":102,"column":null}},{"start":{"line":100,"column":9},"end":{"line":102,"column":null}}]},"13":{"loc":{"start":{"line":100,"column":9},"end":{"line":102,"column":null}},"type":"if","locations":[{"start":{"line":100,"column":9},"end":{"line":102,"column":null}}]},"14":{"loc":{"start":{"line":104,"column":4},"end":{"line":109,"column":null}},"type":"if","locations":[{"start":{"line":104,"column":4},"end":{"line":109,"column":null}}]},"15":{"loc":{"start":{"line":105,"column":6},"end":{"line":106,"column":61}},"type":"binary-expr","locations":[{"start":{"line":105,"column":7},"end":{"line":105,"column":26}},{"start":{"line":105,"column":30},"end":{"line":105,"column":57}},{"start":{"line":106,"column":10},"end":{"line":106,"column":29}},{"start":{"line":106,"column":33},"end":{"line":106,"column":60}}]},"16":{"loc":{"start":{"line":111,"column":4},"end":{"line":116,"column":null}},"type":"if","locations":[{"start":{"line":111,"column":4},"end":{"line":116,"column":null}},{"start":{"line":114,"column":9},"end":{"line":116,"column":null}}]},"17":{"loc":{"start":{"line":114,"column":9},"end":{"line":116,"column":null}},"type":"if","locations":[{"start":{"line":114,"column":9},"end":{"line":116,"column":null}}]}},"s":{"0":4,"1":4,"2":4,"3":4,"4":261,"5":4,"6":4,"7":4,"8":4,"9":18,"10":18,"11":18,"12":18,"13":18,"14":18,"15":36,"16":18,"17":18,"18":18,"19":18,"20":8,"21":4,"22":4,"23":4,"24":18,"25":18,"26":18,"27":18,"28":18,"29":18,"30":1,"31":17,"32":17,"33":17,"34":17,"35":17,"36":17,"37":6,"38":6,"39":2,"40":4,"41":2,"42":6,"43":3,"44":6,"45":3,"46":3,"47":2,"48":6,"49":17},"f":{"0":109,"1":4,"2":18,"3":18},"b":{"0":[18],"1":[90,18],"2":[17,1],"3":[18,18],"4":[18,0],"5":[18,0],"6":[0,18],"7":[1],"8":[17,1],"9":[18,18],"10":[6],"11":[17,14,13,11],"12":[2,4],"13":[2],"14":[3],"15":[6,3,5,4],"16":[3,3],"17":[2]}}
,"/Users/zane/playground/standard-error-set/src/errors/argument/argument-type-error.mjs": {"path":"/Users/zane/playground/standard-error-set/src/errors/argument/argument-type-error.mjs","statementMap":{"0":{"start":{"line":2,"column":0},"end":{"line":2,"column":null}},"1":{"start":{"line":3,"column":0},"end":{"line":3,"column":null}},"2":{"start":{"line":7,"column":0},"end":{"line":7,"column":72}},"3":{"start":{"line":7,"column":72},"end":{"line":7,"column":null}},"4":{"start":{"line":9,"column":15},"end":{"line":9,"column":34}},"5":{"start":{"line":10,"column":21},"end":{"line":10,"column":36}},"6":{"start":{"line":11,"column":19},"end":{"line":11,"column":43}},"7":{"start":{"line":22,"column":23},"end":{"line":22,"column":null}},"8":{"start":{"line":56,"column":4},"end":{"line":54,"column":60}},"9":{"start":{"line":54,"column":60},"end":{"line":54,"column":10}},"10":{"start":{"line":54,"column":10},"end":{"line":54,"column":21}},"11":{"start":{"line":54,"column":19},"end":{"line":54,"column":26}},"12":{"start":{"line":54,"column":26},"end":{"line":54,"column":46}},"13":{"start":{"line":54,"column":53},"end":{"line":54,"column":58}},"14":{"start":{"line":55,"column":12},"end":{"line":55,"column":null}},"15":{"start":{"line":57,"column":4},"end":{"line":57,"column":null}},"16":{"start":{"line":58,"column":4},"end":{"line":58,"column":null}},"17":{"start":{"line":59,"column":4},"end":{"line":59,"column":null}},"18":{"start":{"line":59,"column":43},"end":{"line":59,"column":null}},"19":{"start":{"line":60,"column":3},"end":{"line":60,"column":null}},"20":{"start":{"line":63,"column":0},"end":{"line":63,"column":null}},"21":{"start":{"line":65,"column":0},"end":{"line":65,"column":null}},"22":{"start":{"line":67,"column":23},"end":{"line":81,"column":1}},"23":{"start":{"line":68,"column":2},"end":{"line":78,"column":3}},"24":{"start":{"line":74,"column":27},"end":{"line":74,"column":22}},"25":{"start":{"line":75,"column":4},"end":{"line":75,"column":null}},"26":{"start":{"line":77,"column":4},"end":{"line":77,"column":null}},"27":{"start":{"line":80,"column":2},"end":{"line":80,"column":null}}},"fnMap":{"0":{"name":"ownKeys","decl":{"start":{"line":7,"column":72},"end":{"line":7,"column":null}},"loc":{"start":{"line":7,"column":72},"end":{"line":7,"column":null}}},"1":{"name":"(anonymous_9)","decl":{"start":{"line":22,"column":23},"end":{"line":22,"column":40}},"loc":{"start":{"line":22,"column":23},"end":{"line":60,"column":null}}},"2":{"name":"ArgumentTypeError","decl":{"start":{"line":53,"column":2},"end":{"line":53,"column":null}},"loc":{"start":{"line":56,"column":4},"end":{"line":60,"column":3}}},"3":{"name":"augmentMessage","decl":{"start":{"line":67,"column":6},"end":{"line":67,"column":20}},"loc":{"start":{"line":67,"column":36},"end":{"line":81,"column":1}}}},"branchMap":{"0":{"loc":{"start":{"line":7,"column":72},"end":{"line":7,"column":null}},"type":"if","locations":[{"start":{"line":7,"column":72},"end":{"line":7,"column":null}}]},"1":{"loc":{"start":{"line":7,"column":72},"end":{"line":7,"column":null}},"type":"binary-expr","locations":[{"start":{"line":7,"column":72},"end":{"line":7,"column":null}},{"start":{"line":7,"column":72},"end":{"line":7,"column":null}}]},"2":{"loc":{"start":{"line":56,"column":4},"end":{"line":54,"column":60}},"type":"cond-expr","locations":[{"start":{"line":56,"column":4},"end":{"line":56,"column":null}},{"start":{"line":54,"column":58},"end":{"line":54,"column":60}}]},"3":{"loc":{"start":{"line":56,"column":4},"end":{"line":56,"column":null}},"type":"binary-expr","locations":[{"start":{"line":56,"column":4},"end":{"line":56,"column":null}},{"start":{"line":56,"column":4},"end":{"line":56,"column":null}}]},"4":{"loc":{"start":{"line":54,"column":10},"end":{"line":54,"column":21}},"type":"cond-expr","locations":[{"start":{"line":54,"column":13},"end":{"line":54,"column":19}},{"start":{"line":54,"column":19},"end":{"line":54,"column":21}}]},"5":{"loc":{"start":{"line":54,"column":26},"end":{"line":54,"column":46}},"type":"cond-expr","locations":[{"start":{"line":54,"column":29},"end":{"line":54,"column":41}},{"start":{"line":54,"column":41},"end":{"line":54,"column":46}}]},"6":{"loc":{"start":{"line":55,"column":12},"end":{"line":55,"column":null}},"type":"cond-expr","locations":[{"start":{"line":55,"column":12},"end":{"line":55,"column":null}},{"start":{"line":55,"column":12},"end":{"line":55,"column":null}}]},"7":{"loc":{"start":{"line":68,"column":2},"end":{"line":78,"column":3}},"type":"if","locations":[{"start":{"line":68,"column":2},"end":{"line":78,"column":3}}]},"8":{"loc":{"start":{"line":69,"column":4},"end":{"line":72,"column":45}},"type":"binary-expr","locations":[{"start":{"line":69,"column":4},"end":{"line":69,"column":54}},{"start":{"line":70,"column":8},"end":{"line":70,"column":47}},{"start":{"line":71,"column":9},"end":{"line":71,"column":50}},{"start":{"line":72,"column":9},"end":{"line":72,"column":45}}]},"9":{"loc":{"start":{"line":75,"column":19},"end":{"line":75,"column":null}},"type":"binary-expr","locations":[{"start":{"line":75,"column":19},"end":{"line":75,"column":31}},{"start":{"line":75,"column":31},"end":{"line":75,"column":null}}]}},"s":{"0":7,"1":7,"2":7,"3":241,"4":7,"5":7,"6":7,"7":7,"8":16,"9":16,"10":16,"11":16,"12":16,"13":16,"14":32,"15":16,"16":16,"17":16,"18":16,"19":14,"20":7,"21":7,"22":7,"23":16,"24":2,"25":2,"26":2,"27":14},"f":{"0":98,"1":7,"2":16,"3":16},"b":{"0":[16],"1":[80,16],"2":[14,2],"3":[16,15],"4":[16,0],"5":[15,1],"6":[0,16],"7":[2],"8":[16,14,14,0],"9":[2,0]}}
,"/Users/zane/playground/standard-error-set/src/errors/auth/auth-error.mjs": {"path":"/Users/zane/playground/standard-error-set/src/errors/auth/auth-error.mjs","statementMap":{"0":{"start":{"line":2,"column":0},"end":{"line":2,"column":null}},"1":{"start":{"line":3,"column":0},"end":{"line":3,"column":null}},"2":{"start":{"line":4,"column":0},"end":{"line":4,"column":72}},"3":{"start":{"line":4,"column":72},"end":{"line":4,"column":null}},"4":{"start":{"line":6,"column":15},"end":{"line":6,"column":26}},"5":{"start":{"line":7,"column":22},"end":{"line":7,"column":30}},"6":{"start":{"line":8,"column":21},"end":{"line":8,"column":40}},"7":{"start":{"line":9,"column":19},"end":{"line":9,"column":67}},"8":{"start":{"line":20,"column":15},"end":{"line":20,"column":null}},"9":{"start":{"line":45,"column":4},"end":{"line":43,"column":10}},"10":{"start":{"line":43,"column":10},"end":{"line":39,"column":10}},"11":{"start":{"line":39,"column":10},"end":{"line":39,"column":null}},"12":{"start":{"line":39,"column":19},"end":{"line":40,"column":12}},"13":{"start":{"line":40,"column":12},"end":{"line":40,"column":null}},"14":{"start":{"line":40,"column":28},"end":{"line":41,"column":11}},"15":{"start":{"line":41,"column":11},"end":{"line":41,"column":null}},"16":{"start":{"line":42,"column":16},"end":{"line":42,"column":null}},"17":{"start":{"line":44,"column":12},"end":{"line":44,"column":null}},"18":{"start":{"line":46,"column":4},"end":{"line":46,"column":null}},"19":{"start":{"line":47,"column":4},"end":{"line":49,"column":null}},"20":{"start":{"line":49,"column":69},"end":{"line":50,"column":null}},"21":{"start":{"line":51,"column":3},"end":{"line":51,"column":null}},"22":{"start":{"line":54,"column":0},"end":{"line":54,"column":null}},"23":{"start":{"line":56,"column":0},"end":{"line":56,"column":null}}},"fnMap":{"0":{"name":"ownKeys","decl":{"start":{"line":4,"column":72},"end":{"line":4,"column":null}},"loc":{"start":{"line":4,"column":72},"end":{"line":4,"column":null}}},"1":{"name":"(anonymous_9)","decl":{"start":{"line":20,"column":15},"end":{"line":20,"column":32}},"loc":{"start":{"line":20,"column":15},"end":{"line":51,"column":null}}},"2":{"name":"AuthError","decl":{"start":{"line":37,"column":2},"end":{"line":37,"column":null}},"loc":{"start":{"line":45,"column":4},"end":{"line":51,"column":3}}}},"branchMap":{"0":{"loc":{"start":{"line":4,"column":72},"end":{"line":4,"column":null}},"type":"if","locations":[{"start":{"line":4,"column":72},"end":{"line":4,"column":null}}]},"1":{"loc":{"start":{"line":4,"column":72},"end":{"line":4,"column":null}},"type":"binary-expr","locations":[{"start":{"line":4,"column":72},"end":{"line":4,"column":null}},{"start":{"line":4,"column":72},"end":{"line":4,"column":null}}]},"2":{"loc":{"start":{"line":45,"column":4},"end":{"line":43,"column":10}},"type":"cond-expr","locations":[{"start":{"line":45,"column":4},"end":{"line":45,"column":null}},{"start":{"line":43,"column":8},"end":{"line":43,"column":10}}]},"3":{"loc":{"start":{"line":45,"column":4},"end":{"line":45,"column":null}},"type":"binary-expr","locations":[{"start":{"line":45,"column":4},"end":{"line":45,"column":null}},{"start":{"line":45,"column":4},"end":{"line":45,"column":null}}]},"4":{"loc":{"start":{"line":39,"column":10},"end":{"line":39,"column":null}},"type":"cond-expr","locations":[{"start":{"line":39,"column":13},"end":{"line":39,"column":19}},{"start":{"line":39,"column":19},"end":{"line":39,"column":null}}]},"5":{"loc":{"start":{"line":40,"column":12},"end":{"line":40,"column":null}},"type":"cond-expr","locations":[{"start":{"line":40,"column":15},"end":{"line":40,"column":28}},{"start":{"line":40,"column":28},"end":{"line":40,"column":null}}]},"6":{"loc":{"start":{"line":41,"column":11},"end":{"line":41,"column":null}},"type":"cond-expr","locations":[{"start":{"line":41,"column":14},"end":{"line":41,"column":26}},{"start":{"line":41,"column":26},"end":{"line":41,"column":null}}]},"7":{"loc":{"start":{"line":44,"column":12},"end":{"line":44,"column":null}},"type":"cond-expr","locations":[{"start":{"line":44,"column":12},"end":{"line":44,"column":null}},{"start":{"line":44,"column":12},"end":{"line":44,"column":null}}]},"8":{"loc":{"start":{"line":48,"column":6},"end":{"line":49,"column":69}},"type":"binary-expr","locations":[{"start":{"line":48,"column":6},"end":{"line":48,"column":21}},{"start":{"line":49,"column":9},"end":{"line":49,"column":69}}]}},"s":{"0":9,"1":9,"2":9,"3":735,"4":9,"5":9,"6":9,"7":9,"8":9,"9":41,"10":41,"11":41,"12":41,"13":41,"14":41,"15":41,"16":41,"17":82,"18":41,"19":41,"20":41,"21":18,"22":9,"23":9},"f":{"0":312,"1":9,"2":41},"b":{"0":[50],"1":[232,50],"2":[41,0],"3":[41,41],"4":[0,41],"5":[25,16],"6":[23,18],"7":[41,0],"8":[41,9]}}
,"/Users/zane/playground/standard-error-set/src/errors/auth/authentication-required-error.mjs": {"path":"/Users/zane/playground/standard-error-set/src/errors/auth/authentication-required-error.mjs","statementMap":{"0":{"start":{"line":2,"column":0},"end":{"line":2,"column":null}},"1":{"start":{"line":3,"column":0},"end":{"line":3,"column":72}},"2":{"start":{"line":3,"column":72},"end":{"line":3,"column":null}},"3":{"start":{"line":5,"column":15},"end":{"line":5,"column":44}},"4":{"start":{"line":6,"column":22},"end":{"line":6,"column":30}},"5":{"start":{"line":7,"column":21},"end":{"line":7,"column":46}},"6":{"start":{"line":8,"column":19},"end":{"line":8,"column":67}},"7":{"start":{"line":14,"column":33},"end":{"line":14,"column":null}},"8":{"start":{"line":40,"column":4},"end":{"line":38,"column":10}},"9":{"start":{"line":38,"column":10},"end":{"line":34,"column":10}},"10":{"start":{"line":34,"column":10},"end":{"line":34,"column":null}},"11":{"start":{"line":34,"column":19},"end":{"line":35,"column":12}},"12":{"start":{"line":35,"column":12},"end":{"line":35,"column":null}},"13":{"start":{"line":35,"column":28},"end":{"line":36,"column":11}},"14":{"start":{"line":36,"column":11},"end":{"line":36,"column":null}},"15":{"start":{"line":37,"column":16},"end":{"line":37,"column":null}},"16":{"start":{"line":39,"column":12},"end":{"line":39,"column":null}},"17":{"start":{"line":41,"column":4},"end":{"line":41,"column":null}},"18":{"start":{"line":41,"column":54},"end":{"line":42,"column":null}},"19":{"start":{"line":43,"column":3},"end":{"line":43,"column":null}},"20":{"start":{"line":46,"column":0},"end":{"line":46,"column":null}},"21":{"start":{"line":48,"column":0},"end":{"line":48,"column":null}}},"fnMap":{"0":{"name":"ownKeys","decl":{"start":{"line":3,"column":72},"end":{"line":3,"column":null}},"loc":{"start":{"line":3,"column":72},"end":{"line":3,"column":null}}},"1":{"name":"(anonymous_9)","decl":{"start":{"line":14,"column":33},"end":{"line":14,"column":50}},"loc":{"start":{"line":14,"column":33},"end":{"line":43,"column":null}}},"2":{"name":"AuthenticationRequiredError","decl":{"start":{"line":32,"column":2},"end":{"line":32,"column":null}},"loc":{"start":{"line":40,"column":4},"end":{"line":43,"column":3}}}},"branchMap":{"0":{"loc":{"start":{"line":3,"column":72},"end":{"line":3,"column":null}},"type":"if","locations":[{"start":{"line":3,"column":72},"end":{"line":3,"column":null}}]},"1":{"loc":{"start":{"line":3,"column":72},"end":{"line":3,"column":null}},"type":"binary-expr","locations":[{"start":{"line":3,"column":72},"end":{"line":3,"column":null}},{"start":{"line":3,"column":72},"end":{"line":3,"column":null}}]},"2":{"loc":{"start":{"line":40,"column":4},"end":{"line":38,"column":10}},"type":"cond-expr","locations":[{"start":{"line":40,"column":4},"end":{"line":40,"column":null}},{"start":{"line":38,"column":8},"end":{"line":38,"column":10}}]},"3":{"loc":{"start":{"line":40,"column":4},"end":{"line":40,"column":null}},"type":"binary-expr","locations":[{"start":{"line":40,"column":4},"end":{"line":40,"column":null}},{"start":{"line":40,"column":4},"end":{"line":40,"column":null}}]},"4":{"loc":{"start":{"line":34,"column":10},"end":{"line":34,"column":null}},"type":"cond-expr","locations":[{"start":{"line":34,"column":13},"end":{"line":34,"column":19}},{"start":{"line":34,"column":19},"end":{"line":34,"column":null}}]},"5":{"loc":{"start":{"line":35,"column":12},"end":{"line":35,"column":null}},"type":"cond-expr","locations":[{"start":{"line":35,"column":15},"end":{"line":35,"column":28}},{"start":{"line":35,"column":28},"end":{"line":35,"column":null}}]},"6":{"loc":{"start":{"line":36,"column":11},"end":{"line":36,"column":null}},"type":"cond-expr","locations":[{"start":{"line":36,"column":14},"end":{"line":36,"column":26}},{"start":{"line":36,"column":26},"end":{"line":36,"column":null}}]},"7":{"loc":{"start":{"line":39,"column":12},"end":{"line":39,"column":null}},"type":"cond-expr","locations":[{"start":{"line":39,"column":12},"end":{"line":39,"column":null}},{"start":{"line":39,"column":12},"end":{"line":39,"column":null}}]}},"s":{"0":3,"1":3,"2":70,"3":3,"4":3,"5":3,"6":3,"7":3,"8":5,"9":5,"10":5,"11":5,"12":5,"13":5,"14":5,"15":5,"16":10,"17":5,"18":5,"19":6,"20":3,"21":3},"f":{"0":25,"1":3,"2":5},"b":{"0":[5],"1":[25,5],"2":[4,1],"3":[5,5],"4":[5,0],"5":[3,2],"6":[4,1],"7":[0,5]}}
,"/Users/zane/playground/standard-error-set/src/errors/auth/authorization-conditions-not-met-error.mjs": {"path":"/Users/zane/playground/standard-error-set/src/errors/auth/authorization-conditions-not-met-error.mjs","statementMap":{"0":{"start":{"line":2,"column":0},"end":{"line":2,"column":null}},"1":{"start":{"line":3,"column":0},"end":{"line":3,"column":null}},"2":{"start":{"line":4,"column":0},"end":{"line":4,"column":72}},"3":{"start":{"line":4,"column":72},"end":{"line":4,"column":null}},"4":{"start":{"line":6,"column":15},"end":{"line":6,"column":51}},"5":{"start":{"line":7,"column":21},"end":{"line":7,"column":61}},"6":{"start":{"line":8,"column":19},"end":{"line":8,"column":43}},"7":{"start":{"line":21,"column":40},"end":{"line":21,"column":null}},"8":{"start":{"line":54,"column":4},"end":{"line":52,"column":60}},"9":{"start":{"line":52,"column":60},"end":{"line":52,"column":10}},"10":{"start":{"line":52,"column":10},"end":{"line":52,"column":21}},"11":{"start":{"line":52,"column":19},"end":{"line":52,"column":26}},"12":{"start":{"line":52,"column":26},"end":{"line":52,"column":46}},"13":{"start":{"line":52,"column":53},"end":{"line":52,"column":58}},"14":{"start":{"line":53,"column":12},"end":{"line":53,"column":null}},"15":{"start":{"line":55,"column":4},"end":{"line":55,"column":null}},"16":{"start":{"line":56,"column":4},"end":{"line":57,"column":null}},"17":{"start":{"line":57,"column":73},"end":{"line":58,"column":null}},"18":{"start":{"line":59,"column":3},"end":{"line":59,"column":null}},"19":{"start":{"line":62,"column":0},"end":{"line":65,"column":null}},"20":{"start":{"line":67,"column":0},"end":{"line":67,"column":null}},"21":{"start":{"line":69,"column":24},"end":{"line":82,"column":1}},"22":{"start":{"line":70,"column":34},"end":{"line":70,"column":16}},"23":{"start":{"line":70,"column":34},"end":{"line":70,"column":22}},"24":{"start":{"line":70,"column":34},"end":{"line":70,"column":29}},"25":{"start":{"line":72,"column":16},"end":{"line":72,"column":44}},"26":{"start":{"line":73,"column":2},"end":{"line":75,"column":null}},"27":{"start":{"line":74,"column":4},"end":{"line":74,"column":null}},"28":{"start":{"line":76,"column":2},"end":{"line":76,"column":null}},"29":{"start":{"line":77,"column":2},"end":{"line":79,"column":null}},"30":{"start":{"line":78,"column":4},"end":{"line":78,"column":null}},"31":{"start":{"line":81,"column":2},"end":{"line":81,"column":null}}},"fnMap":{"0":{"name":"ownKeys","decl":{"start":{"line":4,"column":72},"end":{"line":4,"column":null}},"loc":{"start":{"line":4,"column":72},"end":{"line":4,"column":null}}},"1":{"name":"(anonymous_9)","decl":{"start":{"line":21,"column":40},"end":{"line":21,"column":57}},"loc":{"start":{"line":21,"column":40},"end":{"line":59,"column":null}}},"2":{"name":"AuthorizationConditionsNotMetError","decl":{"start":{"line":51,"column":2},"end":{"line":51,"column":null}},"loc":{"start":{"line":54,"column":4},"end":{"line":59,"column":3}}},"3":{"name":"generateMessage","decl":{"start":{"line":69,"column":6},"end":{"line":69,"column":21}},"loc":{"start":{"line":69,"column":47},"end":{"line":82,"column":1}}}},"branchMap":{"0":{"loc":{"start":{"line":4,"column":72},"end":{"line":4,"column":null}},"type":"if","locations":[{"start":{"line":4,"column":72},"end":{"line":4,"column":null}}]},"1":{"loc":{"start":{"line":4,"column":72},"end":{"line":4,"column":null}},"type":"binary-expr","locations":[{"start":{"line":4,"column":72},"end":{"line":4,"column":null}},{"start":{"line":4,"column":72},"end":{"line":4,"column":null}}]},"2":{"loc":{"start":{"line":54,"column":4},"end":{"line":52,"column":60}},"type":"cond-expr","locations":[{"start":{"line":54,"column":4},"end":{"line":54,"column":null}},{"start":{"line":52,"column":58},"end":{"line":52,"column":60}}]},"3":{"loc":{"start":{"line":54,"column":4},"end":{"line":54,"column":null}},"type":"binary-expr","locations":[{"start":{"line":54,"column":4},"end":{"line":54,"column":null}},{"start":{"line":54,"column":4},"end":{"line":54,"column":null}}]},"4":{"loc":{"start":{"line":52,"column":10},"end":{"line":52,"column":21}},"type":"cond-expr","locations":[{"start":{"line":52,"column":13},"end":{"line":52,"column":19}},{"start":{"line":52,"column":19},"end":{"line":52,"column":21}}]},"5":{"loc":{"start":{"line":52,"column":26},"end":{"line":52,"column":46}},"type":"cond-expr","locations":[{"start":{"line":52,"column":29},"end":{"line":52,"column":41}},{"start":{"line":52,"column":41},"end":{"line":52,"column":46}}]},"6":{"loc":{"start":{"line":53,"column":12},"end":{"line":53,"column":null}},"type":"cond-expr","locations":[{"start":{"line":53,"column":12},"end":{"line":53,"column":null}},{"start":{"line":53,"column":12},"end":{"line":53,"column":null}}]},"7":{"loc":{"start":{"line":57,"column":6},"end":{"line":57,"column":73}},"type":"binary-expr","locations":[{"start":{"line":57,"column":6},"end":{"line":57,"column":21}},{"start":{"line":57,"column":25},"end":{"line":57,"column":73}}]},"8":{"loc":{"start":{"line":73,"column":2},"end":{"line":75,"column":null}},"type":"if","locations":[{"start":{"line":73,"column":2},"end":{"line":75,"column":null}}]},"9":{"loc":{"start":{"line":76,"column":18},"end":{"line":76,"column":86}},"type":"cond-expr","locations":[{"start":{"line":76,"column":64},"end":{"line":76,"column":69}},{"start":{"line":76,"column":72},"end":{"line":76,"column":86}}]},"10":{"loc":{"start":{"line":77,"column":2},"end":{"line":79,"column":null}},"type":"if","locations":[{"start":{"line":77,"column":2},"end":{"line":79,"column":null}}]}},"s":{"0":3,"1":3,"2":3,"3":142,"4":3,"5":3,"6":3,"7":3,"8":6,"9":6,"10":6,"11":6,"12":6,"13":6,"14":12,"15":6,"16":6,"17":6,"18":6,"19":3,"20":3,"21":3,"22":5,"23":5,"24":5,"25":5,"26":5,"27":2,"28":5,"29":5,"30":1,"31":5},"f":{"0":49,"1":3,"2":6,"3":5},"b":{"0":[11],"1":[45,11],"2":[5,1],"3":[6,6],"4":[6,0],"5":[4,2],"6":[0,6],"7":[6,5],"8":[2],"9":[5,0],"10":[1]}}
,"/Users/zane/playground/standard-error-set/src/errors/auth/bad-credentials-error.mjs": {"path":"/Users/zane/playground/standard-error-set/src/errors/auth/bad-credentials-error.mjs","statementMap":{"0":{"start":{"line":2,"column":0},"end":{"line":2,"column":null}},"1":{"start":{"line":3,"column":0},"end":{"line":3,"column":null}},"2":{"start":{"line":4,"column":0},"end":{"line":4,"column":72}},"3":{"start":{"line":4,"column":72},"end":{"line":4,"column":null}},"4":{"start":{"line":6,"column":15},"end":{"line":6,"column":36}},"5":{"start":{"line":7,"column":22},"end":{"line":7,"column":38}},"6":{"start":{"line":8,"column":19},"end":{"line":8,"column":45}},"7":{"start":{"line":13,"column":25},"end":{"line":13,"column":null}},"8":{"start":{"line":35,"column":4},"end":{"line":33,"column":62}},"9":{"start":{"line":33,"column":62},"end":{"line":33,"column":10}},"10":{"start":{"line":33,"column":10},"end":{"line":33,"column":21}},"11":{"start":{"line":33,"column":19},"end":{"line":33,"column":27}},"12":{"start":{"line":33,"column":27},"end":{"line":33,"column":48}},"13":{"start":{"line":33,"column":55},"end":{"line":33,"column":60}},"14":{"start":{"line":34,"column":12},"end":{"line":34,"column":null}},"15":{"start":{"line":36,"column":4},"end":{"line":36,"column":null}},"16":{"start":{"line":37,"column":4},"end":{"line":38,"column":null}},"17":{"start":{"line":38,"column":74},"end":{"line":39,"column":null}},"18":{"start":{"line":40,"column":3},"end":{"line":40,"column":null}},"19":{"start":{"line":43,"column":24},"end":{"line":66,"column":1}},"20":{"start":{"line":44,"column":19},"end":{"line":44,"column":14}},"21":{"start":{"line":45,"column":28},"end":{"line":45,"column":15}},"22":{"start":{"line":45,"column":28},"end":{"line":45,"column":23}},"23":{"start":{"line":47,"column":2},"end":{"line":49,"column":null}},"24":{"start":{"line":51,"column":16},"end":{"line":51,"column":64}},"25":{"start":{"line":52,"column":2},"end":{"line":54,"column":null}},"26":{"start":{"line":53,"column":4},"end":{"line":53,"column":null}},"27":{"start":{"line":56,"column":2},"end":{"line":56,"column":null}},"28":{"start":{"line":58,"column":2},"end":{"line":63,"column":null}},"29":{"start":{"line":59,"column":4},"end":{"line":59,"column":null}},"30":{"start":{"line":62,"column":4},"end":{"line":62,"column":null}},"31":{"start":{"line":65,"column":2},"end":{"line":65,"column":null}},"32":{"start":{"line":68,"column":0},"end":{"line":68,"column":null}},"33":{"start":{"line":70,"column":0},"end":{"line":70,"column":null}}},"fnMap":{"0":{"name":"ownKeys","decl":{"start":{"line":4,"column":72},"end":{"line":4,"column":null}},"loc":{"start":{"line":4,"column":72},"end":{"line":4,"column":null}}},"1":{"name":"(anonymous_9)","decl":{"start":{"line":13,"column":25},"end":{"line":13,"column":42}},"loc":{"start":{"line":13,"column":25},"end":{"line":40,"column":null}}},"2":{"name":"BadCredentialsError","decl":{"start":{"line":32,"column":2},"end":{"line":32,"column":null}},"loc":{"start":{"line":35,"column":4},"end":{"line":40,"column":3}}},"3":{"name":"generateMessage","decl":{"start":{"line":43,"column":6},"end":{"line":43,"column":21}},"loc":{"start":{"line":43,"column":47},"end":{"line":66,"column":1}}}},"branchMap":{"0":{"loc":{"start":{"line":4,"column":72},"end":{"line":4,"column":null}},"type":"if","locations":[{"start":{"line":4,"column":72},"end":{"line":4,"column":null}}]},"1":{"loc":{"start":{"line":4,"column":72},"end":{"line":4,"column":null}},"type":"binary-expr","locations":[{"start":{"line":4,"column":72},"end":{"line":4,"column":null}},{"start":{"line":4,"column":72},"end":{"line":4,"column":null}}]},"2":{"loc":{"start":{"line":35,"column":4},"end":{"line":33,"column":62}},"type":"cond-expr","locations":[{"start":{"line":35,"column":4},"end":{"line":35,"column":null}},{"start":{"line":33,"column":60},"end":{"line":33,"column":62}}]},"3":{"loc":{"start":{"line":35,"column":4},"end":{"line":35,"column":null}},"type":"binary-expr","locations":[{"start":{"line":35,"column":4},"end":{"line":35,"column":null}},{"start":{"line":35,"column":4},"end":{"line":35,"column":null}}]},"4":{"loc":{"start":{"line":33,"column":10},"end":{"line":33,"column":21}},"type":"cond-expr","locations":[{"start":{"line":33,"column":13},"end":{"line":33,"column":19}},{"start":{"line":33,"column":19},"end":{"line":33,"column":21}}]},"5":{"loc":{"start":{"line":33,"column":27},"end":{"line":33,"column":48}},"type":"cond-expr","locations":[{"start":{"line":33,"column":30},"end":{"line":33,"column":43}},{"start":{"line":33,"column":43},"end":{"line":33,"column":48}}]},"6":{"loc":{"start":{"line":34,"column":12},"end":{"line":34,"column":null}},"type":"cond-expr","locations":[{"start":{"line":34,"column":12},"end":{"line":34,"column":null}},{"start":{"line":34,"column":12},"end":{"line":34,"column":null}}]},"7":{"loc":{"start":{"line":38,"column":6},"end":{"line":38,"column":74}},"type":"binary-expr","locations":[{"start":{"line":38,"column":6},"end":{"line":38,"column":21}},{"start":{"line":38,"column":25},"end":{"line":38,"column":74}}]},"8":{"loc":{"start":{"line":47,"column":11},"end":{"line":49,"column":21}},"type":"cond-expr","locations":[{"start":{"line":48,"column":6},"end":{"line":48,"column":12}},{"start":{"line":49,"column":6},"end":{"line":49,"column":21}}]},"9":{"loc":{"start":{"line":52,"column":2},"end":{"line":54,"column":null}},"type":"if","locations":[{"start":{"line":52,"column":2},"end":{"line":54,"column":null}}]},"10":{"loc":{"start":{"line":58,"column":2},"end":{"line":63,"column":null}},"type":"if","locations":[{"start":{"line":58,"column":2},"end":{"line":63,"column":null}},{"start":{"line":61,"column":7},"end":{"line":63,"column":null}}]}},"s":{"0":3,"1":3,"2":3,"3":144,"4":3,"5":3,"6":3,"7":3,"8":6,"9":6,"10":6,"11":6,"12":6,"13":6,"14":12,"15":6,"16":6,"17":6,"18":6,"19":3,"20":5,"21":5,"22":5,"23":5,"24":5,"25":5,"26":2,"27":5,"28":5,"29":1,"30":4,"31":5,"32":3,"33":3},"f":{"0":51,"1":3,"2":6,"3":5},"b":{"0":[11],"1":[45,11],"2":[5,1],"3":[6,6],"4":[6,0],"5":[5,1],"6":[0,6],"7":[6,5],"8":[5,0],"9":[2],"10":[1,4]}}
,"/Users/zane/playground/standard-error-set/src/errors/auth/no-access-directory-error.mjs": {"path":"/Users/zane/playground/standard-error-set/src/errors/auth/no-access-directory-error.mjs","statementMap":{"0":{"start":{"line":2,"column":0},"end":{"line":2,"column":null}},"1":{"start":{"line":3,"column":0},"end":{"line":3,"column":null}},"2":{"start":{"line":4,"column":0},"end":{"line":4,"column":72}},"3":{"start":{"line":4,"column":72},"end":{"line":4,"column":null}},"4":{"start":{"line":6,"column":15},"end":{"line":6,"column":39}},"5":{"start":{"line":7,"column":24},"end":{"line":7,"column":35}},"6":{"start":{"line":8,"column":19},"end":{"line":8,"column":49}},"7":{"start":{"line":24,"column":28},"end":{"line":24,"column":null}},"8":{"start":{"line":43,"column":60},"end":{"line":43,"column":48}},"9":{"start":{"line":43,"column":48},"end":{"line":43,"column":20}},"10":{"start":{"line":43,"column":20},"end":{"line":43,"column":34}},"11":{"start":{"line":43,"column":41},"end":{"line":43,"column":46}},"12":{"start":{"line":43,"column":58},"end":{"line":43,"column":60}},"13":{"start":{"line":44,"column":4},"end":{"line":44,"column":null}},"14":{"start":{"line":45,"column":4},"end":{"line":45,"column":null}},"15":{"start":{"line":45,"column":69},"end":{"line":47,"column":null}},"16":{"start":{"line":48,"column":3},"end":{"line":48,"column":null}},"17":{"start":{"line":51,"column":0},"end":{"line":51,"column":null}},"18":{"start":{"line":53,"column":0},"end":{"line":53,"column":null}}},"fnMap":{"0":{"name":"ownKeys","decl":{"start":{"line":4,"column":72},"end":{"line":4,"column":null}},"loc":{"start":{"line":4,"column":72},"end":{"line":4,"column":null}}},"1":{"name":"(anonymous_9)","decl":{"start":{"line":24,"column":28},"end":{"line":24,"column":45}},"loc":{"start":{"line":24,"column":28},"end":{"line":48,"column":null}}},"2":{"name":"NoAccessDirectoryError","decl":{"start":{"line":43,"column":2},"end":{"line":43,"column":16}},"loc":{"start":{"line":43,"column":60},"end":{"line":48,"column":3}}}},"branchMap":{"0":{"loc":{"start":{"line":4,"column":72},"end":{"line":4,"column":null}},"type":"if","locations":[{"start":{"line":4,"column":72},"end":{"line":4,"column":null}}]},"1":{"loc":{"start":{"line":4,"column":72},"end":{"line":4,"column":null}},"type":"binary-expr","locations":[{"start":{"line":4,"column":72},"end":{"line":4,"column":null}},{"start":{"line":4,"column":72},"end":{"line":4,"column":null}}]},"2":{"loc":{"start":{"line":43,"column":60},"end":{"line":43,"column":48}},"type":"cond-expr","locations":[{"start":{"line":43,"column":60},"end":{"line":43,"column":null}},{"start":{"line":43,"column":46},"end":{"line":43,"column":48}}]},"3":{"loc":{"start":{"line":43,"column":60},"end":{"line":43,"column":null}},"type":"binary-expr","locations":[{"start":{"line":43,"column":60},"end":{"line":43,"column":null}},{"start":{"line":43,"column":60},"end":{"line":43,"column":null}}]},"4":{"loc":{"start":{"line":43,"column":20},"end":{"line":43,"column":34}},"type":"cond-expr","locations":[{"start":{"line":43,"column":23},"end":{"line":43,"column":29}},{"start":{"line":43,"column":29},"end":{"line":43,"column":34}}]},"5":{"loc":{"start":{"line":43,"column":58},"end":{"line":43,"column":60}},"type":"cond-expr","locations":[{"start":{"line":43,"column":58},"end":{"line":43,"column":60}},{"start":{"line":43,"column":58},"end":{"line":43,"column":60}}]},"6":{"loc":{"start":{"line":45,"column":23},"end":{"line":45,"column":69}},"type":"binary-expr","locations":[{"start":{"line":45,"column":23},"end":{"line":45,"column":39}},{"start":{"line":45,"column":43},"end":{"line":45,"column":69}}]}},"s":{"0":3,"1":3,"2":3,"3":60,"4":3,"5":3,"6":3,"7":3,"8":4,"9":4,"10":4,"11":4,"12":8,"13":4,"14":4,"15":4,"16":6,"17":3,"18":3},"f":{"0":23,"1":3,"2":4},"b":{"0":[4],"1":[20,4],"2":[2,2],"3":[4,4],"4":[4,0],"5":[0,4],"6":[4,4]}}
,"/Users/zane/playground/standard-error-set/src/errors/auth/no-access-error.mjs": {"path":"/Users/zane/playground/standard-error-set/src/errors/auth/no-access-error.mjs","statementMap":{"0":{"start":{"line":2,"column":0},"end":{"line":2,"column":null}},"1":{"start":{"line":3,"column":0},"end":{"line":3,"column":null}},"2":{"start":{"line":4,"column":0},"end":{"line":4,"column":null}},"3":{"start":{"line":7,"column":48},"end":{"line":7,"column":null}},"4":{"start":{"line":9,"column":15},"end":{"line":9,"column":30}},"5":{"start":{"line":10,"column":24},"end":{"line":10,"column":34}},"6":{"start":{"line":11,"column":19},"end":{"line":11,"column":49}},"7":{"start":{"line":29,"column":19},"end":{"line":29,"column":null}},"8":{"start":{"line":47,"column":68},"end":{"line":47,"column":56}},"9":{"start":{"line":47,"column":56},"end":{"line":47,"column":20}},"10":{"start":{"line":47,"column":20},"end":{"line":47,"column":31}},"11":{"start":{"line":47,"column":37},"end":{"line":47,"column":36}},"12":{"start":{"line":47,"column":49},"end":{"line":47,"column":54}},"13":{"start":{"line":47,"column":66},"end":{"line":47,"column":68}},"14":{"start":{"line":48,"column":4},"end":{"line":48,"column":null}},"15":{"start":{"line":49,"column":4},"end":{"line":49,"column":null}},"16":{"start":{"line":50,"column":4},"end":{"line":52,"column":null}},"17":{"start":{"line":53,"column":4},"end":{"line":55,"column":5}},"18":{"start":{"line":54,"column":6},"end":{"line":54,"column":null}},"19":{"start":{"line":55,"column":5},"end":{"line":57,"column":null}},"20":{"start":{"line":58,"column":3},"end":{"line":58,"column":null}},"21":{"start":{"line":61,"column":0},"end":{"line":61,"column":null}},"22":{"start":{"line":63,"column":0},"end":{"line":63,"column":null}}},"fnMap":{"0":{"name":"ownKeys","decl":{"start":{"line":7,"column":48},"end":{"line":7,"column":null}},"loc":{"start":{"line":7,"column":48},"end":{"line":7,"column":null}}},"1":{"name":"(anonymous_9)","decl":{"start":{"line":29,"column":19},"end":{"line":29,"column":36}},"loc":{"start":{"line":29,"column":19},"end":{"line":58,"column":null}}},"2":{"name":"NoAccessError","decl":{"start":{"line":47,"column":2},"end":{"line":47,"column":16}},"loc":{"start":{"line":47,"column":68},"end":{"line":58,"column":3}}}},"branchMap":{"0":{"loc":{"start":{"line":7,"column":48},"end":{"line":7,"column":null}},"type":"if","locations":[{"start":{"line":7,"column":48},"end":{"line":7,"column":null}}]},"1":{"loc":{"start":{"line":7,"column":48},"end":{"line":7,"column":null}},"type":"binary-expr","locations":[{"start":{"line":7,"column":48},"end":{"line":7,"column":null}},{"start":{"line":7,"column":48},"end":{"line":7,"column":null}}]},"2":{"loc":{"start":{"line":47,"column":68},"end":{"line":47,"column":56}},"type":"cond-expr","locations":[{"start":{"line":47,"column":68},"end":{"line":47,"column":null}},{"start":{"line":47,"column":54},"end":{"line":47,"column":56}}]},"3":{"loc":{"start":{"line":47,"column":68},"end":{"line":47,"column":null}},"type":"binary-expr","locations":[{"start":{"line":47,"column":68},"end":{"line":47,"column":null}},{"start":{"line":47,"column":68},"end":{"line":47,"column":null}}]},"4":{"loc":{"start":{"line":47,"column":20},"end":{"line":47,"column":31}},"type":"cond-expr","locations":[{"start":{"line":47,"column":23},"end":{"line":47,"column":29}},{"start":{"line":47,"column":29},"end":{"line":47,"column":31}}]},"5":{"loc":{"start":{"line":47,"column":66},"end":{"line":47,"column":68}},"type":"cond-expr","locations":[{"start":{"line":47,"column":66},"end":{"line":47,"column":68}},{"start":{"line":47,"column":66},"end":{"line":47,"column":68}}]},"6":{"loc":{"start":{"line":49,"column":13},"end":{"line":49,"column":51}},"type":"binary-expr","locations":[{"start":{"line":49,"column":13},"end":{"line":49,"column":19}},{"start":{"line":49,"column":23},"end":{"line":49,"column":51}}]},"7":{"loc":{"start":{"line":51,"column":6},"end":{"line":52,"column":66}},"type":"binary-expr","locations":[{"start":{"line":51,"column":6},"end":{"line":51,"column":21}},{"start":{"line":52,"column":9},"end":{"line":52,"column":66}}]},"8":{"loc":{"start":{"line":53,"column":4},"end":{"line":55,"column":5}},"type":"if","locations":[{"start":{"line":53,"column":4},"end":{"line":55,"column":5}}]},"9":{"loc":{"start":{"line":53,"column":8},"end":{"line":53,"column":52}},"type":"binary-expr","locations":[{"start":{"line":53,"column":8},"end":{"line":53,"column":22}},{"start":{"line":53,"column":26},"end":{"line":53,"column":52}}]}},"s":{"0":5,"1":5,"2":5,"3":492,"4":5,"5":5,"6":5,"7":5,"8":18,"9":18,"10":18,"11":18,"12":18,"13":36,"14":18,"15":18,"16":18,"17":18,"18":14,"19":18,"20":10,"21":5,"22":5},"f":{"0":193,"1":5,"2":18},"b":{"0":[36],"1":[144,36],"2":[15,3],"3":[18,18],"4":[8,10],"5":[10,8],"6":[18,18],"7":[18,18],"8":[14],"9":[18,14]}}
[...]
,"/Users/zane/playground/standard-error-set/src/settings/lib/get-common-error-setting.mjs": {"path":"/Users/zane/playground/standard-error-set/src/settings/lib/get-common-error-setting.mjs","statementMap":{"0":{"start":{"line":1,"column":21},"end":{"line":5,"column":1}},"1":{"start":{"line":7,"column":20},"end":{"line":7,"column":25}},"2":{"start":{"line":9,"column":27},"end":{"line":11,"column":1}},"3":{"start":{"line":10,"column":2},"end":{"line":10,"column":null}}},"fnMap":{"0":{"name":"getCommonErrorSetting","decl":{"start":{"line":9,"column":6},"end":{"line":9,"column":27}},"loc":{"start":{"line":9,"column":42},"end":{"line":11,"column":1}}}},"branchMap":{"0":{"loc":{"start":{"line":10,"column":9},"end":{"line":10,"column":58}},"type":"binary-expr","locations":[{"start":{"line":10,"column":9},"end":{"line":10,"column":31}},{"start":{"line":10,"column":35},"end":{"line":10,"column":58}}]}},"s":{"0":28,"1":28,"2":28,"3":551},"f":{"0":551},"b":{"0":[551,545]}}
,"/Users/zane/playground/standard-error-set/src/util/include-parameter-in-message.mjs": {"path":"/Users/zane/playground/standard-error-set/src/util/include-parameter-in-message.mjs","statementMap":{"0":{"start":{"line":1,"column":0},"end":{"line":1,"column":null}},"1":{"start":{"line":12,"column":31},"end":{"line":22,"column":1}},"2":{"start":{"line":13,"column":25},"end":{"line":13,"column":47}},"3":{"start":{"line":14,"column":2},"end":{"line":19,"column":null}},"4":{"start":{"line":18,"column":4},"end":{"line":18,"column":17}},"5":{"start":{"line":21,"column":2},"end":{"line":21,"column":null}},"6":{"start":{"line":32,"column":21},"end":{"line":36,"column":null}},"7":{"start":{"line":33,"column":15},"end":{"line":34,"column":20}},"8":{"start":{"line":34,"column":20},"end":{"line":34,"column":null}},"9":{"start":{"line":34,"column":70},"end":{"line":36,"column":null}}},"fnMap":{"0":{"name":"includeParameterInMessage","decl":{"start":{"line":12,"column":6},"end":{"line":12,"column":31}},"loc":{"start":{"line":12,"column":62},"end":{"line":22,"column":1}}},"1":{"name":"ignoreParameter","decl":{"start":{"line":32,"column":6},"end":{"line":32,"column":21}},"loc":{"start":{"line":33,"column":15},"end":{"line":36,"column":null}}}},"branchMap":{"0":{"loc":{"start":{"line":14,"column":2},"end":{"line":19,"column":null}},"type":"if","locations":[{"start":{"line":14,"column":2},"end":{"line":19,"column":null}}]},"1":{"loc":{"start":{"line":15,"column":4},"end":{"line":16,"column":69}},"type":"binary-expr","locations":[{"start":{"line":15,"column":4},"end":{"line":15,"column":32}},{"start":{"line":16,"column":8},"end":{"line":16,"column":37}},{"start":{"line":16,"column":41},"end":{"line":16,"column":69}}]},"2":{"loc":{"start":{"line":34,"column":20},"end":{"line":34,"column":null}},"type":"cond-expr","locations":[{"start":{"line":34,"column":23},"end":{"line":34,"column":70}},{"start":{"line":34,"column":70},"end":{"line":34,"column":null}}]},"3":{"loc":{"start":{"line":34,"column":23},"end":{"line":34,"column":70}},"type":"binary-expr","locations":[{"start":{"line":34,"column":23},"end":{"line":34,"column":64}},{"start":{"line":34,"column":68},"end":{"line":34,"column":70}}]},"4":{"loc":{"start":{"line":36,"column":2},"end":{"line":36,"column":80}},"type":"binary-expr","locations":[{"start":{"line":36,"column":2},"end":{"line":36,"column":43}},{"start":{"line":36,"column":47},"end":{"line":36,"column":80}}]}},"s":{"0":28,"1":28,"2":1213,"3":1213,"4":730,"5":483,"6":28,"7":497,"8":497,"9":497},"f":{"0":1213,"1":497},"b":{"0":[730],"1":[1213,494,19],"2":[482,15],"3":[482,482],"4":[497,494]}}
,"/Users/zane/playground/standard-error-set/src/util/rethrow-if.mjs": {"path":"/Users/zane/playground/standard-error-set/src/util/rethrow-if.mjs","statementMap":{"0":{"start":{"line":1,"column":0},"end":{"line":1,"column":null}},"1":{"start":{"line":33,"column":15},"end":{"line":42,"column":1}},"2":{"start":{"line":34,"column":2},"end":{"line":34,"column":null}},"3":{"start":{"line":34,"column":27},"end":{"line":34,"column":null}},"4":{"start":{"line":36,"column":2},"end":{"line":39,"column":null}},"5":{"start":{"line":38,"column":4},"end":{"line":38,"column":null}},"6":{"start":{"line":41,"column":2},"end":{"line":41,"column":null}},"7":{"start":{"line":44,"column":20},"end":{"line":88,"column":1}},"8":{"start":{"line":60,"column":5},"end":{"line":59,"column":8}},"9":{"start":{"line":47,"column":7},"end":{"line":47,"column":6}},"10":{"start":{"line":48,"column":10},"end":{"line":48,"column":9}},"11":{"start":{"line":49,"column":13},"end":{"line":49,"column":12}},"12":{"start":{"line":50,"column":14},"end":{"line":50,"column":13}},"13":{"start":{"line":51,"column":17},"end":{"line":51,"column":16}},"14":{"start":{"line":52,"column":11},"end":{"line":52,"column":10}},"15":{"start":{"line":53,"column":12},"end":{"line":53,"column":11}},"16":{"start":{"line":54,"column":13},"end":{"line":54,"column":12}},"17":{"start":{"line":55,"column":12},"end":{"line":55,"column":11}},"18":{"start":{"line":56,"column":15},"end":{"line":56,"column":14}},"19":{"start":{"line":57,"column":12},"end":{"line":57,"column":11}},"20":{"start":{"line":58,"column":13},"end":{"line":58,"column":12}},"21":{"start":{"line":61,"column":50},"end":{"line":61,"column":14}},"22":{"start":{"line":61,"column":50},"end":{"line":61,"column":23}},"23":{"start":{"line":61,"column":50},"end":{"line":61,"column":45}},"24":{"start":{"line":63,"column":4},"end":{"line":83,"column":83}},"25":{"start":{"line":65,"column":43},"end":{"line":65,"column":75}},"26":{"start":{"line":68,"column":18},"end":{"line":68,"column":null}},"27":{"start":{"line":85,"column":18},"end":{"line":85,"column":68}},"28":{"start":{"line":87,"column":2},"end":{"line":87,"column":null}},"29":{"start":{"line":90,"column":17},"end":{"line":94,"column":1}},"30":{"start":{"line":91,"column":2},"end":{"line":93,"column":null}},"31":{"start":{"line":91,"column":27},"end":{"line":91,"column":null}},"32":{"start":{"line":92,"column":7},"end":{"line":93,"column":null}},"33":{"start":{"line":92,"column":33},"end":{"line":92,"column":null}},"34":{"start":{"line":93,"column":7},"end":{"line":93,"column":null}}},"fnMap":{"0":{"name":"rethrowIf","decl":{"start":{"line":33,"column":6},"end":{"line":33,"column":15}},"loc":{"start":{"line":33,"column":42},"end":{"line":42,"column":1}}},"1":{"name":"rethrowTest","decl":{"start":{"line":44,"column":6},"end":{"line":44,"column":17}},"loc":{"start":{"line":60,"column":5},"end":{"line":88,"column":1}}},"2":{"name":"(anonymous_2)","decl":{"start":{"line":65,"column":33},"end":{"line":65,"column":34}},"loc":{"start":{"line":65,"column":43},"end":{"line":65,"column":75}}},"3":{"name":"(anonymous_3)","decl":{"start":{"line":68,"column":8},"end":{"line":68,"column":9}},"loc":{"start":{"line":68,"column":18},"end":{"line":68,"column":null}}},"4":{"name":"arrarify","decl":{"start":{"line":90,"column":6},"end":{"line":90,"column":14}},"loc":{"start":{"line":90,"column":28},"end":{"line":94,"column":1}}}},"branchMap":{"0":{"loc":{"start":{"line":34,"column":2},"end":{"line":34,"column":null}},"type":"if","locations":[{"start":{"line":34,"column":2},"end":{"line":34,"column":null}}]},"1":{"loc":{"start":{"line":36,"column":2},"end":{"line":39,"column":null}},"type":"if","locations":[{"start":{"line":36,"column":2},"end":{"line":39,"column":null}}]},"2":{"loc":{"start":{"line":60,"column":5},"end":{"line":59,"column":8}},"type":"cond-expr","locations":[{"start":{"line":60,"column":5},"end":{"line":60,"column":null}},{"start":{"line":59,"column":6},"end":{"line":59,"column":8}}]},"3":{"loc":{"start":{"line":60,"column":5},"end":{"line":60,"column":null}},"type":"binary-expr","locations":[{"start":{"line":60,"column":5},"end":{"line":60,"column":null}},{"start":{"line":60,"column":5},"end":{"line":60,"column":null}}]},"4":{"loc":{"start":{"line":63,"column":4},"end":{"line":83,"column":83}},"type":"binary-expr","locations":[{"start":{"line":63,"column":4},"end":{"line":63,"column":35}},{"start":{"line":64,"column":8},"end":{"line":64,"column":31}},{"start":{"line":64,"column":35},"end":{"line":64,"column":71}},{"start":{"line":65,"column":7},"end":{"line":65,"column":75}},{"start":{"line":66,"column":8},"end":{"line":66,"column":35}},{"start":{"line":67,"column":9},"end":{"line":69,"column":8}},{"start":{"line":70,"column":8},"end":{"line":70,"column":29}},{"start":{"line":71,"column":11},"end":{"line":71,"column":27}},{"start":{"line":72,"column":12},"end":{"line":72,"column":33}},{"start":{"line":72,"column":37},"end":{"line":72,"column":63}},{"start":{"line":73,"column":11},"end":{"line":73,"column":51}},{"start":{"line":74,"column":12},"end":{"line":74,"column":29}},{"start":{"line":75,"column":14},"end":{"line":75,"column":36}},{"start":{"line":76,"column":15},"end":{"line":76,"column":52}},{"start":{"line":77,"column":8},"end":{"line":77,"column":34}},{"start":{"line":78,"column":11},"end":{"line":78,"column":33}},{"start":{"line":78,"column":37},"end":{"line":78,"column":54}},{"start":{"line":79,"column":12},"end":{"line":79,"column":35}},{"start":{"line":79,"column":39},"end":{"line":79,"column":59}},{"start":{"line":80,"column":12},"end":{"line":80,"column":34}},{"start":{"line":80,"column":38},"end":{"line":80,"column":56}},{"start":{"line":81,"column":12},"end":{"line":81,"column":35}},{"start":{"line":81,"column":39},"end":{"line":81,"column":59}},{"start":{"line":82,"column":11},"end":{"line":82,"column":46}},{"start":{"line":83,"column":12},"end":{"line":83,"column":37}},{"start":{"line":83,"column":41},"end":{"line":83,"column":81}}]},"5":{"loc":{"start":{"line":85,"column":18},"end":{"line":85,"column":68}},"type":"cond-expr","locations":[{"start":{"line":85,"column":38},"end":{"line":85,"column":42}},{"start":{"line":85,"column":45},"end":{"line":85,"column":68}}]},"6":{"loc":{"start":{"line":87,"column":9},"end":{"line":87,"column":26}},"type":"binary-expr","locations":[{"start":{"line":87,"column":9},"end":{"line":87,"column":15}},{"start":{"line":87,"column":19},"end":{"line":87,"column":26}}]},"7":{"loc":{"start":{"line":91,"column":2},"end":{"line":93,"column":null}},"type":"if","locations":[{"start":{"line":91,"column":2},"end":{"line":93,"column":null}},{"start":{"line":92,"column":7},"end":{"line":93,"column":null}}]},"8":{"loc":{"start":{"line":92,"column":7},"end":{"line":93,"column":null}},"type":"if","locations":[{"start":{"line":92,"column":7},"end":{"line":93,"column":null}},{"start":{"line":93,"column":7},"end":{"line":93,"column":null}}]}},"s":{"0":3,"1":3,"2":59,"3":1,"4":58,"5":29,"6":29,"7":3,"8":59,"9":59,"10":59,"11":59,"12":59,"13":59,"14":59,"15":59,"16":59,"17":59,"18":59,"19":59,"20":59,"21":59,"22":59,"23":59,"24":59,"25":5,"26":2,"27":59,"28":59,"29":3,"30":150,"31":132,"32":18,"33":6,"34":12},"f":{"0":59,"1":59,"2":5,"3":2,"4":150},"b":{"0":[1],"1":[29],"2":[58,1],"3":[59,59],"4":[59,57,2,57,53,2,51,30,15,9,9,22,15,9,36,31,2,30,2,29,2,28,2,27,26,3],"5":[58,1],"6":[59,30],"7":[132,18],"8":[6,12]}}
,"/Users/zane/playground/standard-error-set/src/util/wrap-error.mjs": {"path":"/Users/zane/playground/standard-error-set/src/util/wrap-error.mjs","statementMap":{"0":{"start":{"line":1,"column":0},"end":{"line":1,"column":null}},"1":{"start":{"line":2,"column":0},"end":{"line":2,"column":null}},"2":{"start":{"line":3,"column":0},"end":{"line":3,"column":null}},"3":{"start":{"line":4,"column":0},"end":{"line":4,"column":null}},"4":{"start":{"line":5,"column":0},"end":{"line":5,"column":null}},"5":{"start":{"line":6,"column":0},"end":{"line":6,"column":null}},"6":{"start":{"line":7,"column":0},"end":{"line":7,"column":null}},"7":{"start":{"line":8,"column":0},"end":{"line":8,"column":null}},"8":{"start":{"line":9,"column":0},"end":{"line":9,"column":null}},"9":{"start":{"line":10,"column":0},"end":{"line":10,"column":72}},"10":{"start":{"line":10,"column":72},"end":{"line":10,"column":null}},"11":{"start":{"line":47,"column":15},"end":{"line":91,"column":1}},"12":{"start":{"line":47,"column":33},"end":{"line":47,"column":38}},"13":{"start":{"line":48,"column":19},"end":{"line":48,"column":14}},"14":{"start":{"line":51,"column":4},"end":{"line":52,"column":52}},"15":{"start":{"line":53,"column":2},"end":{"line":55,"column":null}},"16":{"start":{"line":54,"column":4},"end":{"line":54,"column":null}},"17":{"start":{"line":58,"column":4},"end":{"line":58,"column":73}},"18":{"start":{"line":60,"column":2},"end":{"line":90,"column":null}},"19":{"start":{"line":62,"column":4},"end":{"line":62,"column":null}},"20":{"start":{"line":64,"column":7},"end":{"line":90,"column":null}},"21":{"start":{"line":65,"column":4},"end":{"line":65,"column":null}},"22":{"start":{"line":67,"column":7},"end":{"line":90,"column":null}},"23":{"start":{"line":68,"column":4},"end":{"line":68,"column":null}},"24":{"start":{"line":70,"column":7},"end":{"line":90,"column":null}},"25":{"start":{"line":71,"column":21},"end":{"line":71,"column":62}},"26":{"start":{"line":73,"column":4},"end":{"line":73,"column":null}},"27":{"start":{"line":75,"column":7},"end":{"line":90,"column":null}},"28":{"start":{"line":76,"column":21},"end":{"line":76,"column":65}},"29":{"start":{"line":78,"column":4},"end":{"line":78,"column":null}},"30":{"start":{"line":80,"column":7},"end":{"line":90,"column":null}},"31":{"start":{"line":81,"column":21},"end":{"line":81,"column":59}},"32":{"start":{"line":83,"column":4},"end":{"line":83,"column":null}},"33":{"start":{"line":85,"column":7},"end":{"line":90,"column":null}},"34":{"start":{"line":86,"column":4},"end":{"line":86,"column":null}},"35":{"start":{"line":89,"column":4},"end":{"line":89,"column":null}}},"fnMap":{"0":{"name":"ownKeys","decl":{"start":{"line":10,"column":72},"end":{"line":10,"column":null}},"loc":{"start":{"line":10,"column":72},"end":{"line":10,"column":null}}},"1":{"name":"wrapError","decl":{"start":{"line":47,"column":6},"end":{"line":47,"column":15}},"loc":{"start":{"line":47,"column":43},"end":{"line":91,"column":1}}}},"branchMap":{"0":{"loc":{"start":{"line":10,"column":72},"end":{"line":10,"column":null}},"type":"if","locations":[{"start":{"line":10,"column":72},"end":{"line":10,"column":null}}]},"1":{"loc":{"start":{"line":10,"column":72},"end":{"line":10,"column":null}},"type":"binary-expr","locations":[{"start":{"line":10,"column":72},"end":{"line":10,"column":null}},{"start":{"line":10,"column":72},"end":{"line":10,"column":null}}]},"2":{"loc":{"start":{"line":47,"column":33},"end":{"line":47,"column":38}},"type":"cond-expr","locations":[{"start":{"line":47,"column":33},"end":{"line":47,"column":36}},{"start":{"line":47,"column":36},"end":{"line":47,"column":38}}]},"3":{"loc":{"start":{"line":47,"column":33},"end":{"line":47,"column":36}},"type":"binary-expr","locations":[{"start":{"line":47,"column":33},"end":{"line":47,"column":36}},{"start":{"line":47,"column":33},"end":{"line":47,"column":36}}]},"4":{"loc":{"start":{"line":51,"column":4},"end":{"line":52,"column":52}},"type":"binary-expr","locations":[{"start":{"line":51,"column":4},"end":{"line":51,"column":34}},{"start":{"line":52,"column":7},"end":{"line":52,"column":52}}]},"5":{"loc":{"start":{"line":53,"column":2},"end":{"line":55,"column":null}},"type":"if","locations":[{"start":{"line":53,"column":2},"end":{"line":55,"column":null}}]},"6":{"loc":{"start":{"line":53,"column":6},"end":{"line":53,"column":63}},"type":"binary-expr","locations":[{"start":{"line":53,"column":6},"end":{"line":53,"column":37}},{"start":{"line":53,"column":41},"end":{"line":53,"column":63}}]},"7":{"loc":{"start":{"line":58,"column":4},"end":{"line":58,"column":73}},"type":"binary-expr","locations":[{"start":{"line":58,"column":4},"end":{"line":58,"column":29}},{"start":{"line":58,"column":33},"end":{"line":58,"column":73}}]},"8":{"loc":{"start":{"line":60,"column":2},"end":{"line":90,"column":null}},"type":"if","locations":[{"start":{"line":60,"column":2},"end":{"line":90,"column":null}},{"start":{"line":64,"column":7},"end":{"line":90,"column":null}}]},"9":{"loc":{"start":{"line":64,"column":7},"end":{"line":90,"column":null}},"type":"if","locations":[{"start":{"line":64,"column":7},"end":{"line":90,"column":null}},{"start":{"line":67,"column":7},"end":{"line":90,"column":null}}]},"10":{"loc":{"start":{"line":64,"column":11},"end":{"line":64,"column":49}},"type":"binary-expr","locations":[{"start":{"line":64,"column":11},"end":{"line":64,"column":29}},{"start":{"line":64,"column":33},"end":{"line":64,"column":49}}]},"11":{"loc":{"start":{"line":67,"column":7},"end":{"line":90,"column":null}},"type":"if","locations":[{"start":{"line":67,"column":7},"end":{"line":90,"column":null}},{"start":{"line":70,"column":7},"end":{"line":90,"column":null}}]},"12":{"loc":{"start":{"line":70,"column":7},"end":{"line":90,"column":null}},"type":"if","locations":[{"start":{"line":70,"column":7},"end":{"line":90,"column":null}},{"start":{"line":75,"column":7},"end":{"line":90,"column":null}}]},"13":{"loc":{"start":{"line":71,"column":21},"end":{"line":71,"column":62}},"type":"binary-expr","locations":[{"start":{"line":71,"column":21},"end":{"line":71,"column":38}},{"start":{"line":71,"column":42},"end":{"line":71,"column":62}}]},"14":{"loc":{"start":{"line":75,"column":7},"end":{"line":90,"column":null}},"type":"if","locations":[{"start":{"line":75,"column":7},"end":{"line":90,"column":null}},{"start":{"line":80,"column":7},"end":{"line":90,"column":null}}]},"15":{"loc":{"start":{"line":76,"column":21},"end":{"line":76,"column":65}},"type":"binary-expr","locations":[{"start":{"line":76,"column":21},"end":{"line":76,"column":38}},{"start":{"line":76,"column":42},"end":{"line":76,"column":65}}]},"16":{"loc":{"start":{"line":80,"column":7},"end":{"line":90,"column":null}},"type":"if","locations":[{"start":{"line":80,"column":7},"end":{"line":90,"column":null}},{"start":{"line":85,"column":7},"end":{"line":90,"column":null}}]},"17":{"loc":{"start":{"line":81,"column":21},"end":{"line":81,"column":59}},"type":"binary-expr","locations":[{"start":{"line":81,"column":21},"end":{"line":81,"column":38}},{"start":{"line":81,"column":42},"end":{"line":81,"column":59}}]},"18":{"loc":{"start":{"line":85,"column":7},"end":{"line":90,"column":null}},"type":"if","locations":[{"start":{"line":85,"column":7},"end":{"line":90,"column":null}},{"start":{"line":88,"column":7},"end":{"line":90,"column":null}}]},"19":{"loc":{"start":{"line":85,"column":11},"end":{"line":85,"column":74}},"type":"binary-expr","locations":[{"start":{"line":85,"column":11},"end":{"line":85,"column":42}},{"start":{"line":85,"column":46},"end":{"line":85,"column":74}}]}},"s":{"0":3,"1":3,"2":3,"3":3,"4":3,"5":3,"6":3,"7":3,"8":3,"9":3,"10":210,"11":3,"12":27,"13":27,"14":27,"15":27,"16":6,"17":21,"18":21,"19":9,"20":12,"21":2,"22":10,"23":1,"24":9,"25":1,"26":1,"27":8,"28":1,"29":1,"30":7,"31":1,"32":1,"33":6,"34":4,"35":2},"f":{"0":42,"1":27},"b":{"0":[21],"1":[63,21],"2":[3,24],"3":[27,3],"4":[27,24],"5":[6],"6":[27,6],"7":[21,21],"8":[9,12],"9":[2,10],"10":[12,11],"11":[1,9],"12":[1,8],"13":[1,1],"14":[1,7],"15":[1,1],"16":[1,6],"17":[1,1],"18":[4,2],"19":[6,4]}}
}
